[2021/05/12 02:50:59.243] - Starting server with initial configuration: {"gasLimit":6721975,"gasPrice":20000000000,"hardfork":"petersburg","hostname":"127.0.0.1","port":7545,"network_id":5777,"default_balance_ether":100,"total_accounts":10,"unlocked_accounts":[],"locked":false,"vmErrorsOnRPCResponse":true,"verbose":true,"db_path":"C:\\Users\\henk\\AppData\\Roaming\\Ganache\\workspaces\\crowded-tree\\chaindata","logDirectory":"C:\\Users\\henk\\Documents\\GitHub\\starter_kit\\lopgs"}
[2021/05/12 02:50:59.360] - eth_subscribe
[2021/05/12 02:50:59.361] -    > {
   >   "jsonrpc": "2.0",
   >   "id": 65,
   >   "method": "eth_subscribe",
   >   "params": [
   >     "newHeads"
   >   ]
   > }
[2021/05/12 02:50:59.363] - eth_getLogs
[2021/05/12 02:50:59.364] -    > {
   >   "jsonrpc": "2.0",
   >   "id": 66,
   >   "method": "eth_getLogs",
   >   "params": [
   >     {
   >       "topics": []
   >     }
   >   ]
   > }
[2021/05/12 02:50:59.365] - eth_blockNumber
[2021/05/12 02:50:59.367] -    > {
   >   "id": 1,
   >   "jsonrpc": "2.0",
   >   "method": "eth_blockNumber",
   >   "params": []
   > }
[2021/05/12 02:50:59.368] - eth_subscribe
[2021/05/12 02:50:59.369] -    > {
   >   "jsonrpc": "2.0",
   >   "id": 67,
   >   "method": "eth_subscribe",
   >   "params": [
   >     "logs",
   >     {
   >       "topics": []
   >     }
   >   ]
   > }
[2021/05/12 02:50:59.370] -  <   {
 <     "id": 65,
 <     "jsonrpc": "2.0",
 <     "result": "0x1"
 <   }
[2021/05/12 02:50:59.385] -  <   {
 <     "id": 66,
 <     "jsonrpc": "2.0",
 <     "result": []
 <   }
[2021/05/12 02:50:59.397] -  <   {
 <     "id": 1,
 <     "jsonrpc": "2.0",
 <     "result": "0x0"
 <   }
[2021/05/12 02:50:59.402] -  <   {
 <     "id": 67,
 <     "jsonrpc": "2.0",
 <     "result": "0x2"
 <   }
[2021/05/12 02:50:59.421] - eth_subscribe
[2021/05/12 02:50:59.422] -    > {
   >   "jsonrpc": "2.0",
   >   "id": 68,
   >   "method": "eth_subscribe",
   >   "params": [
   >     "newHeads"
   >   ]
   > }
[2021/05/12 02:50:59.424] - eth_getLogs
[2021/05/12 02:50:59.425] -    > {
   >   "jsonrpc": "2.0",
   >   "id": 69,
   >   "method": "eth_getLogs",
   >   "params": [
   >     {
   >       "topics": []
   >     }
   >   ]
   > }
[2021/05/12 02:50:59.427] - eth_subscribe
[2021/05/12 02:50:59.428] -    > {
   >   "jsonrpc": "2.0",
   >   "id": 70,
   >   "method": "eth_subscribe",
   >   "params": [
   >     "logs",
   >     {
   >       "topics": []
   >     }
   >   ]
   > }
[2021/05/12 02:50:59.430] -  <   {
 <     "id": 68,
 <     "jsonrpc": "2.0",
 <     "result": "0x3"
 <   }
[2021/05/12 02:50:59.437] -  <   {
 <     "id": 69,
 <     "jsonrpc": "2.0",
 <     "result": []
 <   }
[2021/05/12 02:50:59.444] -  <   {
 <     "id": 70,
 <     "jsonrpc": "2.0",
 <     "result": "0x4"
 <   }
[2021/05/12 02:50:59.490] - eth_blockNumber
[2021/05/12 02:50:59.492] -    > {
   >   "jsonrpc": "2.0",
   >   "id": 686,
   >   "method": "eth_blockNumber",
   >   "params": [],
   >   "internal": true
   > }
[2021/05/12 02:50:59.493] - eth_accounts
[2021/05/12 02:50:59.495] -    > {
   >   "jsonrpc": "2.0",
   >   "id": 687,
   >   "method": "eth_accounts",
   >   "params": [],
   >   "internal": true
   > }
[2021/05/12 02:50:59.497] - eth_blockNumber
[2021/05/12 02:50:59.499] -    > {
   >   "jsonrpc": "2.0",
   >   "id": 691,
   >   "method": "eth_blockNumber",
   >   "params": [],
   >   "internal": true
   > }
[2021/05/12 02:50:59.500] - eth_gasPrice
[2021/05/12 02:50:59.501] -    > {
   >   "jsonrpc": "2.0",
   >   "id": 688,
   >   "method": "eth_gasPrice",
   >   "params": [],
   >   "internal": true
   > }
[2021/05/12 02:50:59.502] - eth_accounts
[2021/05/12 02:50:59.503] -    > {
   >   "jsonrpc": "2.0",
   >   "id": 692,
   >   "method": "eth_accounts",
   >   "params": [],
   >   "internal": true
   > }
[2021/05/12 02:50:59.504] -  <   {
 <     "id": 686,
 <     "jsonrpc": "2.0",
 <     "result": "0x0"
 <   }
[2021/05/12 02:50:59.506] - eth_getBlockByNumber
[2021/05/12 02:50:59.507] -    > {
   >   "jsonrpc": "2.0",
   >   "id": 689,
   >   "method": "eth_getBlockByNumber",
   >   "params": [
   >     "latest",
   >     false
   >   ],
   >   "internal": true
   > }
[2021/05/12 02:50:59.508] - eth_gasPrice
[2021/05/12 02:50:59.509] -    > {
   >   "jsonrpc": "2.0",
   >   "id": 693,
   >   "method": "eth_gasPrice",
   >   "params": [],
   >   "internal": true
   > }
[2021/05/12 02:50:59.510] -  <   {
 <     "id": 687,
 <     "jsonrpc": "2.0",
 <     "result": [
 <       "0xb9200d6617cbd67f9c021f50427d838ba2c40ce4",
 <       "0x04cba1af534441075e48eb94b5646f96cdfe1dfb",
 <       "0xec903a02252003853f4046a985933d9bf4bbfff8",
 <       "0x4c3da660c886c6612d511279c1e73bb813f4b830",
 <       "0xe5df565e63693ff10981abd293f79c12f0e205c6",
 <       "0xf2f0608e90e9837a4a0b0a27f000800b770efa0d",
 <       "0xef7658894ef59964749fffd11c34ac6058f0adb2",
 <       "0xaa464685d24e4c35b2ee65b477064177e58ec0a1",
 <       "0x8e0100798ccf2e0fc062d5a44c7336bfcea954e5",
 <       "0x922b80a2dd005edcc1797cb69eefeaafdbcc0f04"
 <     ]
 <   }
[2021/05/12 02:50:59.512] - eth_subscribe
[2021/05/12 02:50:59.513] -    > {
   >   "jsonrpc": "2.0",
   >   "id": 690,
   >   "method": "eth_subscribe",
   >   "params": [
   >     "newHeads"
   >   ],
   >   "internal": true
   > }
[2021/05/12 02:50:59.514] - eth_getBlockByNumber
[2021/05/12 02:50:59.515] -    > {
   >   "jsonrpc": "2.0",
   >   "id": 694,
   >   "method": "eth_getBlockByNumber",
   >   "params": [
   >     "latest",
   >     false
   >   ],
   >   "internal": true
   > }
[2021/05/12 02:50:59.517] -  <   {
 <     "id": 691,
 <     "jsonrpc": "2.0",
 <     "result": "0x0"
 <   }
[2021/05/12 02:50:59.518] - eth_subscribe
[2021/05/12 02:50:59.520] -    > {
   >   "jsonrpc": "2.0",
   >   "id": 695,
   >   "method": "eth_subscribe",
   >   "params": [
   >     "newHeads"
   >   ],
   >   "internal": true
   > }
[2021/05/12 02:50:59.521] -  <   {
 <     "id": 688,
 <     "jsonrpc": "2.0",
 <     "result": "0x4a817c800"
 <   }
[2021/05/12 02:50:59.522] - eth_accounts
[2021/05/12 02:50:59.523] -    > {
   >   "jsonrpc": "2.0",
   >   "id": 696,
   >   "method": "eth_accounts",
   >   "params": [],
   >   "internal": true
   > }
[2021/05/12 02:50:59.525] -  <   {
 <     "id": 692,
 <     "jsonrpc": "2.0",
 <     "result": [
 <       "0xb9200d6617cbd67f9c021f50427d838ba2c40ce4",
 <       "0x04cba1af534441075e48eb94b5646f96cdfe1dfb",
 <       "0xec903a02252003853f4046a985933d9bf4bbfff8",
 <       "0x4c3da660c886c6612d511279c1e73bb813f4b830",
 <       "0xe5df565e63693ff10981abd293f79c12f0e205c6",
 <       "0xf2f0608e90e9837a4a0b0a27f000800b770efa0d",
 <       "0xef7658894ef59964749fffd11c34ac6058f0adb2",
 <       "0xaa464685d24e4c35b2ee65b477064177e58ec0a1",
 <       "0x8e0100798ccf2e0fc062d5a44c7336bfcea954e5",
 <       "0x922b80a2dd005edcc1797cb69eefeaafdbcc0f04"
 <     ]
 <   }
[2021/05/12 02:50:59.530] -  <   {
 <     "id": 689,
 <     "jsonrpc": "2.0",
 <     "result": {
 <       "number": "0x0",
 <       "hash": "0xd086d15525727f142f50663740be0ea39f7e404aee6881a682c5c515aef23f5e",
 <       "parentHash": "0x0000000000000000000000000000000000000000000000000000000000000000",
 <       "mixHash": "0x0000000000000000000000000000000000000000000000000000000000000000",
 <       "nonce": "0x0000000000000000",
 <       "sha3Uncles": "0x1dcc4de8dec75d7aab85b567b6ccd41ad312451b948a7413f0a142fd40d49347",
 <       "logsBloom": "0x00000000000000000000000000000000000000000000000000000000000000000000000000000000000000000000000000000000000000000000000000000000000000000000000000000000000000000000000000000000000000000000000000000000000000000000000000000000000000000000000000000000000000000000000000000000000000000000000000000000000000000000000000000000000000000000000000000000000000000000000000000000000000000000000000000000000000000000000000000000000000000000000000000000000000000000000000000000000000000000000000000000000000000000000000000000",
 <       "transactionsRoot": "0x56e81f171bcc55a6ff8345e692c0f86e5b48e01b996cadc001622fb5e363b421",
 <       "stateRoot": "0x80b028931c8965d9166eff7bde634d73da93afffd65cff8faba50f693fe2a019",
 <       "receiptsRoot": "0x56e81f171bcc55a6ff8345e692c0f86e5b48e01b996cadc001622fb5e363b421",
 <       "miner": "0x0000000000000000000000000000000000000000",
 <       "difficulty": "0x0",
 <       "totalDifficulty": "0x0",
 <       "extraData": "0x",
 <       "size": "0x3e8",
 <       "gasLimit": "0x6691b7",
 <       "gasUsed": "0x0",
 <       "timestamp": "0x609b25ef",
 <       "transactions": [],
 <       "uncles": []
 <     }
 <   }
[2021/05/12 02:50:59.545] -  <   {
 <     "id": 693,
 <     "jsonrpc": "2.0",
 <     "result": "0x4a817c800"
 <   }
[2021/05/12 02:50:59.547] -  <   {
 <     "id": 690,
 <     "jsonrpc": "2.0",
 <     "result": "0x5"
 <   }
[2021/05/12 02:50:59.548] - eth_getBalance
[2021/05/12 02:50:59.549] -    > {
   >   "jsonrpc": "2.0",
   >   "id": 697,
   >   "method": "eth_getBalance",
   >   "params": [
   >     "0xb9200d6617cbd67f9c021f50427d838ba2c40ce4",
   >     "latest"
   >   ],
   >   "internal": true
   > }
[2021/05/12 02:50:59.555] -  <   {
 <     "id": 694,
 <     "jsonrpc": "2.0",
 <     "result": {
 <       "number": "0x0",
 <       "hash": "0xd086d15525727f142f50663740be0ea39f7e404aee6881a682c5c515aef23f5e",
 <       "parentHash": "0x0000000000000000000000000000000000000000000000000000000000000000",
 <       "mixHash": "0x0000000000000000000000000000000000000000000000000000000000000000",
 <       "nonce": "0x0000000000000000",
 <       "sha3Uncles": "0x1dcc4de8dec75d7aab85b567b6ccd41ad312451b948a7413f0a142fd40d49347",
 <       "logsBloom": "0x00000000000000000000000000000000000000000000000000000000000000000000000000000000000000000000000000000000000000000000000000000000000000000000000000000000000000000000000000000000000000000000000000000000000000000000000000000000000000000000000000000000000000000000000000000000000000000000000000000000000000000000000000000000000000000000000000000000000000000000000000000000000000000000000000000000000000000000000000000000000000000000000000000000000000000000000000000000000000000000000000000000000000000000000000000000",
 <       "transactionsRoot": "0x56e81f171bcc55a6ff8345e692c0f86e5b48e01b996cadc001622fb5e363b421",
 <       "stateRoot": "0x80b028931c8965d9166eff7bde634d73da93afffd65cff8faba50f693fe2a019",
 <       "receiptsRoot": "0x56e81f171bcc55a6ff8345e692c0f86e5b48e01b996cadc001622fb5e363b421",
 <       "miner": "0x0000000000000000000000000000000000000000",
 <       "difficulty": "0x0",
 <       "totalDifficulty": "0x0",
 <       "extraData": "0x",
 <       "size": "0x3e8",
 <       "gasLimit": "0x6691b7",
 <       "gasUsed": "0x0",
 <       "timestamp": "0x609b25ef",
 <       "transactions": [],
 <       "uncles": []
 <     }
 <   }
[2021/05/12 02:50:59.557] - eth_getTransactionCount
[2021/05/12 02:50:59.558] -    > {
   >   "jsonrpc": "2.0",
   >   "id": 698,
   >   "method": "eth_getTransactionCount",
   >   "params": [
   >     "0xb9200d6617cbd67f9c021f50427d838ba2c40ce4",
   >     "latest"
   >   ],
   >   "internal": true
   > }
[2021/05/12 02:50:59.560] -  <   {
 <     "id": 695,
 <     "jsonrpc": "2.0",
 <     "result": "0x6"
 <   }
[2021/05/12 02:50:59.562] - eth_getBalance
[2021/05/12 02:50:59.563] -    > {
   >   "jsonrpc": "2.0",
   >   "id": 699,
   >   "method": "eth_getBalance",
   >   "params": [
   >     "0x04cba1af534441075e48eb94b5646f96cdfe1dfb",
   >     "latest"
   >   ],
   >   "internal": true
   > }
[2021/05/12 02:50:59.568] -  <   {
 <     "id": 696,
 <     "jsonrpc": "2.0",
 <     "result": [
 <       "0xb9200d6617cbd67f9c021f50427d838ba2c40ce4",
 <       "0x04cba1af534441075e48eb94b5646f96cdfe1dfb",
 <       "0xec903a02252003853f4046a985933d9bf4bbfff8",
 <       "0x4c3da660c886c6612d511279c1e73bb813f4b830",
 <       "0xe5df565e63693ff10981abd293f79c12f0e205c6",
 <       "0xf2f0608e90e9837a4a0b0a27f000800b770efa0d",
 <       "0xef7658894ef59964749fffd11c34ac6058f0adb2",
 <       "0xaa464685d24e4c35b2ee65b477064177e58ec0a1",
 <       "0x8e0100798ccf2e0fc062d5a44c7336bfcea954e5",
 <       "0x922b80a2dd005edcc1797cb69eefeaafdbcc0f04"
 <     ]
 <   }
[2021/05/12 02:50:59.569] - eth_getTransactionCount
[2021/05/12 02:50:59.570] -    > {
   >   "jsonrpc": "2.0",
   >   "id": 700,
   >   "method": "eth_getTransactionCount",
   >   "params": [
   >     "0x04cba1af534441075e48eb94b5646f96cdfe1dfb",
   >     "latest"
   >   ],
   >   "internal": true
   > }
[2021/05/12 02:50:59.574] - eth_getBalance
[2021/05/12 02:50:59.576] -    > {
   >   "jsonrpc": "2.0",
   >   "id": 701,
   >   "method": "eth_getBalance",
   >   "params": [
   >     "0xec903a02252003853f4046a985933d9bf4bbfff8",
   >     "latest"
   >   ],
   >   "internal": true
   > }
[2021/05/12 02:50:59.578] -  <   {
 <     "id": 697,
 <     "jsonrpc": "2.0",
 <     "result": "0x56bc75e2d63100000"
 <   }
[2021/05/12 02:50:59.579] - eth_getTransactionCount
[2021/05/12 02:50:59.580] -    > {
   >   "jsonrpc": "2.0",
   >   "id": 702,
   >   "method": "eth_getTransactionCount",
   >   "params": [
   >     "0xec903a02252003853f4046a985933d9bf4bbfff8",
   >     "latest"
   >   ],
   >   "internal": true
   > }
[2021/05/12 02:50:59.582] -  <   {
 <     "id": 698,
 <     "jsonrpc": "2.0",
 <     "result": "0x0"
 <   }
[2021/05/12 02:50:59.583] - eth_getBalance
[2021/05/12 02:50:59.584] -    > {
   >   "jsonrpc": "2.0",
   >   "id": 703,
   >   "method": "eth_getBalance",
   >   "params": [
   >     "0x4c3da660c886c6612d511279c1e73bb813f4b830",
   >     "latest"
   >   ],
   >   "internal": true
   > }
[2021/05/12 02:50:59.587] -  <   {
 <     "id": 699,
 <     "jsonrpc": "2.0",
 <     "result": "0x56bc75e2d63100000"
 <   }
[2021/05/12 02:50:59.589] - eth_getTransactionCount
[2021/05/12 02:50:59.590] -    > {
   >   "jsonrpc": "2.0",
   >   "id": 704,
   >   "method": "eth_getTransactionCount",
   >   "params": [
   >     "0x4c3da660c886c6612d511279c1e73bb813f4b830",
   >     "latest"
   >   ],
   >   "internal": true
   > }
[2021/05/12 02:50:59.593] -  <   {
 <     "id": 700,
 <     "jsonrpc": "2.0",
 <     "result": "0x0"
 <   }
[2021/05/12 02:50:59.595] - eth_getBalance
[2021/05/12 02:50:59.596] -    > {
   >   "jsonrpc": "2.0",
   >   "id": 705,
   >   "method": "eth_getBalance",
   >   "params": [
   >     "0xe5df565e63693ff10981abd293f79c12f0e205c6",
   >     "latest"
   >   ],
   >   "internal": true
   > }
[2021/05/12 02:50:59.599] - eth_getTransactionCount
[2021/05/12 02:50:59.600] -    > {
   >   "jsonrpc": "2.0",
   >   "id": 706,
   >   "method": "eth_getTransactionCount",
   >   "params": [
   >     "0xe5df565e63693ff10981abd293f79c12f0e205c6",
   >     "latest"
   >   ],
   >   "internal": true
   > }
[2021/05/12 02:50:59.603] -  <   {
 <     "id": 701,
 <     "jsonrpc": "2.0",
 <     "result": "0x56bc75e2d63100000"
 <   }
[2021/05/12 02:50:59.605] - eth_getBalance
[2021/05/12 02:50:59.606] -    > {
   >   "jsonrpc": "2.0",
   >   "id": 707,
   >   "method": "eth_getBalance",
   >   "params": [
   >     "0xf2f0608e90e9837a4a0b0a27f000800b770efa0d",
   >     "latest"
   >   ],
   >   "internal": true
   > }
[2021/05/12 02:50:59.609] -  <   {
 <     "id": 702,
 <     "jsonrpc": "2.0",
 <     "result": "0x0"
 <   }
[2021/05/12 02:50:59.610] - eth_getTransactionCount
[2021/05/12 02:50:59.611] -    > {
   >   "jsonrpc": "2.0",
   >   "id": 708,
   >   "method": "eth_getTransactionCount",
   >   "params": [
   >     "0xf2f0608e90e9837a4a0b0a27f000800b770efa0d",
   >     "latest"
   >   ],
   >   "internal": true
   > }
[2021/05/12 02:50:59.614] - eth_getBalance
[2021/05/12 02:50:59.615] -    > {
   >   "jsonrpc": "2.0",
   >   "id": 709,
   >   "method": "eth_getBalance",
   >   "params": [
   >     "0xef7658894ef59964749fffd11c34ac6058f0adb2",
   >     "latest"
   >   ],
   >   "internal": true
   > }
[2021/05/12 02:50:59.617] -  <   {
 <     "id": 703,
 <     "jsonrpc": "2.0",
 <     "result": "0x56bc75e2d63100000"
 <   }
[2021/05/12 02:50:59.620] - eth_getTransactionCount
[2021/05/12 02:50:59.621] -    > {
   >   "jsonrpc": "2.0",
   >   "id": 710,
   >   "method": "eth_getTransactionCount",
   >   "params": [
   >     "0xef7658894ef59964749fffd11c34ac6058f0adb2",
   >     "latest"
   >   ],
   >   "internal": true
   > }
[2021/05/12 02:50:59.624] -  <   {
 <     "id": 704,
 <     "jsonrpc": "2.0",
 <     "result": "0x0"
 <   }
[2021/05/12 02:50:59.625] - eth_getBalance
[2021/05/12 02:50:59.626] -    > {
   >   "jsonrpc": "2.0",
   >   "id": 711,
   >   "method": "eth_getBalance",
   >   "params": [
   >     "0xaa464685d24e4c35b2ee65b477064177e58ec0a1",
   >     "latest"
   >   ],
   >   "internal": true
   > }
[2021/05/12 02:50:59.629] -  <   {
 <     "id": 705,
 <     "jsonrpc": "2.0",
 <     "result": "0x56bc75e2d63100000"
 <   }
[2021/05/12 02:50:59.630] - eth_getTransactionCount
[2021/05/12 02:50:59.631] -    > {
   >   "jsonrpc": "2.0",
   >   "id": 712,
   >   "method": "eth_getTransactionCount",
   >   "params": [
   >     "0xaa464685d24e4c35b2ee65b477064177e58ec0a1",
   >     "latest"
   >   ],
   >   "internal": true
   > }
[2021/05/12 02:50:59.634] -  <   {
 <     "id": 706,
 <     "jsonrpc": "2.0",
 <     "result": "0x0"
 <   }
[2021/05/12 02:50:59.635] - eth_getBalance
[2021/05/12 02:50:59.636] -    > {
   >   "jsonrpc": "2.0",
   >   "id": 713,
   >   "method": "eth_getBalance",
   >   "params": [
   >     "0x8e0100798ccf2e0fc062d5a44c7336bfcea954e5",
   >     "latest"
   >   ],
   >   "internal": true
   > }
[2021/05/12 02:50:59.639] - eth_getTransactionCount
[2021/05/12 02:50:59.640] -    > {
   >   "jsonrpc": "2.0",
   >   "id": 714,
   >   "method": "eth_getTransactionCount",
   >   "params": [
   >     "0x8e0100798ccf2e0fc062d5a44c7336bfcea954e5",
   >     "latest"
   >   ],
   >   "internal": true
   > }
[2021/05/12 02:50:59.645] -  <   {
 <     "id": 707,
 <     "jsonrpc": "2.0",
 <     "result": "0x56bc75e2d63100000"
 <   }
[2021/05/12 02:50:59.659] -  <   {
 <     "id": 708,
 <     "jsonrpc": "2.0",
 <     "result": "0x0"
 <   }
[2021/05/12 02:50:59.661] - eth_getBalance
[2021/05/12 02:50:59.662] -    > {
   >   "jsonrpc": "2.0",
   >   "id": 715,
   >   "method": "eth_getBalance",
   >   "params": [
   >     "0x922b80a2dd005edcc1797cb69eefeaafdbcc0f04",
   >     "latest"
   >   ],
   >   "internal": true
   > }
[2021/05/12 02:50:59.663] - eth_getTransactionCount
[2021/05/12 02:50:59.665] -    > {
   >   "jsonrpc": "2.0",
   >   "id": 716,
   >   "method": "eth_getTransactionCount",
   >   "params": [
   >     "0x922b80a2dd005edcc1797cb69eefeaafdbcc0f04",
   >     "latest"
   >   ],
   >   "internal": true
   > }
[2021/05/12 02:50:59.669] -  <   {
 <     "id": 709,
 <     "jsonrpc": "2.0",
 <     "result": "0x56bc75e2d63100000"
 <   }
[2021/05/12 02:50:59.684] -  <   {
 <     "id": 710,
 <     "jsonrpc": "2.0",
 <     "result": "0x0"
 <   }
[2021/05/12 02:50:59.700] -  <   {
 <     "id": 711,
 <     "jsonrpc": "2.0",
 <     "result": "0x56bc75e2d63100000"
 <   }
[2021/05/12 02:50:59.716] -  <   {
 <     "id": 712,
 <     "jsonrpc": "2.0",
 <     "result": "0x0"
 <   }
[2021/05/12 02:50:59.731] -  <   {
 <     "id": 713,
 <     "jsonrpc": "2.0",
 <     "result": "0x56bc75e2d63100000"
 <   }
[2021/05/12 02:50:59.735] -  <   {
 <     "id": 714,
 <     "jsonrpc": "2.0",
 <     "result": "0x0"
 <   }
[2021/05/12 02:50:59.736] - eth_getBalance
[2021/05/12 02:50:59.737] -    > {
   >   "jsonrpc": "2.0",
   >   "id": 718,
   >   "method": "eth_getBalance",
   >   "params": [
   >     "0xb9200d6617cbd67f9c021f50427d838ba2c40ce4",
   >     "latest"
   >   ],
   >   "internal": true
   > }
[2021/05/12 02:50:59.739] - eth_getTransactionCount
[2021/05/12 02:50:59.740] -    > {
   >   "jsonrpc": "2.0",
   >   "id": 719,
   >   "method": "eth_getTransactionCount",
   >   "params": [
   >     "0xb9200d6617cbd67f9c021f50427d838ba2c40ce4",
   >     "latest"
   >   ],
   >   "internal": true
   > }
[2021/05/12 02:50:59.743] - eth_getBalance
[2021/05/12 02:50:59.744] -    > {
   >   "jsonrpc": "2.0",
   >   "id": 720,
   >   "method": "eth_getBalance",
   >   "params": [
   >     "0x04cba1af534441075e48eb94b5646f96cdfe1dfb",
   >     "latest"
   >   ],
   >   "internal": true
   > }
[2021/05/12 02:50:59.746] -  <   {
 <     "id": 715,
 <     "jsonrpc": "2.0",
 <     "result": "0x56bc75e2d63100000"
 <   }
[2021/05/12 02:50:59.747] - eth_getTransactionCount
[2021/05/12 02:50:59.748] -    > {
   >   "jsonrpc": "2.0",
   >   "id": 721,
   >   "method": "eth_getTransactionCount",
   >   "params": [
   >     "0x04cba1af534441075e48eb94b5646f96cdfe1dfb",
   >     "latest"
   >   ],
   >   "internal": true
   > }
[2021/05/12 02:50:59.751] -  <   {
 <     "id": 716,
 <     "jsonrpc": "2.0",
 <     "result": "0x0"
 <   }
[2021/05/12 02:50:59.752] - eth_getBalance
[2021/05/12 02:50:59.754] -    > {
   >   "jsonrpc": "2.0",
   >   "id": 722,
   >   "method": "eth_getBalance",
   >   "params": [
   >     "0xec903a02252003853f4046a985933d9bf4bbfff8",
   >     "latest"
   >   ],
   >   "internal": true
   > }
[2021/05/12 02:50:59.757] -  <   {
 <     "id": 718,
 <     "jsonrpc": "2.0",
 <     "result": "0x56bc75e2d63100000"
 <   }
[2021/05/12 02:50:59.760] - eth_getTransactionCount
[2021/05/12 02:50:59.761] -    > {
   >   "jsonrpc": "2.0",
   >   "id": 723,
   >   "method": "eth_getTransactionCount",
   >   "params": [
   >     "0xec903a02252003853f4046a985933d9bf4bbfff8",
   >     "latest"
   >   ],
   >   "internal": true
   > }
[2021/05/12 02:50:59.764] -  <   {
 <     "id": 719,
 <     "jsonrpc": "2.0",
 <     "result": "0x0"
 <   }
[2021/05/12 02:50:59.765] - eth_getBalance
[2021/05/12 02:50:59.766] -    > {
   >   "jsonrpc": "2.0",
   >   "id": 724,
   >   "method": "eth_getBalance",
   >   "params": [
   >     "0x4c3da660c886c6612d511279c1e73bb813f4b830",
   >     "latest"
   >   ],
   >   "internal": true
   > }
[2021/05/12 02:50:59.769] -  <   {
 <     "id": 720,
 <     "jsonrpc": "2.0",
 <     "result": "0x56bc75e2d63100000"
 <   }
[2021/05/12 02:50:59.771] - eth_getTransactionCount
[2021/05/12 02:50:59.772] -    > {
   >   "jsonrpc": "2.0",
   >   "id": 725,
   >   "method": "eth_getTransactionCount",
   >   "params": [
   >     "0x4c3da660c886c6612d511279c1e73bb813f4b830",
   >     "latest"
   >   ],
   >   "internal": true
   > }
[2021/05/12 02:50:59.777] -  <   {
 <     "id": 721,
 <     "jsonrpc": "2.0",
 <     "result": "0x0"
 <   }
[2021/05/12 02:50:59.781] -  <   {
 <     "id": 722,
 <     "jsonrpc": "2.0",
 <     "result": "0x56bc75e2d63100000"
 <   }
[2021/05/12 02:50:59.782] - eth_getBalance
[2021/05/12 02:50:59.783] -    > {
   >   "jsonrpc": "2.0",
   >   "id": 726,
   >   "method": "eth_getBalance",
   >   "params": [
   >     "0xe5df565e63693ff10981abd293f79c12f0e205c6",
   >     "latest"
   >   ],
   >   "internal": true
   > }
[2021/05/12 02:50:59.784] - eth_getTransactionCount
[2021/05/12 02:50:59.785] -    > {
   >   "jsonrpc": "2.0",
   >   "id": 727,
   >   "method": "eth_getTransactionCount",
   >   "params": [
   >     "0xe5df565e63693ff10981abd293f79c12f0e205c6",
   >     "latest"
   >   ],
   >   "internal": true
   > }
[2021/05/12 02:50:59.788] -  <   {
 <     "id": 723,
 <     "jsonrpc": "2.0",
 <     "result": "0x0"
 <   }
[2021/05/12 02:50:59.789] - eth_getBalance
[2021/05/12 02:50:59.791] -    > {
   >   "jsonrpc": "2.0",
   >   "id": 728,
   >   "method": "eth_getBalance",
   >   "params": [
   >     "0xf2f0608e90e9837a4a0b0a27f000800b770efa0d",
   >     "latest"
   >   ],
   >   "internal": true
   > }
[2021/05/12 02:50:59.793] -  <   {
 <     "id": 724,
 <     "jsonrpc": "2.0",
 <     "result": "0x56bc75e2d63100000"
 <   }
[2021/05/12 02:50:59.795] - eth_getTransactionCount
[2021/05/12 02:50:59.796] -    > {
   >   "jsonrpc": "2.0",
   >   "id": 729,
   >   "method": "eth_getTransactionCount",
   >   "params": [
   >     "0xf2f0608e90e9837a4a0b0a27f000800b770efa0d",
   >     "latest"
   >   ],
   >   "internal": true
   > }
[2021/05/12 02:50:59.797] - eth_getBalance
[2021/05/12 02:50:59.798] -    > {
   >   "jsonrpc": "2.0",
   >   "id": 730,
   >   "method": "eth_getBalance",
   >   "params": [
   >     "0xef7658894ef59964749fffd11c34ac6058f0adb2",
   >     "latest"
   >   ],
   >   "internal": true
   > }
[2021/05/12 02:50:59.801] -  <   {
 <     "id": 725,
 <     "jsonrpc": "2.0",
 <     "result": "0x0"
 <   }
[2021/05/12 02:50:59.808] -  <   {
 <     "id": 726,
 <     "jsonrpc": "2.0",
 <     "result": "0x56bc75e2d63100000"
 <   }
[2021/05/12 02:50:59.809] - eth_getTransactionCount
[2021/05/12 02:50:59.810] -    > {
   >   "jsonrpc": "2.0",
   >   "id": 731,
   >   "method": "eth_getTransactionCount",
   >   "params": [
   >     "0xef7658894ef59964749fffd11c34ac6058f0adb2",
   >     "latest"
   >   ],
   >   "internal": true
   > }
[2021/05/12 02:50:59.813] -  <   {
 <     "id": 727,
 <     "jsonrpc": "2.0",
 <     "result": "0x0"
 <   }
[2021/05/12 02:50:59.815] - eth_getBalance
[2021/05/12 02:50:59.816] -    > {
   >   "jsonrpc": "2.0",
   >   "id": 732,
   >   "method": "eth_getBalance",
   >   "params": [
   >     "0xaa464685d24e4c35b2ee65b477064177e58ec0a1",
   >     "latest"
   >   ],
   >   "internal": true
   > }
[2021/05/12 02:50:59.818] -  <   {
 <     "id": 728,
 <     "jsonrpc": "2.0",
 <     "result": "0x56bc75e2d63100000"
 <   }
[2021/05/12 02:50:59.820] - eth_getTransactionCount
[2021/05/12 02:50:59.821] -    > {
   >   "jsonrpc": "2.0",
   >   "id": 733,
   >   "method": "eth_getTransactionCount",
   >   "params": [
   >     "0xaa464685d24e4c35b2ee65b477064177e58ec0a1",
   >     "latest"
   >   ],
   >   "internal": true
   > }
[2021/05/12 02:50:59.823] -  <   {
 <     "id": 729,
 <     "jsonrpc": "2.0",
 <     "result": "0x0"
 <   }
[2021/05/12 02:50:59.825] - eth_getBalance
[2021/05/12 02:50:59.826] -    > {
   >   "jsonrpc": "2.0",
   >   "id": 734,
   >   "method": "eth_getBalance",
   >   "params": [
   >     "0x8e0100798ccf2e0fc062d5a44c7336bfcea954e5",
   >     "latest"
   >   ],
   >   "internal": true
   > }
[2021/05/12 02:50:59.830] -  <   {
 <     "id": 730,
 <     "jsonrpc": "2.0",
 <     "result": "0x56bc75e2d63100000"
 <   }
[2021/05/12 02:50:59.831] - eth_getTransactionCount
[2021/05/12 02:50:59.832] -    > {
   >   "jsonrpc": "2.0",
   >   "id": 735,
   >   "method": "eth_getTransactionCount",
   >   "params": [
   >     "0x8e0100798ccf2e0fc062d5a44c7336bfcea954e5",
   >     "latest"
   >   ],
   >   "internal": true
   > }
[2021/05/12 02:50:59.835] -  <   {
 <     "id": 731,
 <     "jsonrpc": "2.0",
 <     "result": "0x0"
 <   }
[2021/05/12 02:50:59.837] - eth_getBalance
[2021/05/12 02:50:59.838] -    > {
   >   "jsonrpc": "2.0",
   >   "id": 736,
   >   "method": "eth_getBalance",
   >   "params": [
   >     "0x922b80a2dd005edcc1797cb69eefeaafdbcc0f04",
   >     "latest"
   >   ],
   >   "internal": true
   > }
[2021/05/12 02:50:59.841] -  <   {
 <     "id": 732,
 <     "jsonrpc": "2.0",
 <     "result": "0x56bc75e2d63100000"
 <   }
[2021/05/12 02:50:59.842] - eth_getTransactionCount
[2021/05/12 02:50:59.843] -    > {
   >   "jsonrpc": "2.0",
   >   "id": 737,
   >   "method": "eth_getTransactionCount",
   >   "params": [
   >     "0x922b80a2dd005edcc1797cb69eefeaafdbcc0f04",
   >     "latest"
   >   ],
   >   "internal": true
   > }
[2021/05/12 02:50:59.846] -  <   {
 <     "id": 733,
 <     "jsonrpc": "2.0",
 <     "result": "0x0"
 <   }
[2021/05/12 02:50:59.848] - eth_getBalance
[2021/05/12 02:50:59.849] -    > {
   >   "jsonrpc": "2.0",
   >   "id": 738,
   >   "method": "eth_getBalance",
   >   "params": [
   >     "0xb9200d6617cbd67f9c021f50427d838ba2c40ce4",
   >     "latest"
   >   ],
   >   "internal": true
   > }
[2021/05/12 02:50:59.852] -  <   {
 <     "id": 734,
 <     "jsonrpc": "2.0",
 <     "result": "0x56bc75e2d63100000"
 <   }
[2021/05/12 02:50:59.853] - eth_getTransactionCount
[2021/05/12 02:50:59.854] -    > {
   >   "jsonrpc": "2.0",
   >   "id": 739,
   >   "method": "eth_getTransactionCount",
   >   "params": [
   >     "0xb9200d6617cbd67f9c021f50427d838ba2c40ce4",
   >     "latest"
   >   ],
   >   "internal": true
   > }
[2021/05/12 02:50:59.857] -  <   {
 <     "id": 735,
 <     "jsonrpc": "2.0",
 <     "result": "0x0"
 <   }
[2021/05/12 02:50:59.859] - eth_getBalance
[2021/05/12 02:50:59.860] -    > {
   >   "jsonrpc": "2.0",
   >   "id": 740,
   >   "method": "eth_getBalance",
   >   "params": [
   >     "0x04cba1af534441075e48eb94b5646f96cdfe1dfb",
   >     "latest"
   >   ],
   >   "internal": true
   > }
[2021/05/12 02:50:59.863] -  <   {
 <     "id": 736,
 <     "jsonrpc": "2.0",
 <     "result": "0x56bc75e2d63100000"
 <   }
[2021/05/12 02:50:59.864] - eth_getTransactionCount
[2021/05/12 02:50:59.865] -    > {
   >   "jsonrpc": "2.0",
   >   "id": 741,
   >   "method": "eth_getTransactionCount",
   >   "params": [
   >     "0x04cba1af534441075e48eb94b5646f96cdfe1dfb",
   >     "latest"
   >   ],
   >   "internal": true
   > }
[2021/05/12 02:50:59.868] -  <   {
 <     "id": 737,
 <     "jsonrpc": "2.0",
 <     "result": "0x0"
 <   }
[2021/05/12 02:50:59.870] - eth_getBalance
[2021/05/12 02:50:59.871] -    > {
   >   "jsonrpc": "2.0",
   >   "id": 742,
   >   "method": "eth_getBalance",
   >   "params": [
   >     "0xec903a02252003853f4046a985933d9bf4bbfff8",
   >     "latest"
   >   ],
   >   "internal": true
   > }
[2021/05/12 02:50:59.872] - eth_getTransactionCount
[2021/05/12 02:50:59.873] -    > {
   >   "jsonrpc": "2.0",
   >   "id": 743,
   >   "method": "eth_getTransactionCount",
   >   "params": [
   >     "0xec903a02252003853f4046a985933d9bf4bbfff8",
   >     "latest"
   >   ],
   >   "internal": true
   > }
[2021/05/12 02:50:59.877] -  <   {
 <     "id": 738,
 <     "jsonrpc": "2.0",
 <     "result": "0x56bc75e2d63100000"
 <   }
[2021/05/12 02:50:59.879] - eth_getBalance
[2021/05/12 02:50:59.880] -    > {
   >   "jsonrpc": "2.0",
   >   "id": 744,
   >   "method": "eth_getBalance",
   >   "params": [
   >     "0x4c3da660c886c6612d511279c1e73bb813f4b830",
   >     "latest"
   >   ],
   >   "internal": true
   > }
[2021/05/12 02:50:59.882] -  <   {
 <     "id": 739,
 <     "jsonrpc": "2.0",
 <     "result": "0x0"
 <   }
[2021/05/12 02:50:59.883] - eth_getTransactionCount
[2021/05/12 02:50:59.884] -    > {
   >   "jsonrpc": "2.0",
   >   "id": 745,
   >   "method": "eth_getTransactionCount",
   >   "params": [
   >     "0x4c3da660c886c6612d511279c1e73bb813f4b830",
   >     "latest"
   >   ],
   >   "internal": true
   > }
[2021/05/12 02:50:59.887] -  <   {
 <     "id": 740,
 <     "jsonrpc": "2.0",
 <     "result": "0x56bc75e2d63100000"
 <   }
[2021/05/12 02:50:59.889] - eth_getBalance
[2021/05/12 02:50:59.890] -    > {
   >   "jsonrpc": "2.0",
   >   "id": 746,
   >   "method": "eth_getBalance",
   >   "params": [
   >     "0xe5df565e63693ff10981abd293f79c12f0e205c6",
   >     "latest"
   >   ],
   >   "internal": true
   > }
[2021/05/12 02:50:59.893] -  <   {
 <     "id": 741,
 <     "jsonrpc": "2.0",
 <     "result": "0x0"
 <   }
[2021/05/12 02:50:59.894] - eth_getTransactionCount
[2021/05/12 02:50:59.895] -    > {
   >   "jsonrpc": "2.0",
   >   "id": 747,
   >   "method": "eth_getTransactionCount",
   >   "params": [
   >     "0xe5df565e63693ff10981abd293f79c12f0e205c6",
   >     "latest"
   >   ],
   >   "internal": true
   > }
[2021/05/12 02:50:59.898] -  <   {
 <     "id": 742,
 <     "jsonrpc": "2.0",
 <     "result": "0x56bc75e2d63100000"
 <   }
[2021/05/12 02:50:59.900] - eth_getBalance
[2021/05/12 02:50:59.901] -    > {
   >   "jsonrpc": "2.0",
   >   "id": 748,
   >   "method": "eth_getBalance",
   >   "params": [
   >     "0xf2f0608e90e9837a4a0b0a27f000800b770efa0d",
   >     "latest"
   >   ],
   >   "internal": true
   > }
[2021/05/12 02:50:59.904] -  <   {
 <     "id": 743,
 <     "jsonrpc": "2.0",
 <     "result": "0x0"
 <   }
[2021/05/12 02:50:59.907] - eth_getTransactionCount
[2021/05/12 02:50:59.908] -    > {
   >   "jsonrpc": "2.0",
   >   "id": 749,
   >   "method": "eth_getTransactionCount",
   >   "params": [
   >     "0xf2f0608e90e9837a4a0b0a27f000800b770efa0d",
   >     "latest"
   >   ],
   >   "internal": true
   > }
[2021/05/12 02:50:59.911] -  <   {
 <     "id": 744,
 <     "jsonrpc": "2.0",
 <     "result": "0x56bc75e2d63100000"
 <   }
[2021/05/12 02:50:59.912] - eth_getBalance
[2021/05/12 02:50:59.914] -    > {
   >   "jsonrpc": "2.0",
   >   "id": 750,
   >   "method": "eth_getBalance",
   >   "params": [
   >     "0xef7658894ef59964749fffd11c34ac6058f0adb2",
   >     "latest"
   >   ],
   >   "internal": true
   > }
[2021/05/12 02:50:59.915] - eth_getTransactionCount
[2021/05/12 02:50:59.916] -    > {
   >   "jsonrpc": "2.0",
   >   "id": 751,
   >   "method": "eth_getTransactionCount",
   >   "params": [
   >     "0xef7658894ef59964749fffd11c34ac6058f0adb2",
   >     "latest"
   >   ],
   >   "internal": true
   > }
[2021/05/12 02:50:59.921] -  <   {
 <     "id": 745,
 <     "jsonrpc": "2.0",
 <     "result": "0x0"
 <   }
[2021/05/12 02:50:59.922] - eth_getBalance
[2021/05/12 02:50:59.923] -    > {
   >   "jsonrpc": "2.0",
   >   "id": 752,
   >   "method": "eth_getBalance",
   >   "params": [
   >     "0xaa464685d24e4c35b2ee65b477064177e58ec0a1",
   >     "latest"
   >   ],
   >   "internal": true
   > }
[2021/05/12 02:50:59.926] -  <   {
 <     "id": 746,
 <     "jsonrpc": "2.0",
 <     "result": "0x56bc75e2d63100000"
 <   }
[2021/05/12 02:50:59.928] - eth_getTransactionCount
[2021/05/12 02:50:59.929] -    > {
   >   "jsonrpc": "2.0",
   >   "id": 753,
   >   "method": "eth_getTransactionCount",
   >   "params": [
   >     "0xaa464685d24e4c35b2ee65b477064177e58ec0a1",
   >     "latest"
   >   ],
   >   "internal": true
   > }
[2021/05/12 02:50:59.931] -  <   {
 <     "id": 747,
 <     "jsonrpc": "2.0",
 <     "result": "0x0"
 <   }
[2021/05/12 02:50:59.932] - eth_getBalance
[2021/05/12 02:50:59.933] -    > {
   >   "jsonrpc": "2.0",
   >   "id": 754,
   >   "method": "eth_getBalance",
   >   "params": [
   >     "0x8e0100798ccf2e0fc062d5a44c7336bfcea954e5",
   >     "latest"
   >   ],
   >   "internal": true
   > }
[2021/05/12 02:50:59.936] -  <   {
 <     "id": 748,
 <     "jsonrpc": "2.0",
 <     "result": "0x56bc75e2d63100000"
 <   }
[2021/05/12 02:50:59.938] - eth_getTransactionCount
[2021/05/12 02:50:59.939] -    > {
   >   "jsonrpc": "2.0",
   >   "id": 755,
   >   "method": "eth_getTransactionCount",
   >   "params": [
   >     "0x8e0100798ccf2e0fc062d5a44c7336bfcea954e5",
   >     "latest"
   >   ],
   >   "internal": true
   > }
[2021/05/12 02:50:59.941] -  <   {
 <     "id": 749,
 <     "jsonrpc": "2.0",
 <     "result": "0x0"
 <   }
[2021/05/12 02:50:59.944] -  <   {
 <     "id": 750,
 <     "jsonrpc": "2.0",
 <     "result": "0x56bc75e2d63100000"
 <   }
[2021/05/12 02:50:59.945] - eth_getBalance
[2021/05/12 02:50:59.946] -    > {
   >   "jsonrpc": "2.0",
   >   "id": 756,
   >   "method": "eth_getBalance",
   >   "params": [
   >     "0x922b80a2dd005edcc1797cb69eefeaafdbcc0f04",
   >     "latest"
   >   ],
   >   "internal": true
   > }
[2021/05/12 02:50:59.951] -  <   {
 <     "id": 751,
 <     "jsonrpc": "2.0",
 <     "result": "0x0"
 <   }
[2021/05/12 02:50:59.952] - eth_getTransactionCount
[2021/05/12 02:50:59.953] -    > {
   >   "jsonrpc": "2.0",
   >   "id": 757,
   >   "method": "eth_getTransactionCount",
   >   "params": [
   >     "0x922b80a2dd005edcc1797cb69eefeaafdbcc0f04",
   >     "latest"
   >   ],
   >   "internal": true
   > }
[2021/05/12 02:50:59.961] -  <   {
 <     "id": 752,
 <     "jsonrpc": "2.0",
 <     "result": "0x56bc75e2d63100000"
 <   }
[2021/05/12 02:50:59.977] -  <   {
 <     "id": 753,
 <     "jsonrpc": "2.0",
 <     "result": "0x0"
 <   }
[2021/05/12 02:50:59.992] -  <   {
 <     "id": 754,
 <     "jsonrpc": "2.0",
 <     "result": "0x56bc75e2d63100000"
 <   }
[2021/05/12 02:51:00.008] -  <   {
 <     "id": 755,
 <     "jsonrpc": "2.0",
 <     "result": "0x0"
 <   }
[2021/05/12 02:51:00.025] -  <   {
 <     "id": 756,
 <     "jsonrpc": "2.0",
 <     "result": "0x56bc75e2d63100000"
 <   }
[2021/05/12 02:51:00.040] -  <   {
 <     "id": 757,
 <     "jsonrpc": "2.0",
 <     "result": "0x0"
 <   }
[2021/05/12 02:51:00.044] - eth_getTransactionCount
[2021/05/12 02:51:00.045] -    > {
   >   "jsonrpc": "2.0",
   >   "id": 761,
   >   "method": "eth_getTransactionCount",
   >   "params": [
   >     "0x04cba1af534441075e48eb94b5646f96cdfe1dfb",
   >     "latest"
   >   ],
   >   "internal": true
   > }
[2021/05/12 02:51:00.053] -  <   {
 <     "id": 761,
 <     "jsonrpc": "2.0",
 <     "result": "0x0"
 <   }
[2021/05/12 02:51:00.058] - eth_getBalance
[2021/05/12 02:51:00.059] -    > {
   >   "jsonrpc": "2.0",
   >   "id": 762,
   >   "method": "eth_getBalance",
   >   "params": [
   >     "0xec903a02252003853f4046a985933d9bf4bbfff8",
   >     "latest"
   >   ],
   >   "internal": true
   > }
[2021/05/12 02:51:00.060] - eth_getTransactionCount
[2021/05/12 02:51:00.061] -    > {
   >   "jsonrpc": "2.0",
   >   "id": 763,
   >   "method": "eth_getTransactionCount",
   >   "params": [
   >     "0xec903a02252003853f4046a985933d9bf4bbfff8",
   >     "latest"
   >   ],
   >   "internal": true
   > }
[2021/05/12 02:51:00.062] - eth_getBalance
[2021/05/12 02:51:00.063] -    > {
   >   "jsonrpc": "2.0",
   >   "id": 764,
   >   "method": "eth_getBalance",
   >   "params": [
   >     "0x4c3da660c886c6612d511279c1e73bb813f4b830",
   >     "latest"
   >   ],
   >   "internal": true
   > }
[2021/05/12 02:51:00.066] -  <   {
 <     "id": 762,
 <     "jsonrpc": "2.0",
 <     "result": "0x56bc75e2d63100000"
 <   }
[2021/05/12 02:51:00.071] -  <   {
 <     "id": 763,
 <     "jsonrpc": "2.0",
 <     "result": "0x0"
 <   }
[2021/05/12 02:51:00.072] - eth_getTransactionCount
[2021/05/12 02:51:00.074] -    > {
   >   "jsonrpc": "2.0",
   >   "id": 765,
   >   "method": "eth_getTransactionCount",
   >   "params": [
   >     "0x4c3da660c886c6612d511279c1e73bb813f4b830",
   >     "latest"
   >   ],
   >   "internal": true
   > }
[2021/05/12 02:51:00.077] -  <   {
 <     "id": 764,
 <     "jsonrpc": "2.0",
 <     "result": "0x56bc75e2d63100000"
 <   }
[2021/05/12 02:51:00.079] - eth_getBalance
[2021/05/12 02:51:00.080] -    > {
   >   "jsonrpc": "2.0",
   >   "id": 766,
   >   "method": "eth_getBalance",
   >   "params": [
   >     "0xe5df565e63693ff10981abd293f79c12f0e205c6",
   >     "latest"
   >   ],
   >   "internal": true
   > }
[2021/05/12 02:51:00.082] -  <   {
 <     "id": 765,
 <     "jsonrpc": "2.0",
 <     "result": "0x0"
 <   }
[2021/05/12 02:51:00.084] - eth_getTransactionCount
[2021/05/12 02:51:00.085] -    > {
   >   "jsonrpc": "2.0",
   >   "id": 767,
   >   "method": "eth_getTransactionCount",
   >   "params": [
   >     "0xe5df565e63693ff10981abd293f79c12f0e205c6",
   >     "latest"
   >   ],
   >   "internal": true
   > }
[2021/05/12 02:51:00.088] -  <   {
 <     "id": 766,
 <     "jsonrpc": "2.0",
 <     "result": "0x56bc75e2d63100000"
 <   }
[2021/05/12 02:51:00.090] - eth_getBalance
[2021/05/12 02:51:00.091] -    > {
   >   "jsonrpc": "2.0",
   >   "id": 768,
   >   "method": "eth_getBalance",
   >   "params": [
   >     "0xf2f0608e90e9837a4a0b0a27f000800b770efa0d",
   >     "latest"
   >   ],
   >   "internal": true
   > }
[2021/05/12 02:51:00.096] -  <   {
 <     "id": 767,
 <     "jsonrpc": "2.0",
 <     "result": "0x0"
 <   }
[2021/05/12 02:51:00.097] - eth_getTransactionCount
[2021/05/12 02:51:00.098] -    > {
   >   "jsonrpc": "2.0",
   >   "id": 769,
   >   "method": "eth_getTransactionCount",
   >   "params": [
   >     "0xf2f0608e90e9837a4a0b0a27f000800b770efa0d",
   >     "latest"
   >   ],
   >   "internal": true
   > }
[2021/05/12 02:51:00.102] -  <   {
 <     "id": 768,
 <     "jsonrpc": "2.0",
 <     "result": "0x56bc75e2d63100000"
 <   }
[2021/05/12 02:51:00.103] - eth_getBalance
[2021/05/12 02:51:00.104] -    > {
   >   "jsonrpc": "2.0",
   >   "id": 770,
   >   "method": "eth_getBalance",
   >   "params": [
   >     "0xef7658894ef59964749fffd11c34ac6058f0adb2",
   >     "latest"
   >   ],
   >   "internal": true
   > }
[2021/05/12 02:51:00.107] -  <   {
 <     "id": 769,
 <     "jsonrpc": "2.0",
 <     "result": "0x0"
 <   }
[2021/05/12 02:51:00.109] - eth_getTransactionCount
[2021/05/12 02:51:00.110] -    > {
   >   "jsonrpc": "2.0",
   >   "id": 771,
   >   "method": "eth_getTransactionCount",
   >   "params": [
   >     "0xef7658894ef59964749fffd11c34ac6058f0adb2",
   >     "latest"
   >   ],
   >   "internal": true
   > }
[2021/05/12 02:51:00.113] -  <   {
 <     "id": 770,
 <     "jsonrpc": "2.0",
 <     "result": "0x56bc75e2d63100000"
 <   }
[2021/05/12 02:51:00.118] -  <   {
 <     "id": 771,
 <     "jsonrpc": "2.0",
 <     "result": "0x0"
 <   }
[2021/05/12 02:51:00.120] - eth_getBalance
[2021/05/12 02:51:00.121] -    > {
   >   "jsonrpc": "2.0",
   >   "id": 772,
   >   "method": "eth_getBalance",
   >   "params": [
   >     "0xaa464685d24e4c35b2ee65b477064177e58ec0a1",
   >     "latest"
   >   ],
   >   "internal": true
   > }
[2021/05/12 02:51:00.127] -  <   {
 <     "id": 772,
 <     "jsonrpc": "2.0",
 <     "result": "0x56bc75e2d63100000"
 <   }
[2021/05/12 02:51:00.129] - eth_getTransactionCount
[2021/05/12 02:51:00.129] -    > {
   >   "jsonrpc": "2.0",
   >   "id": 773,
   >   "method": "eth_getTransactionCount",
   >   "params": [
   >     "0xaa464685d24e4c35b2ee65b477064177e58ec0a1",
   >     "latest"
   >   ],
   >   "internal": true
   > }
[2021/05/12 02:51:00.133] -  <   {
 <     "id": 773,
 <     "jsonrpc": "2.0",
 <     "result": "0x0"
 <   }
[2021/05/12 02:51:00.134] - eth_getBalance
[2021/05/12 02:51:00.135] -    > {
   >   "jsonrpc": "2.0",
   >   "id": 774,
   >   "method": "eth_getBalance",
   >   "params": [
   >     "0x8e0100798ccf2e0fc062d5a44c7336bfcea954e5",
   >     "latest"
   >   ],
   >   "internal": true
   > }
[2021/05/12 02:51:00.137] - eth_getTransactionCount
[2021/05/12 02:51:00.138] -    > {
   >   "jsonrpc": "2.0",
   >   "id": 775,
   >   "method": "eth_getTransactionCount",
   >   "params": [
   >     "0x8e0100798ccf2e0fc062d5a44c7336bfcea954e5",
   >     "latest"
   >   ],
   >   "internal": true
   > }
[2021/05/12 02:51:00.140] -  <   {
 <     "id": 774,
 <     "jsonrpc": "2.0",
 <     "result": "0x56bc75e2d63100000"
 <   }
[2021/05/12 02:51:00.145] -  <   {
 <     "id": 775,
 <     "jsonrpc": "2.0",
 <     "result": "0x0"
 <   }
[2021/05/12 02:51:00.146] - eth_getBalance
[2021/05/12 02:51:00.147] -    > {
   >   "jsonrpc": "2.0",
   >   "id": 776,
   >   "method": "eth_getBalance",
   >   "params": [
   >     "0x922b80a2dd005edcc1797cb69eefeaafdbcc0f04",
   >     "latest"
   >   ],
   >   "internal": true
   > }
[2021/05/12 02:51:00.148] - eth_getTransactionCount
[2021/05/12 02:51:00.151] -    > {
   >   "jsonrpc": "2.0",
   >   "id": 777,
   >   "method": "eth_getTransactionCount",
   >   "params": [
   >     "0x922b80a2dd005edcc1797cb69eefeaafdbcc0f04",
   >     "latest"
   >   ],
   >   "internal": true
   > }
[2021/05/12 02:51:00.154] -  <   {
 <     "id": 776,
 <     "jsonrpc": "2.0",
 <     "result": "0x56bc75e2d63100000"
 <   }
[2021/05/12 02:51:00.163] -  <   {
 <     "id": 777,
 <     "jsonrpc": "2.0",
 <     "result": "0x0"
 <   }
[2021/05/12 02:51:19.419] - eth_blockNumber
[2021/05/12 02:51:19.421] -    > {
   >   "id": 1,
   >   "jsonrpc": "2.0",
   >   "method": "eth_blockNumber",
   >   "params": []
   > }
[2021/05/12 02:51:19.430] -  <   {
 <     "id": 1,
 <     "jsonrpc": "2.0",
 <     "result": "0x0"
 <   }
[2021/05/12 02:51:39.451] - eth_blockNumber
[2021/05/12 02:51:39.452] -    > {
   >   "id": 1,
   >   "jsonrpc": "2.0",
   >   "method": "eth_blockNumber",
   >   "params": []
   > }
[2021/05/12 02:51:39.460] -  <   {
 <     "id": 1,
 <     "jsonrpc": "2.0",
 <     "result": "0x0"
 <   }
[2021/05/12 02:51:59.479] - eth_blockNumber
[2021/05/12 02:51:59.481] -    > {
   >   "id": 1,
   >   "jsonrpc": "2.0",
   >   "method": "eth_blockNumber",
   >   "params": []
   > }
[2021/05/12 02:51:59.489] -  <   {
 <     "id": 1,
 <     "jsonrpc": "2.0",
 <     "result": "0x0"
 <   }
[2021/05/12 02:52:19.502] - eth_blockNumber
[2021/05/12 02:52:19.504] -    > {
   >   "id": 1,
   >   "jsonrpc": "2.0",
   >   "method": "eth_blockNumber",
   >   "params": []
   > }
[2021/05/12 02:52:19.513] -  <   {
 <     "id": 1,
 <     "jsonrpc": "2.0",
 <     "result": "0x0"
 <   }
[2021/05/12 02:52:39.530] - eth_blockNumber
[2021/05/12 02:52:39.532] -    > {
   >   "id": 1,
   >   "jsonrpc": "2.0",
   >   "method": "eth_blockNumber",
   >   "params": []
   > }
[2021/05/12 02:52:39.539] -  <   {
 <     "id": 1,
 <     "jsonrpc": "2.0",
 <     "result": "0x0"
 <   }
[2021/05/12 02:52:59.560] - eth_blockNumber
[2021/05/12 02:52:59.561] -    > {
   >   "id": 1,
   >   "jsonrpc": "2.0",
   >   "method": "eth_blockNumber",
   >   "params": []
   > }
[2021/05/12 02:52:59.569] -  <   {
 <     "id": 1,
 <     "jsonrpc": "2.0",
 <     "result": "0x0"
 <   }
[2021/05/12 02:53:19.593] - eth_blockNumber
[2021/05/12 02:53:19.594] -    > {
   >   "id": 1,
   >   "jsonrpc": "2.0",
   >   "method": "eth_blockNumber",
   >   "params": []
   > }
[2021/05/12 02:53:19.604] -  <   {
 <     "id": 1,
 <     "jsonrpc": "2.0",
 <     "result": "0x0"
 <   }
[2021/05/12 02:53:39.626] - eth_blockNumber
[2021/05/12 02:53:39.627] -    > {
   >   "id": 1,
   >   "jsonrpc": "2.0",
   >   "method": "eth_blockNumber",
   >   "params": []
   > }
[2021/05/12 02:53:39.636] -  <   {
 <     "id": 1,
 <     "jsonrpc": "2.0",
 <     "result": "0x0"
 <   }
[2021/05/12 02:53:59.649] - eth_blockNumber
[2021/05/12 02:53:59.650] -    > {
   >   "id": 1,
   >   "jsonrpc": "2.0",
   >   "method": "eth_blockNumber",
   >   "params": []
   > }
[2021/05/12 02:53:59.660] -  <   {
 <     "id": 1,
 <     "jsonrpc": "2.0",
 <     "result": "0x0"
 <   }
[2021/05/12 02:54:19.670] - eth_blockNumber
[2021/05/12 02:54:19.672] -    > {
   >   "id": 1,
   >   "jsonrpc": "2.0",
   >   "method": "eth_blockNumber",
   >   "params": []
   > }
[2021/05/12 02:54:19.680] -  <   {
 <     "id": 1,
 <     "jsonrpc": "2.0",
 <     "result": "0x0"
 <   }
[2021/05/12 02:54:39.700] - eth_blockNumber
[2021/05/12 02:54:39.701] -    > {
   >   "id": 1,
   >   "jsonrpc": "2.0",
   >   "method": "eth_blockNumber",
   >   "params": []
   > }
[2021/05/12 02:54:39.709] -  <   {
 <     "id": 1,
 <     "jsonrpc": "2.0",
 <     "result": "0x0"
 <   }
[2021/05/12 02:54:59.721] - eth_blockNumber
[2021/05/12 02:54:59.722] -    > {
   >   "id": 1,
   >   "jsonrpc": "2.0",
   >   "method": "eth_blockNumber",
   >   "params": []
   > }
[2021/05/12 02:54:59.731] -  <   {
 <     "id": 1,
 <     "jsonrpc": "2.0",
 <     "result": "0x0"
 <   }
[2021/05/12 02:55:19.755] - eth_blockNumber
[2021/05/12 02:55:19.757] -    > {
   >   "id": 1,
   >   "jsonrpc": "2.0",
   >   "method": "eth_blockNumber",
   >   "params": []
   > }
[2021/05/12 02:55:19.769] -  <   {
 <     "id": 1,
 <     "jsonrpc": "2.0",
 <     "result": "0x0"
 <   }
[2021/05/12 02:55:39.786] - eth_blockNumber
[2021/05/12 02:55:39.787] -    > {
   >   "id": 1,
   >   "jsonrpc": "2.0",
   >   "method": "eth_blockNumber",
   >   "params": []
   > }
[2021/05/12 02:55:39.797] -  <   {
 <     "id": 1,
 <     "jsonrpc": "2.0",
 <     "result": "0x0"
 <   }
[2021/05/12 02:55:59.390] - eth_unsubscribe
[2021/05/12 02:55:59.392] -    > {
   >   "jsonrpc": "2.0",
   >   "id": 71,
   >   "method": "eth_unsubscribe",
   >   "params": [
   >     "0x3"
   >   ]
   > }
[2021/05/12 02:55:59.393] - eth_unsubscribe
[2021/05/12 02:55:59.394] -    > {
   >   "jsonrpc": "2.0",
   >   "id": 72,
   >   "method": "eth_unsubscribe",
   >   "params": [
   >     "0x4"
   >   ]
   > }
[2021/05/12 02:55:59.397] -  <   {
 <     "id": 71,
 <     "jsonrpc": "2.0",
 <     "result": true
 <   }
[2021/05/12 02:55:59.400] -    > {
   >   "jsonrpc": "2.0",
   >   "method": "eth_unsubscribe",
   >   "params": [
   >     "0x6"
   >   ],
   >   "id": 1620780959399
   > }
[2021/05/12 02:55:59.401] -    > {
   >   "jsonrpc": "2.0",
   >   "method": "eth_unsubscribe",
   >   "params": [
   >     "0x4"
   >   ],
   >   "id": 1620780959401
   > }
[2021/05/12 02:55:59.403] -    > {
   >   "jsonrpc": "2.0",
   >   "method": "eth_unsubscribe",
   >   "params": [
   >     "0x5"
   >   ],
   >   "id": 1620780959402
   > }
[2021/05/12 02:55:59.404] -    > {
   >   "jsonrpc": "2.0",
   >   "method": "eth_unsubscribe",
   >   "params": [
   >     "0x1"
   >   ],
   >   "id": 1620780959404
   > }
[2021/05/12 02:55:59.406] -    > {
   >   "jsonrpc": "2.0",
   >   "method": "eth_unsubscribe",
   >   "params": [
   >     "0x2"
   >   ],
   >   "id": 1620780959405
   > }
[2021/05/12 02:55:59.407] -  <   {
 <     "id": 72,
 <     "jsonrpc": "2.0",
 <     "result": true
 <   }
