[2021/05/12 02:56:22.985] - Starting server with initial configuration: {"gasLimit":6721975,"gasPrice":20000000000,"hardfork":"petersburg","hostname":"127.0.0.1","port":7545,"network_id":5777,"default_balance_ether":100,"total_accounts":10,"unlocked_accounts":[],"locked":false,"vmErrorsOnRPCResponse":true,"verbose":true,"db_path":"C:\\Users\\henk\\AppData\\Roaming\\Ganache\\workspaces\\crowded-tree\\chaindata","logDirectory":"C:\\Users\\henk\\Documents\\GitHub\\starter_kit\\lopgs"}
[2021/05/12 02:56:23.094] - eth_subscribe
[2021/05/12 02:56:23.095] -    > {
   >   "jsonrpc": "2.0",
   >   "id": 81,
   >   "method": "eth_subscribe",
   >   "params": [
   >     "newHeads"
   >   ]
   > }
[2021/05/12 02:56:23.097] - eth_getLogs
[2021/05/12 02:56:23.099] -    > {
   >   "jsonrpc": "2.0",
   >   "id": 82,
   >   "method": "eth_getLogs",
   >   "params": [
   >     {
   >       "topics": []
   >     }
   >   ]
   > }
[2021/05/12 02:56:23.102] - eth_subscribe
[2021/05/12 02:56:23.103] -    > {
   >   "jsonrpc": "2.0",
   >   "id": 83,
   >   "method": "eth_subscribe",
   >   "params": [
   >     "logs",
   >     {
   >       "topics": []
   >     }
   >   ]
   > }
[2021/05/12 02:56:23.104] -  <   {
 <     "id": 81,
 <     "jsonrpc": "2.0",
 <     "result": "0x1"
 <   }
[2021/05/12 02:56:23.117] -  <   {
 <     "id": 82,
 <     "jsonrpc": "2.0",
 <     "result": []
 <   }
[2021/05/12 02:56:23.119] -  <   {
 <     "id": 83,
 <     "jsonrpc": "2.0",
 <     "result": "0x2"
 <   }
[2021/05/12 02:56:23.140] - eth_subscribe
[2021/05/12 02:56:23.141] -    > {
   >   "jsonrpc": "2.0",
   >   "id": 84,
   >   "method": "eth_subscribe",
   >   "params": [
   >     "newHeads"
   >   ]
   > }
[2021/05/12 02:56:23.143] - eth_getLogs
[2021/05/12 02:56:23.144] -    > {
   >   "jsonrpc": "2.0",
   >   "id": 85,
   >   "method": "eth_getLogs",
   >   "params": [
   >     {
   >       "topics": []
   >     }
   >   ]
   > }
[2021/05/12 02:56:23.145] - eth_subscribe
[2021/05/12 02:56:23.146] -    > {
   >   "jsonrpc": "2.0",
   >   "id": 86,
   >   "method": "eth_subscribe",
   >   "params": [
   >     "logs",
   >     {
   >       "topics": []
   >     }
   >   ]
   > }
[2021/05/12 02:56:23.147] -  <   {
 <     "id": 84,
 <     "jsonrpc": "2.0",
 <     "result": "0x3"
 <   }
[2021/05/12 02:56:23.155] -  <   {
 <     "id": 85,
 <     "jsonrpc": "2.0",
 <     "result": []
 <   }
[2021/05/12 02:56:23.158] -  <   {
 <     "id": 86,
 <     "jsonrpc": "2.0",
 <     "result": "0x4"
 <   }
[2021/05/12 02:56:23.203] - eth_blockNumber
[2021/05/12 02:56:23.204] -    > {
   >   "jsonrpc": "2.0",
   >   "id": 875,
   >   "method": "eth_blockNumber",
   >   "params": [],
   >   "internal": true
   > }
[2021/05/12 02:56:23.205] - eth_accounts
[2021/05/12 02:56:23.206] -    > {
   >   "jsonrpc": "2.0",
   >   "id": 876,
   >   "method": "eth_accounts",
   >   "params": [],
   >   "internal": true
   > }
[2021/05/12 02:56:23.208] - eth_blockNumber
[2021/05/12 02:56:23.209] -    > {
   >   "jsonrpc": "2.0",
   >   "id": 870,
   >   "method": "eth_blockNumber",
   >   "params": [],
   >   "internal": true
   > }
[2021/05/12 02:56:23.210] - eth_gasPrice
[2021/05/12 02:56:23.211] -    > {
   >   "jsonrpc": "2.0",
   >   "id": 877,
   >   "method": "eth_gasPrice",
   >   "params": [],
   >   "internal": true
   > }
[2021/05/12 02:56:23.212] - eth_accounts
[2021/05/12 02:56:23.214] -    > {
   >   "jsonrpc": "2.0",
   >   "id": 871,
   >   "method": "eth_accounts",
   >   "params": [],
   >   "internal": true
   > }
[2021/05/12 02:56:23.215] -  <   {
 <     "id": 875,
 <     "jsonrpc": "2.0",
 <     "result": "0x0"
 <   }
[2021/05/12 02:56:23.216] - eth_getBlockByNumber
[2021/05/12 02:56:23.217] -    > {
   >   "jsonrpc": "2.0",
   >   "id": 878,
   >   "method": "eth_getBlockByNumber",
   >   "params": [
   >     "latest",
   >     false
   >   ],
   >   "internal": true
   > }
[2021/05/12 02:56:23.218] - eth_gasPrice
[2021/05/12 02:56:23.219] -    > {
   >   "jsonrpc": "2.0",
   >   "id": 872,
   >   "method": "eth_gasPrice",
   >   "params": [],
   >   "internal": true
   > }
[2021/05/12 02:56:23.221] -  <   {
 <     "id": 876,
 <     "jsonrpc": "2.0",
 <     "result": [
 <       "0xb9200d6617cbd67f9c021f50427d838ba2c40ce4",
 <       "0x04cba1af534441075e48eb94b5646f96cdfe1dfb",
 <       "0xec903a02252003853f4046a985933d9bf4bbfff8",
 <       "0x4c3da660c886c6612d511279c1e73bb813f4b830",
 <       "0xe5df565e63693ff10981abd293f79c12f0e205c6",
 <       "0xf2f0608e90e9837a4a0b0a27f000800b770efa0d",
 <       "0xef7658894ef59964749fffd11c34ac6058f0adb2",
 <       "0xaa464685d24e4c35b2ee65b477064177e58ec0a1",
 <       "0x8e0100798ccf2e0fc062d5a44c7336bfcea954e5",
 <       "0x922b80a2dd005edcc1797cb69eefeaafdbcc0f04"
 <     ]
 <   }
[2021/05/12 02:56:23.226] - eth_subscribe
[2021/05/12 02:56:23.227] -    > {
   >   "jsonrpc": "2.0",
   >   "id": 879,
   >   "method": "eth_subscribe",
   >   "params": [
   >     "newHeads"
   >   ],
   >   "internal": true
   > }
[2021/05/12 02:56:23.228] - eth_getBlockByNumber
[2021/05/12 02:56:23.229] -    > {
   >   "jsonrpc": "2.0",
   >   "id": 873,
   >   "method": "eth_getBlockByNumber",
   >   "params": [
   >     "latest",
   >     false
   >   ],
   >   "internal": true
   > }
[2021/05/12 02:56:23.231] -  <   {
 <     "id": 870,
 <     "jsonrpc": "2.0",
 <     "result": "0x0"
 <   }
[2021/05/12 02:56:23.232] - eth_accounts
[2021/05/12 02:56:23.233] -    > {
   >   "jsonrpc": "2.0",
   >   "id": 880,
   >   "method": "eth_accounts",
   >   "params": [],
   >   "internal": true
   > }
[2021/05/12 02:56:23.235] - eth_subscribe
[2021/05/12 02:56:23.237] -    > {
   >   "jsonrpc": "2.0",
   >   "id": 874,
   >   "method": "eth_subscribe",
   >   "params": [
   >     "newHeads"
   >   ],
   >   "internal": true
   > }
[2021/05/12 02:56:23.238] -  <   {
 <     "id": 877,
 <     "jsonrpc": "2.0",
 <     "result": "0x4a817c800"
 <   }
[2021/05/12 02:56:23.240] -  <   {
 <     "id": 871,
 <     "jsonrpc": "2.0",
 <     "result": [
 <       "0xb9200d6617cbd67f9c021f50427d838ba2c40ce4",
 <       "0x04cba1af534441075e48eb94b5646f96cdfe1dfb",
 <       "0xec903a02252003853f4046a985933d9bf4bbfff8",
 <       "0x4c3da660c886c6612d511279c1e73bb813f4b830",
 <       "0xe5df565e63693ff10981abd293f79c12f0e205c6",
 <       "0xf2f0608e90e9837a4a0b0a27f000800b770efa0d",
 <       "0xef7658894ef59964749fffd11c34ac6058f0adb2",
 <       "0xaa464685d24e4c35b2ee65b477064177e58ec0a1",
 <       "0x8e0100798ccf2e0fc062d5a44c7336bfcea954e5",
 <       "0x922b80a2dd005edcc1797cb69eefeaafdbcc0f04"
 <     ]
 <   }
[2021/05/12 02:56:23.243] -  <   {
 <     "id": 878,
 <     "jsonrpc": "2.0",
 <     "result": {
 <       "number": "0x0",
 <       "hash": "0xd086d15525727f142f50663740be0ea39f7e404aee6881a682c5c515aef23f5e",
 <       "parentHash": "0x0000000000000000000000000000000000000000000000000000000000000000",
 <       "mixHash": "0x0000000000000000000000000000000000000000000000000000000000000000",
 <       "nonce": "0x0000000000000000",
 <       "sha3Uncles": "0x1dcc4de8dec75d7aab85b567b6ccd41ad312451b948a7413f0a142fd40d49347",
 <       "logsBloom": "0x00000000000000000000000000000000000000000000000000000000000000000000000000000000000000000000000000000000000000000000000000000000000000000000000000000000000000000000000000000000000000000000000000000000000000000000000000000000000000000000000000000000000000000000000000000000000000000000000000000000000000000000000000000000000000000000000000000000000000000000000000000000000000000000000000000000000000000000000000000000000000000000000000000000000000000000000000000000000000000000000000000000000000000000000000000000",
 <       "transactionsRoot": "0x56e81f171bcc55a6ff8345e692c0f86e5b48e01b996cadc001622fb5e363b421",
 <       "stateRoot": "0x80b028931c8965d9166eff7bde634d73da93afffd65cff8faba50f693fe2a019",
 <       "receiptsRoot": "0x56e81f171bcc55a6ff8345e692c0f86e5b48e01b996cadc001622fb5e363b421",
 <       "miner": "0x0000000000000000000000000000000000000000",
 <       "difficulty": "0x0",
 <       "totalDifficulty": "0x0",
 <       "extraData": "0x",
 <       "size": "0x3e8",
 <       "gasLimit": "0x6691b7",
 <       "gasUsed": "0x0",
 <       "timestamp": "0x609b25ef",
 <       "transactions": [],
 <       "uncles": []
 <     }
 <   }
[2021/05/12 02:56:23.247] -  <   {
 <     "id": 872,
 <     "jsonrpc": "2.0",
 <     "result": "0x4a817c800"
 <   }
[2021/05/12 02:56:23.249] - eth_getBalance
[2021/05/12 02:56:23.250] -    > {
   >   "jsonrpc": "2.0",
   >   "id": 881,
   >   "method": "eth_getBalance",
   >   "params": [
   >     "0xb9200d6617cbd67f9c021f50427d838ba2c40ce4",
   >     "latest"
   >   ],
   >   "internal": true
   > }
[2021/05/12 02:56:23.252] -  <   {
 <     "id": 879,
 <     "jsonrpc": "2.0",
 <     "result": "0x5"
 <   }
[2021/05/12 02:56:23.256] -  <   {
 <     "id": 873,
 <     "jsonrpc": "2.0",
 <     "result": {
 <       "number": "0x0",
 <       "hash": "0xd086d15525727f142f50663740be0ea39f7e404aee6881a682c5c515aef23f5e",
 <       "parentHash": "0x0000000000000000000000000000000000000000000000000000000000000000",
 <       "mixHash": "0x0000000000000000000000000000000000000000000000000000000000000000",
 <       "nonce": "0x0000000000000000",
 <       "sha3Uncles": "0x1dcc4de8dec75d7aab85b567b6ccd41ad312451b948a7413f0a142fd40d49347",
 <       "logsBloom": "0x00000000000000000000000000000000000000000000000000000000000000000000000000000000000000000000000000000000000000000000000000000000000000000000000000000000000000000000000000000000000000000000000000000000000000000000000000000000000000000000000000000000000000000000000000000000000000000000000000000000000000000000000000000000000000000000000000000000000000000000000000000000000000000000000000000000000000000000000000000000000000000000000000000000000000000000000000000000000000000000000000000000000000000000000000000000",
 <       "transactionsRoot": "0x56e81f171bcc55a6ff8345e692c0f86e5b48e01b996cadc001622fb5e363b421",
 <       "stateRoot": "0x80b028931c8965d9166eff7bde634d73da93afffd65cff8faba50f693fe2a019",
 <       "receiptsRoot": "0x56e81f171bcc55a6ff8345e692c0f86e5b48e01b996cadc001622fb5e363b421",
 <       "miner": "0x0000000000000000000000000000000000000000",
 <       "difficulty": "0x0",
 <       "totalDifficulty": "0x0",
 <       "extraData": "0x",
 <       "size": "0x3e8",
 <       "gasLimit": "0x6691b7",
 <       "gasUsed": "0x0",
 <       "timestamp": "0x609b25ef",
 <       "transactions": [],
 <       "uncles": []
 <     }
 <   }
[2021/05/12 02:56:23.258] - eth_getTransactionCount
[2021/05/12 02:56:23.259] -    > {
   >   "jsonrpc": "2.0",
   >   "id": 882,
   >   "method": "eth_getTransactionCount",
   >   "params": [
   >     "0xb9200d6617cbd67f9c021f50427d838ba2c40ce4",
   >     "latest"
   >   ],
   >   "internal": true
   > }
[2021/05/12 02:56:23.261] -  <   {
 <     "id": 880,
 <     "jsonrpc": "2.0",
 <     "result": [
 <       "0xb9200d6617cbd67f9c021f50427d838ba2c40ce4",
 <       "0x04cba1af534441075e48eb94b5646f96cdfe1dfb",
 <       "0xec903a02252003853f4046a985933d9bf4bbfff8",
 <       "0x4c3da660c886c6612d511279c1e73bb813f4b830",
 <       "0xe5df565e63693ff10981abd293f79c12f0e205c6",
 <       "0xf2f0608e90e9837a4a0b0a27f000800b770efa0d",
 <       "0xef7658894ef59964749fffd11c34ac6058f0adb2",
 <       "0xaa464685d24e4c35b2ee65b477064177e58ec0a1",
 <       "0x8e0100798ccf2e0fc062d5a44c7336bfcea954e5",
 <       "0x922b80a2dd005edcc1797cb69eefeaafdbcc0f04"
 <     ]
 <   }
[2021/05/12 02:56:23.263] - eth_getBalance
[2021/05/12 02:56:23.264] -    > {
   >   "jsonrpc": "2.0",
   >   "id": 883,
   >   "method": "eth_getBalance",
   >   "params": [
   >     "0x04cba1af534441075e48eb94b5646f96cdfe1dfb",
   >     "latest"
   >   ],
   >   "internal": true
   > }
[2021/05/12 02:56:23.267] -  <   {
 <     "id": 874,
 <     "jsonrpc": "2.0",
 <     "result": "0x6"
 <   }
[2021/05/12 02:56:23.273] - eth_getTransactionCount
[2021/05/12 02:56:23.274] -    > {
   >   "jsonrpc": "2.0",
   >   "id": 884,
   >   "method": "eth_getTransactionCount",
   >   "params": [
   >     "0x04cba1af534441075e48eb94b5646f96cdfe1dfb",
   >     "latest"
   >   ],
   >   "internal": true
   > }
[2021/05/12 02:56:23.276] - eth_getBalance
[2021/05/12 02:56:23.277] -    > {
   >   "jsonrpc": "2.0",
   >   "id": 885,
   >   "method": "eth_getBalance",
   >   "params": [
   >     "0xec903a02252003853f4046a985933d9bf4bbfff8",
   >     "latest"
   >   ],
   >   "internal": true
   > }
[2021/05/12 02:56:23.279] -  <   {
 <     "id": 881,
 <     "jsonrpc": "2.0",
 <     "result": "0x56bc75e2d63100000"
 <   }
[2021/05/12 02:56:23.281] - eth_getTransactionCount
[2021/05/12 02:56:23.282] -    > {
   >   "jsonrpc": "2.0",
   >   "id": 886,
   >   "method": "eth_getTransactionCount",
   >   "params": [
   >     "0xec903a02252003853f4046a985933d9bf4bbfff8",
   >     "latest"
   >   ],
   >   "internal": true
   > }
[2021/05/12 02:56:23.285] -  <   {
 <     "id": 882,
 <     "jsonrpc": "2.0",
 <     "result": "0x0"
 <   }
[2021/05/12 02:56:23.286] - eth_getBalance
[2021/05/12 02:56:23.287] -    > {
   >   "jsonrpc": "2.0",
   >   "id": 887,
   >   "method": "eth_getBalance",
   >   "params": [
   >     "0x4c3da660c886c6612d511279c1e73bb813f4b830",
   >     "latest"
   >   ],
   >   "internal": true
   > }
[2021/05/12 02:56:23.294] - eth_getTransactionCount
[2021/05/12 02:56:23.295] -    > {
   >   "jsonrpc": "2.0",
   >   "id": 888,
   >   "method": "eth_getTransactionCount",
   >   "params": [
   >     "0x4c3da660c886c6612d511279c1e73bb813f4b830",
   >     "latest"
   >   ],
   >   "internal": true
   > }
[2021/05/12 02:56:23.297] -  <   {
 <     "id": 883,
 <     "jsonrpc": "2.0",
 <     "result": "0x56bc75e2d63100000"
 <   }
[2021/05/12 02:56:23.299] - eth_getBalance
[2021/05/12 02:56:23.300] -    > {
   >   "jsonrpc": "2.0",
   >   "id": 889,
   >   "method": "eth_getBalance",
   >   "params": [
   >     "0xe5df565e63693ff10981abd293f79c12f0e205c6",
   >     "latest"
   >   ],
   >   "internal": true
   > }
[2021/05/12 02:56:23.304] -  <   {
 <     "id": 884,
 <     "jsonrpc": "2.0",
 <     "result": "0x0"
 <   }
[2021/05/12 02:56:23.306] - eth_getTransactionCount
[2021/05/12 02:56:23.307] -    > {
   >   "jsonrpc": "2.0",
   >   "id": 890,
   >   "method": "eth_getTransactionCount",
   >   "params": [
   >     "0xe5df565e63693ff10981abd293f79c12f0e205c6",
   >     "latest"
   >   ],
   >   "internal": true
   > }
[2021/05/12 02:56:23.311] -  <   {
 <     "id": 885,
 <     "jsonrpc": "2.0",
 <     "result": "0x56bc75e2d63100000"
 <   }
[2021/05/12 02:56:23.312] - eth_getBalance
[2021/05/12 02:56:23.314] -    > {
   >   "jsonrpc": "2.0",
   >   "id": 891,
   >   "method": "eth_getBalance",
   >   "params": [
   >     "0xf2f0608e90e9837a4a0b0a27f000800b770efa0d",
   >     "latest"
   >   ],
   >   "internal": true
   > }
[2021/05/12 02:56:23.318] -  <   {
 <     "id": 886,
 <     "jsonrpc": "2.0",
 <     "result": "0x0"
 <   }
[2021/05/12 02:56:23.319] - eth_getTransactionCount
[2021/05/12 02:56:23.320] -    > {
   >   "jsonrpc": "2.0",
   >   "id": 892,
   >   "method": "eth_getTransactionCount",
   >   "params": [
   >     "0xf2f0608e90e9837a4a0b0a27f000800b770efa0d",
   >     "latest"
   >   ],
   >   "internal": true
   > }
[2021/05/12 02:56:23.321] - eth_getBalance
[2021/05/12 02:56:23.322] -    > {
   >   "jsonrpc": "2.0",
   >   "id": 893,
   >   "method": "eth_getBalance",
   >   "params": [
   >     "0xef7658894ef59964749fffd11c34ac6058f0adb2",
   >     "latest"
   >   ],
   >   "internal": true
   > }
[2021/05/12 02:56:23.327] - eth_getTransactionCount
[2021/05/12 02:56:23.328] -    > {
   >   "jsonrpc": "2.0",
   >   "id": 894,
   >   "method": "eth_getTransactionCount",
   >   "params": [
   >     "0xef7658894ef59964749fffd11c34ac6058f0adb2",
   >     "latest"
   >   ],
   >   "internal": true
   > }
[2021/05/12 02:56:23.330] -  <   {
 <     "id": 887,
 <     "jsonrpc": "2.0",
 <     "result": "0x56bc75e2d63100000"
 <   }
[2021/05/12 02:56:23.332] - eth_getBalance
[2021/05/12 02:56:23.333] -    > {
   >   "jsonrpc": "2.0",
   >   "id": 895,
   >   "method": "eth_getBalance",
   >   "params": [
   >     "0xaa464685d24e4c35b2ee65b477064177e58ec0a1",
   >     "latest"
   >   ],
   >   "internal": true
   > }
[2021/05/12 02:56:23.335] -  <   {
 <     "id": 888,
 <     "jsonrpc": "2.0",
 <     "result": "0x0"
 <   }
[2021/05/12 02:56:23.337] - eth_getTransactionCount
[2021/05/12 02:56:23.338] -    > {
   >   "jsonrpc": "2.0",
   >   "id": 896,
   >   "method": "eth_getTransactionCount",
   >   "params": [
   >     "0xaa464685d24e4c35b2ee65b477064177e58ec0a1",
   >     "latest"
   >   ],
   >   "internal": true
   > }
[2021/05/12 02:56:23.341] - eth_getBalance
[2021/05/12 02:56:23.342] -    > {
   >   "jsonrpc": "2.0",
   >   "id": 897,
   >   "method": "eth_getBalance",
   >   "params": [
   >     "0x8e0100798ccf2e0fc062d5a44c7336bfcea954e5",
   >     "latest"
   >   ],
   >   "internal": true
   > }
[2021/05/12 02:56:23.344] -  <   {
 <     "id": 889,
 <     "jsonrpc": "2.0",
 <     "result": "0x56bc75e2d63100000"
 <   }
[2021/05/12 02:56:23.349] -  <   {
 <     "id": 890,
 <     "jsonrpc": "2.0",
 <     "result": "0x0"
 <   }
[2021/05/12 02:56:23.351] - eth_getTransactionCount
[2021/05/12 02:56:23.352] -    > {
   >   "jsonrpc": "2.0",
   >   "id": 898,
   >   "method": "eth_getTransactionCount",
   >   "params": [
   >     "0x8e0100798ccf2e0fc062d5a44c7336bfcea954e5",
   >     "latest"
   >   ],
   >   "internal": true
   > }
[2021/05/12 02:56:23.353] - eth_getBalance
[2021/05/12 02:56:23.355] -    > {
   >   "jsonrpc": "2.0",
   >   "id": 899,
   >   "method": "eth_getBalance",
   >   "params": [
   >     "0x922b80a2dd005edcc1797cb69eefeaafdbcc0f04",
   >     "latest"
   >   ],
   >   "internal": true
   > }
[2021/05/12 02:56:23.358] -  <   {
 <     "id": 891,
 <     "jsonrpc": "2.0",
 <     "result": "0x56bc75e2d63100000"
 <   }
[2021/05/12 02:56:23.359] - eth_getTransactionCount
[2021/05/12 02:56:23.360] -    > {
   >   "jsonrpc": "2.0",
   >   "id": 900,
   >   "method": "eth_getTransactionCount",
   >   "params": [
   >     "0x922b80a2dd005edcc1797cb69eefeaafdbcc0f04",
   >     "latest"
   >   ],
   >   "internal": true
   > }
[2021/05/12 02:56:23.362] -  <   {
 <     "id": 892,
 <     "jsonrpc": "2.0",
 <     "result": "0x0"
 <   }
[2021/05/12 02:56:23.372] -  <   {
 <     "id": 893,
 <     "jsonrpc": "2.0",
 <     "result": "0x56bc75e2d63100000"
 <   }
[2021/05/12 02:56:23.388] -  <   {
 <     "id": 894,
 <     "jsonrpc": "2.0",
 <     "result": "0x0"
 <   }
[2021/05/12 02:56:23.403] -  <   {
 <     "id": 895,
 <     "jsonrpc": "2.0",
 <     "result": "0x56bc75e2d63100000"
 <   }
[2021/05/12 02:56:23.414] -  <   {
 <     "id": 896,
 <     "jsonrpc": "2.0",
 <     "result": "0x0"
 <   }
[2021/05/12 02:56:23.416] - eth_getBalance
[2021/05/12 02:56:23.417] -    > {
   >   "jsonrpc": "2.0",
   >   "id": 902,
   >   "method": "eth_getBalance",
   >   "params": [
   >     "0xb9200d6617cbd67f9c021f50427d838ba2c40ce4",
   >     "latest"
   >   ],
   >   "internal": true
   > }
[2021/05/12 02:56:23.421] - eth_getTransactionCount
[2021/05/12 02:56:23.422] -    > {
   >   "jsonrpc": "2.0",
   >   "id": 903,
   >   "method": "eth_getTransactionCount",
   >   "params": [
   >     "0xb9200d6617cbd67f9c021f50427d838ba2c40ce4",
   >     "latest"
   >   ],
   >   "internal": true
   > }
[2021/05/12 02:56:23.424] -  <   {
 <     "id": 897,
 <     "jsonrpc": "2.0",
 <     "result": "0x56bc75e2d63100000"
 <   }
[2021/05/12 02:56:23.425] - eth_getBalance
[2021/05/12 02:56:23.427] -    > {
   >   "jsonrpc": "2.0",
   >   "id": 904,
   >   "method": "eth_getBalance",
   >   "params": [
   >     "0x04cba1af534441075e48eb94b5646f96cdfe1dfb",
   >     "latest"
   >   ],
   >   "internal": true
   > }
[2021/05/12 02:56:23.430] -  <   {
 <     "id": 898,
 <     "jsonrpc": "2.0",
 <     "result": "0x0"
 <   }
[2021/05/12 02:56:23.431] - eth_getTransactionCount
[2021/05/12 02:56:23.432] -    > {
   >   "jsonrpc": "2.0",
   >   "id": 905,
   >   "method": "eth_getTransactionCount",
   >   "params": [
   >     "0x04cba1af534441075e48eb94b5646f96cdfe1dfb",
   >     "latest"
   >   ],
   >   "internal": true
   > }
[2021/05/12 02:56:23.435] -  <   {
 <     "id": 899,
 <     "jsonrpc": "2.0",
 <     "result": "0x56bc75e2d63100000"
 <   }
[2021/05/12 02:56:23.437] - eth_getBalance
[2021/05/12 02:56:23.438] -    > {
   >   "jsonrpc": "2.0",
   >   "id": 906,
   >   "method": "eth_getBalance",
   >   "params": [
   >     "0xec903a02252003853f4046a985933d9bf4bbfff8",
   >     "latest"
   >   ],
   >   "internal": true
   > }
[2021/05/12 02:56:23.439] -  <   {
 <     "id": 900,
 <     "jsonrpc": "2.0",
 <     "result": "0x0"
 <   }
[2021/05/12 02:56:23.443] -  <   {
 <     "id": 902,
 <     "jsonrpc": "2.0",
 <     "result": "0x56bc75e2d63100000"
 <   }
[2021/05/12 02:56:23.444] - eth_getTransactionCount
[2021/05/12 02:56:23.445] -    > {
   >   "jsonrpc": "2.0",
   >   "id": 907,
   >   "method": "eth_getTransactionCount",
   >   "params": [
   >     "0xec903a02252003853f4046a985933d9bf4bbfff8",
   >     "latest"
   >   ],
   >   "internal": true
   > }
[2021/05/12 02:56:23.448] -  <   {
 <     "id": 903,
 <     "jsonrpc": "2.0",
 <     "result": "0x0"
 <   }
[2021/05/12 02:56:23.450] - eth_getBalance
[2021/05/12 02:56:23.450] -    > {
   >   "jsonrpc": "2.0",
   >   "id": 908,
   >   "method": "eth_getBalance",
   >   "params": [
   >     "0x4c3da660c886c6612d511279c1e73bb813f4b830",
   >     "latest"
   >   ],
   >   "internal": true
   > }
[2021/05/12 02:56:23.451] - eth_getTransactionCount
[2021/05/12 02:56:23.453] -    > {
   >   "jsonrpc": "2.0",
   >   "id": 909,
   >   "method": "eth_getTransactionCount",
   >   "params": [
   >     "0x4c3da660c886c6612d511279c1e73bb813f4b830",
   >     "latest"
   >   ],
   >   "internal": true
   > }
[2021/05/12 02:56:23.456] -  <   {
 <     "id": 904,
 <     "jsonrpc": "2.0",
 <     "result": "0x56bc75e2d63100000"
 <   }
[2021/05/12 02:56:23.458] - eth_getBalance
[2021/05/12 02:56:23.458] -    > {
   >   "jsonrpc": "2.0",
   >   "id": 910,
   >   "method": "eth_getBalance",
   >   "params": [
   >     "0xe5df565e63693ff10981abd293f79c12f0e205c6",
   >     "latest"
   >   ],
   >   "internal": true
   > }
[2021/05/12 02:56:23.461] -  <   {
 <     "id": 905,
 <     "jsonrpc": "2.0",
 <     "result": "0x0"
 <   }
[2021/05/12 02:56:23.462] - eth_getTransactionCount
[2021/05/12 02:56:23.463] -    > {
   >   "jsonrpc": "2.0",
   >   "id": 911,
   >   "method": "eth_getTransactionCount",
   >   "params": [
   >     "0xe5df565e63693ff10981abd293f79c12f0e205c6",
   >     "latest"
   >   ],
   >   "internal": true
   > }
[2021/05/12 02:56:23.464] - eth_getBalance
[2021/05/12 02:56:23.465] -    > {
   >   "jsonrpc": "2.0",
   >   "id": 912,
   >   "method": "eth_getBalance",
   >   "params": [
   >     "0xf2f0608e90e9837a4a0b0a27f000800b770efa0d",
   >     "latest"
   >   ],
   >   "internal": true
   > }
[2021/05/12 02:56:23.467] -  <   {
 <     "id": 906,
 <     "jsonrpc": "2.0",
 <     "result": "0x56bc75e2d63100000"
 <   }
[2021/05/12 02:56:23.470] -  <   {
 <     "id": 907,
 <     "jsonrpc": "2.0",
 <     "result": "0x0"
 <   }
[2021/05/12 02:56:23.471] - eth_getTransactionCount
[2021/05/12 02:56:23.472] -    > {
   >   "jsonrpc": "2.0",
   >   "id": 913,
   >   "method": "eth_getTransactionCount",
   >   "params": [
   >     "0xf2f0608e90e9837a4a0b0a27f000800b770efa0d",
   >     "latest"
   >   ],
   >   "internal": true
   > }
[2021/05/12 02:56:23.475] -  <   {
 <     "id": 908,
 <     "jsonrpc": "2.0",
 <     "result": "0x56bc75e2d63100000"
 <   }
[2021/05/12 02:56:23.476] - eth_getBalance
[2021/05/12 02:56:23.477] -    > {
   >   "jsonrpc": "2.0",
   >   "id": 914,
   >   "method": "eth_getBalance",
   >   "params": [
   >     "0xef7658894ef59964749fffd11c34ac6058f0adb2",
   >     "latest"
   >   ],
   >   "internal": true
   > }
[2021/05/12 02:56:23.481] -  <   {
 <     "id": 909,
 <     "jsonrpc": "2.0",
 <     "result": "0x0"
 <   }
[2021/05/12 02:56:23.482] - eth_getTransactionCount
[2021/05/12 02:56:23.484] -    > {
   >   "jsonrpc": "2.0",
   >   "id": 915,
   >   "method": "eth_getTransactionCount",
   >   "params": [
   >     "0xef7658894ef59964749fffd11c34ac6058f0adb2",
   >     "latest"
   >   ],
   >   "internal": true
   > }
[2021/05/12 02:56:23.487] -  <   {
 <     "id": 910,
 <     "jsonrpc": "2.0",
 <     "result": "0x56bc75e2d63100000"
 <   }
[2021/05/12 02:56:23.488] - eth_getBalance
[2021/05/12 02:56:23.489] -    > {
   >   "jsonrpc": "2.0",
   >   "id": 916,
   >   "method": "eth_getBalance",
   >   "params": [
   >     "0xaa464685d24e4c35b2ee65b477064177e58ec0a1",
   >     "latest"
   >   ],
   >   "internal": true
   > }
[2021/05/12 02:56:23.492] -  <   {
 <     "id": 911,
 <     "jsonrpc": "2.0",
 <     "result": "0x0"
 <   }
[2021/05/12 02:56:23.493] - eth_getTransactionCount
[2021/05/12 02:56:23.494] -    > {
   >   "jsonrpc": "2.0",
   >   "id": 917,
   >   "method": "eth_getTransactionCount",
   >   "params": [
   >     "0xaa464685d24e4c35b2ee65b477064177e58ec0a1",
   >     "latest"
   >   ],
   >   "internal": true
   > }
[2021/05/12 02:56:23.495] - eth_getBalance
[2021/05/12 02:56:23.496] -    > {
   >   "jsonrpc": "2.0",
   >   "id": 918,
   >   "method": "eth_getBalance",
   >   "params": [
   >     "0x8e0100798ccf2e0fc062d5a44c7336bfcea954e5",
   >     "latest"
   >   ],
   >   "internal": true
   > }
[2021/05/12 02:56:23.500] -  <   {
 <     "id": 912,
 <     "jsonrpc": "2.0",
 <     "result": "0x56bc75e2d63100000"
 <   }
[2021/05/12 02:56:23.502] - eth_getTransactionCount
[2021/05/12 02:56:23.503] -    > {
   >   "jsonrpc": "2.0",
   >   "id": 919,
   >   "method": "eth_getTransactionCount",
   >   "params": [
   >     "0x8e0100798ccf2e0fc062d5a44c7336bfcea954e5",
   >     "latest"
   >   ],
   >   "internal": true
   > }
[2021/05/12 02:56:23.505] -  <   {
 <     "id": 913,
 <     "jsonrpc": "2.0",
 <     "result": "0x0"
 <   }
[2021/05/12 02:56:23.511] -  <   {
 <     "id": 914,
 <     "jsonrpc": "2.0",
 <     "result": "0x56bc75e2d63100000"
 <   }
[2021/05/12 02:56:23.512] - eth_getBalance
[2021/05/12 02:56:23.513] -    > {
   >   "jsonrpc": "2.0",
   >   "id": 920,
   >   "method": "eth_getBalance",
   >   "params": [
   >     "0x922b80a2dd005edcc1797cb69eefeaafdbcc0f04",
   >     "latest"
   >   ],
   >   "internal": true
   > }
[2021/05/12 02:56:23.514] - eth_getTransactionCount
[2021/05/12 02:56:23.516] -    > {
   >   "jsonrpc": "2.0",
   >   "id": 921,
   >   "method": "eth_getTransactionCount",
   >   "params": [
   >     "0x922b80a2dd005edcc1797cb69eefeaafdbcc0f04",
   >     "latest"
   >   ],
   >   "internal": true
   > }
[2021/05/12 02:56:23.519] -  <   {
 <     "id": 915,
 <     "jsonrpc": "2.0",
 <     "result": "0x0"
 <   }
[2021/05/12 02:56:23.520] - eth_getBalance
[2021/05/12 02:56:23.521] -    > {
   >   "jsonrpc": "2.0",
   >   "id": 922,
   >   "method": "eth_getBalance",
   >   "params": [
   >     "0xb9200d6617cbd67f9c021f50427d838ba2c40ce4",
   >     "latest"
   >   ],
   >   "internal": true
   > }
[2021/05/12 02:56:23.524] -  <   {
 <     "id": 916,
 <     "jsonrpc": "2.0",
 <     "result": "0x56bc75e2d63100000"
 <   }
[2021/05/12 02:56:23.526] - eth_getTransactionCount
[2021/05/12 02:56:23.527] -    > {
   >   "jsonrpc": "2.0",
   >   "id": 923,
   >   "method": "eth_getTransactionCount",
   >   "params": [
   >     "0xb9200d6617cbd67f9c021f50427d838ba2c40ce4",
   >     "latest"
   >   ],
   >   "internal": true
   > }
[2021/05/12 02:56:23.530] -  <   {
 <     "id": 917,
 <     "jsonrpc": "2.0",
 <     "result": "0x0"
 <   }
[2021/05/12 02:56:23.534] -  <   {
 <     "id": 918,
 <     "jsonrpc": "2.0",
 <     "result": "0x56bc75e2d63100000"
 <   }
[2021/05/12 02:56:23.535] - eth_getBalance
[2021/05/12 02:56:23.536] -    > {
   >   "jsonrpc": "2.0",
   >   "id": 924,
   >   "method": "eth_getBalance",
   >   "params": [
   >     "0x04cba1af534441075e48eb94b5646f96cdfe1dfb",
   >     "latest"
   >   ],
   >   "internal": true
   > }
[2021/05/12 02:56:23.537] - eth_getTransactionCount
[2021/05/12 02:56:23.538] -    > {
   >   "jsonrpc": "2.0",
   >   "id": 925,
   >   "method": "eth_getTransactionCount",
   >   "params": [
   >     "0x04cba1af534441075e48eb94b5646f96cdfe1dfb",
   >     "latest"
   >   ],
   >   "internal": true
   > }
[2021/05/12 02:56:23.552] -  <   {
 <     "id": 919,
 <     "jsonrpc": "2.0",
 <     "result": "0x0"
 <   }
[2021/05/12 02:56:23.553] - eth_getBalance
[2021/05/12 02:56:23.554] -    > {
   >   "jsonrpc": "2.0",
   >   "id": 926,
   >   "method": "eth_getBalance",
   >   "params": [
   >     "0xec903a02252003853f4046a985933d9bf4bbfff8",
   >     "latest"
   >   ],
   >   "internal": true
   > }
[2021/05/12 02:56:23.555] - eth_getTransactionCount
[2021/05/12 02:56:23.556] -    > {
   >   "jsonrpc": "2.0",
   >   "id": 927,
   >   "method": "eth_getTransactionCount",
   >   "params": [
   >     "0xec903a02252003853f4046a985933d9bf4bbfff8",
   >     "latest"
   >   ],
   >   "internal": true
   > }
[2021/05/12 02:56:23.558] -  <   {
 <     "id": 920,
 <     "jsonrpc": "2.0",
 <     "result": "0x56bc75e2d63100000"
 <   }
[2021/05/12 02:56:23.561] - eth_getBalance
[2021/05/12 02:56:23.561] -    > {
   >   "jsonrpc": "2.0",
   >   "id": 928,
   >   "method": "eth_getBalance",
   >   "params": [
   >     "0x4c3da660c886c6612d511279c1e73bb813f4b830",
   >     "latest"
   >   ],
   >   "internal": true
   > }
[2021/05/12 02:56:23.563] - eth_getTransactionCount
[2021/05/12 02:56:23.564] -    > {
   >   "jsonrpc": "2.0",
   >   "id": 929,
   >   "method": "eth_getTransactionCount",
   >   "params": [
   >     "0x4c3da660c886c6612d511279c1e73bb813f4b830",
   >     "latest"
   >   ],
   >   "internal": true
   > }
[2021/05/12 02:56:23.566] -  <   {
 <     "id": 921,
 <     "jsonrpc": "2.0",
 <     "result": "0x0"
 <   }
[2021/05/12 02:56:23.567] - eth_getBalance
[2021/05/12 02:56:23.568] -    > {
   >   "jsonrpc": "2.0",
   >   "id": 930,
   >   "method": "eth_getBalance",
   >   "params": [
   >     "0xe5df565e63693ff10981abd293f79c12f0e205c6",
   >     "latest"
   >   ],
   >   "internal": true
   > }
[2021/05/12 02:56:23.574] -  <   {
 <     "id": 922,
 <     "jsonrpc": "2.0",
 <     "result": "0x56bc75e2d63100000"
 <   }
[2021/05/12 02:56:23.575] - eth_getTransactionCount
[2021/05/12 02:56:23.576] -    > {
   >   "jsonrpc": "2.0",
   >   "id": 931,
   >   "method": "eth_getTransactionCount",
   >   "params": [
   >     "0xe5df565e63693ff10981abd293f79c12f0e205c6",
   >     "latest"
   >   ],
   >   "internal": true
   > }
[2021/05/12 02:56:23.577] - eth_getBalance
[2021/05/12 02:56:23.578] -    > {
   >   "jsonrpc": "2.0",
   >   "id": 932,
   >   "method": "eth_getBalance",
   >   "params": [
   >     "0xf2f0608e90e9837a4a0b0a27f000800b770efa0d",
   >     "latest"
   >   ],
   >   "internal": true
   > }
[2021/05/12 02:56:23.580] -  <   {
 <     "id": 923,
 <     "jsonrpc": "2.0",
 <     "result": "0x0"
 <   }
[2021/05/12 02:56:23.581] - eth_getTransactionCount
[2021/05/12 02:56:23.582] -    > {
   >   "jsonrpc": "2.0",
   >   "id": 933,
   >   "method": "eth_getTransactionCount",
   >   "params": [
   >     "0xf2f0608e90e9837a4a0b0a27f000800b770efa0d",
   >     "latest"
   >   ],
   >   "internal": true
   > }
[2021/05/12 02:56:23.584] -  <   {
 <     "id": 924,
 <     "jsonrpc": "2.0",
 <     "result": "0x56bc75e2d63100000"
 <   }
[2021/05/12 02:56:23.585] - eth_getBalance
[2021/05/12 02:56:23.586] -    > {
   >   "jsonrpc": "2.0",
   >   "id": 934,
   >   "method": "eth_getBalance",
   >   "params": [
   >     "0xef7658894ef59964749fffd11c34ac6058f0adb2",
   >     "latest"
   >   ],
   >   "internal": true
   > }
[2021/05/12 02:56:23.589] -  <   {
 <     "id": 925,
 <     "jsonrpc": "2.0",
 <     "result": "0x0"
 <   }
[2021/05/12 02:56:23.590] - eth_getTransactionCount
[2021/05/12 02:56:23.591] -    > {
   >   "jsonrpc": "2.0",
   >   "id": 935,
   >   "method": "eth_getTransactionCount",
   >   "params": [
   >     "0xef7658894ef59964749fffd11c34ac6058f0adb2",
   >     "latest"
   >   ],
   >   "internal": true
   > }
[2021/05/12 02:56:23.593] -  <   {
 <     "id": 926,
 <     "jsonrpc": "2.0",
 <     "result": "0x56bc75e2d63100000"
 <   }
[2021/05/12 02:56:23.597] -  <   {
 <     "id": 927,
 <     "jsonrpc": "2.0",
 <     "result": "0x0"
 <   }
[2021/05/12 02:56:23.599] - eth_getBalance
[2021/05/12 02:56:23.600] -    > {
   >   "jsonrpc": "2.0",
   >   "id": 936,
   >   "method": "eth_getBalance",
   >   "params": [
   >     "0xaa464685d24e4c35b2ee65b477064177e58ec0a1",
   >     "latest"
   >   ],
   >   "internal": true
   > }
[2021/05/12 02:56:23.604] -  <   {
 <     "id": 928,
 <     "jsonrpc": "2.0",
 <     "result": "0x56bc75e2d63100000"
 <   }
[2021/05/12 02:56:23.605] - eth_getTransactionCount
[2021/05/12 02:56:23.606] -    > {
   >   "jsonrpc": "2.0",
   >   "id": 937,
   >   "method": "eth_getTransactionCount",
   >   "params": [
   >     "0xaa464685d24e4c35b2ee65b477064177e58ec0a1",
   >     "latest"
   >   ],
   >   "internal": true
   > }
[2021/05/12 02:56:23.609] -  <   {
 <     "id": 929,
 <     "jsonrpc": "2.0",
 <     "result": "0x0"
 <   }
[2021/05/12 02:56:23.610] - eth_getBalance
[2021/05/12 02:56:23.611] -    > {
   >   "jsonrpc": "2.0",
   >   "id": 938,
   >   "method": "eth_getBalance",
   >   "params": [
   >     "0x8e0100798ccf2e0fc062d5a44c7336bfcea954e5",
   >     "latest"
   >   ],
   >   "internal": true
   > }
[2021/05/12 02:56:23.612] - eth_getTransactionCount
[2021/05/12 02:56:23.613] -    > {
   >   "jsonrpc": "2.0",
   >   "id": 939,
   >   "method": "eth_getTransactionCount",
   >   "params": [
   >     "0x8e0100798ccf2e0fc062d5a44c7336bfcea954e5",
   >     "latest"
   >   ],
   >   "internal": true
   > }
[2021/05/12 02:56:23.615] -  <   {
 <     "id": 930,
 <     "jsonrpc": "2.0",
 <     "result": "0x56bc75e2d63100000"
 <   }
[2021/05/12 02:56:23.617] - eth_getBalance
[2021/05/12 02:56:23.618] -    > {
   >   "jsonrpc": "2.0",
   >   "id": 940,
   >   "method": "eth_getBalance",
   >   "params": [
   >     "0x922b80a2dd005edcc1797cb69eefeaafdbcc0f04",
   >     "latest"
   >   ],
   >   "internal": true
   > }
[2021/05/12 02:56:23.621] -  <   {
 <     "id": 931,
 <     "jsonrpc": "2.0",
 <     "result": "0x0"
 <   }
[2021/05/12 02:56:23.622] - eth_getTransactionCount
[2021/05/12 02:56:23.623] -    > {
   >   "jsonrpc": "2.0",
   >   "id": 941,
   >   "method": "eth_getTransactionCount",
   >   "params": [
   >     "0x922b80a2dd005edcc1797cb69eefeaafdbcc0f04",
   >     "latest"
   >   ],
   >   "internal": true
   > }
[2021/05/12 02:56:23.632] -  <   {
 <     "id": 932,
 <     "jsonrpc": "2.0",
 <     "result": "0x56bc75e2d63100000"
 <   }
[2021/05/12 02:56:23.649] -  <   {
 <     "id": 933,
 <     "jsonrpc": "2.0",
 <     "result": "0x0"
 <   }
[2021/05/12 02:56:23.664] -  <   {
 <     "id": 934,
 <     "jsonrpc": "2.0",
 <     "result": "0x56bc75e2d63100000"
 <   }
[2021/05/12 02:56:23.678] -  <   {
 <     "id": 935,
 <     "jsonrpc": "2.0",
 <     "result": "0x0"
 <   }
[2021/05/12 02:56:23.680] - eth_getTransactionCount
[2021/05/12 02:56:23.681] -    > {
   >   "jsonrpc": "2.0",
   >   "id": 943,
   >   "method": "eth_getTransactionCount",
   >   "params": [
   >     "0xb9200d6617cbd67f9c021f50427d838ba2c40ce4",
   >     "latest"
   >   ],
   >   "internal": true
   > }
[2021/05/12 02:56:23.682] -  <   {
 <     "id": 936,
 <     "jsonrpc": "2.0",
 <     "result": "0x56bc75e2d63100000"
 <   }
[2021/05/12 02:56:23.685] -  <   {
 <     "id": 937,
 <     "jsonrpc": "2.0",
 <     "result": "0x0"
 <   }
[2021/05/12 02:56:23.687] - eth_getBalance
[2021/05/12 02:56:23.688] -    > {
   >   "jsonrpc": "2.0",
   >   "id": 944,
   >   "method": "eth_getBalance",
   >   "params": [
   >     "0x04cba1af534441075e48eb94b5646f96cdfe1dfb",
   >     "latest"
   >   ],
   >   "internal": true
   > }
[2021/05/12 02:56:23.730] -  <   {
 <     "id": 938,
 <     "jsonrpc": "2.0",
 <     "result": "0x56bc75e2d63100000"
 <   }
[2021/05/12 02:56:23.732] - eth_getTransactionCount
[2021/05/12 02:56:23.732] -    > {
   >   "jsonrpc": "2.0",
   >   "id": 945,
   >   "method": "eth_getTransactionCount",
   >   "params": [
   >     "0x04cba1af534441075e48eb94b5646f96cdfe1dfb",
   >     "latest"
   >   ],
   >   "internal": true
   > }
[2021/05/12 02:56:23.740] - eth_getBalance
[2021/05/12 02:56:23.741] -    > {
   >   "jsonrpc": "2.0",
   >   "id": 946,
   >   "method": "eth_getBalance",
   >   "params": [
   >     "0xec903a02252003853f4046a985933d9bf4bbfff8",
   >     "latest"
   >   ],
   >   "internal": true
   > }
[2021/05/12 02:56:23.748] -  <   {
 <     "id": 939,
 <     "jsonrpc": "2.0",
 <     "result": "0x0"
 <   }
[2021/05/12 02:56:23.750] - eth_getTransactionCount
[2021/05/12 02:56:23.751] -    > {
   >   "jsonrpc": "2.0",
   >   "id": 947,
   >   "method": "eth_getTransactionCount",
   >   "params": [
   >     "0xec903a02252003853f4046a985933d9bf4bbfff8",
   >     "latest"
   >   ],
   >   "internal": true
   > }
[2021/05/12 02:56:23.752] - eth_getBalance
[2021/05/12 02:56:23.753] -    > {
   >   "jsonrpc": "2.0",
   >   "id": 948,
   >   "method": "eth_getBalance",
   >   "params": [
   >     "0x4c3da660c886c6612d511279c1e73bb813f4b830",
   >     "latest"
   >   ],
   >   "internal": true
   > }
[2021/05/12 02:56:23.754] - eth_getTransactionCount
[2021/05/12 02:56:23.755] -    > {
   >   "jsonrpc": "2.0",
   >   "id": 949,
   >   "method": "eth_getTransactionCount",
   >   "params": [
   >     "0x4c3da660c886c6612d511279c1e73bb813f4b830",
   >     "latest"
   >   ],
   >   "internal": true
   > }
[2021/05/12 02:56:23.757] -  <   {
 <     "id": 940,
 <     "jsonrpc": "2.0",
 <     "result": "0x56bc75e2d63100000"
 <   }
[2021/05/12 02:56:23.759] - eth_getBalance
[2021/05/12 02:56:23.759] -    > {
   >   "jsonrpc": "2.0",
   >   "id": 950,
   >   "method": "eth_getBalance",
   >   "params": [
   >     "0xe5df565e63693ff10981abd293f79c12f0e205c6",
   >     "latest"
   >   ],
   >   "internal": true
   > }
[2021/05/12 02:56:23.760] - eth_getTransactionCount
[2021/05/12 02:56:23.761] -    > {
   >   "jsonrpc": "2.0",
   >   "id": 951,
   >   "method": "eth_getTransactionCount",
   >   "params": [
   >     "0xe5df565e63693ff10981abd293f79c12f0e205c6",
   >     "latest"
   >   ],
   >   "internal": true
   > }
[2021/05/12 02:56:23.762] - eth_getBalance
[2021/05/12 02:56:23.762] -    > {
   >   "jsonrpc": "2.0",
   >   "id": 952,
   >   "method": "eth_getBalance",
   >   "params": [
   >     "0xf2f0608e90e9837a4a0b0a27f000800b770efa0d",
   >     "latest"
   >   ],
   >   "internal": true
   > }
[2021/05/12 02:56:23.763] - eth_getTransactionCount
[2021/05/12 02:56:23.764] -    > {
   >   "jsonrpc": "2.0",
   >   "id": 953,
   >   "method": "eth_getTransactionCount",
   >   "params": [
   >     "0xf2f0608e90e9837a4a0b0a27f000800b770efa0d",
   >     "latest"
   >   ],
   >   "internal": true
   > }
[2021/05/12 02:56:23.766] -  <   {
 <     "id": 941,
 <     "jsonrpc": "2.0",
 <     "result": "0x0"
 <   }
[2021/05/12 02:56:23.768] - eth_getBalance
[2021/05/12 02:56:23.769] -    > {
   >   "jsonrpc": "2.0",
   >   "id": 954,
   >   "method": "eth_getBalance",
   >   "params": [
   >     "0xef7658894ef59964749fffd11c34ac6058f0adb2",
   >     "latest"
   >   ],
   >   "internal": true
   > }
[2021/05/12 02:56:23.770] - eth_getTransactionCount
[2021/05/12 02:56:23.771] -    > {
   >   "jsonrpc": "2.0",
   >   "id": 955,
   >   "method": "eth_getTransactionCount",
   >   "params": [
   >     "0xef7658894ef59964749fffd11c34ac6058f0adb2",
   >     "latest"
   >   ],
   >   "internal": true
   > }
[2021/05/12 02:56:23.772] - eth_getBalance
[2021/05/12 02:56:23.773] -    > {
   >   "jsonrpc": "2.0",
   >   "id": 956,
   >   "method": "eth_getBalance",
   >   "params": [
   >     "0xaa464685d24e4c35b2ee65b477064177e58ec0a1",
   >     "latest"
   >   ],
   >   "internal": true
   > }
[2021/05/12 02:56:23.775] -  <   {
 <     "id": 943,
 <     "jsonrpc": "2.0",
 <     "result": "0x0"
 <   }
[2021/05/12 02:56:23.777] - eth_getTransactionCount
[2021/05/12 02:56:23.778] -    > {
   >   "jsonrpc": "2.0",
   >   "id": 957,
   >   "method": "eth_getTransactionCount",
   >   "params": [
   >     "0xaa464685d24e4c35b2ee65b477064177e58ec0a1",
   >     "latest"
   >   ],
   >   "internal": true
   > }
[2021/05/12 02:56:23.779] - eth_getBalance
[2021/05/12 02:56:23.780] -    > {
   >   "jsonrpc": "2.0",
   >   "id": 958,
   >   "method": "eth_getBalance",
   >   "params": [
   >     "0x8e0100798ccf2e0fc062d5a44c7336bfcea954e5",
   >     "latest"
   >   ],
   >   "internal": true
   > }
[2021/05/12 02:56:23.781] - eth_getTransactionCount
[2021/05/12 02:56:23.782] -    > {
   >   "jsonrpc": "2.0",
   >   "id": 959,
   >   "method": "eth_getTransactionCount",
   >   "params": [
   >     "0x8e0100798ccf2e0fc062d5a44c7336bfcea954e5",
   >     "latest"
   >   ],
   >   "internal": true
   > }
[2021/05/12 02:56:23.783] - eth_getBalance
[2021/05/12 02:56:23.784] -    > {
   >   "jsonrpc": "2.0",
   >   "id": 960,
   >   "method": "eth_getBalance",
   >   "params": [
   >     "0x922b80a2dd005edcc1797cb69eefeaafdbcc0f04",
   >     "latest"
   >   ],
   >   "internal": true
   > }
[2021/05/12 02:56:23.785] - eth_getTransactionCount
[2021/05/12 02:56:23.786] -    > {
   >   "jsonrpc": "2.0",
   >   "id": 961,
   >   "method": "eth_getTransactionCount",
   >   "params": [
   >     "0x922b80a2dd005edcc1797cb69eefeaafdbcc0f04",
   >     "latest"
   >   ],
   >   "internal": true
   > }
[2021/05/12 02:56:23.788] -  <   {
 <     "id": 944,
 <     "jsonrpc": "2.0",
 <     "result": "0x56bc75e2d63100000"
 <   }
[2021/05/12 02:56:23.801] -  <   {
 <     "id": 945,
 <     "jsonrpc": "2.0",
 <     "result": "0x0"
 <   }
[2021/05/12 02:56:23.817] -  <   {
 <     "id": 946,
 <     "jsonrpc": "2.0",
 <     "result": "0x56bc75e2d63100000"
 <   }
[2021/05/12 02:56:23.834] -  <   {
 <     "id": 947,
 <     "jsonrpc": "2.0",
 <     "result": "0x0"
 <   }
[2021/05/12 02:56:23.848] -  <   {
 <     "id": 948,
 <     "jsonrpc": "2.0",
 <     "result": "0x56bc75e2d63100000"
 <   }
[2021/05/12 02:56:23.866] -  <   {
 <     "id": 949,
 <     "jsonrpc": "2.0",
 <     "result": "0x0"
 <   }
[2021/05/12 02:56:23.894] -  <   {
 <     "id": 950,
 <     "jsonrpc": "2.0",
 <     "result": "0x56bc75e2d63100000"
 <   }
[2021/05/12 02:56:23.910] -  <   {
 <     "id": 951,
 <     "jsonrpc": "2.0",
 <     "result": "0x0"
 <   }
[2021/05/12 02:56:23.925] -  <   {
 <     "id": 952,
 <     "jsonrpc": "2.0",
 <     "result": "0x56bc75e2d63100000"
 <   }
[2021/05/12 02:56:23.940] -  <   {
 <     "id": 953,
 <     "jsonrpc": "2.0",
 <     "result": "0x0"
 <   }
[2021/05/12 02:56:23.954] -  <   {
 <     "id": 954,
 <     "jsonrpc": "2.0",
 <     "result": "0x56bc75e2d63100000"
 <   }
[2021/05/12 02:56:23.970] -  <   {
 <     "id": 955,
 <     "jsonrpc": "2.0",
 <     "result": "0x0"
 <   }
[2021/05/12 02:56:23.986] -  <   {
 <     "id": 956,
 <     "jsonrpc": "2.0",
 <     "result": "0x56bc75e2d63100000"
 <   }
[2021/05/12 02:56:24.002] -  <   {
 <     "id": 957,
 <     "jsonrpc": "2.0",
 <     "result": "0x0"
 <   }
[2021/05/12 02:56:24.017] -  <   {
 <     "id": 958,
 <     "jsonrpc": "2.0",
 <     "result": "0x56bc75e2d63100000"
 <   }
[2021/05/12 02:56:24.032] -  <   {
 <     "id": 959,
 <     "jsonrpc": "2.0",
 <     "result": "0x0"
 <   }
[2021/05/12 02:56:24.049] -  <   {
 <     "id": 960,
 <     "jsonrpc": "2.0",
 <     "result": "0x56bc75e2d63100000"
 <   }
[2021/05/12 02:56:24.062] -  <   {
 <     "id": 961,
 <     "jsonrpc": "2.0",
 <     "result": "0x0"
 <   }
[2021/05/12 02:56:39.941] - eth_blockNumber
[2021/05/12 02:56:39.942] -    > {
   >   "id": 1,
   >   "jsonrpc": "2.0",
   >   "method": "eth_blockNumber",
   >   "params": []
   > }
[2021/05/12 02:56:39.951] -  <   {
 <     "id": 1,
 <     "jsonrpc": "2.0",
 <     "result": "0x0"
 <   }
[2021/05/12 02:56:46.971] - eth_getBlockByNumber
[2021/05/12 02:56:46.972] -    > {
   >   "jsonrpc": "2.0",
   >   "id": 962,
   >   "method": "eth_getBlockByNumber",
   >   "params": [
   >     "0x0",
   >     false
   >   ],
   >   "internal": true
   > }
[2021/05/12 02:56:46.989] -  <   {
 <     "id": 962,
 <     "jsonrpc": "2.0",
 <     "result": {
 <       "number": "0x0",
 <       "hash": "0xd086d15525727f142f50663740be0ea39f7e404aee6881a682c5c515aef23f5e",
 <       "parentHash": "0x0000000000000000000000000000000000000000000000000000000000000000",
 <       "mixHash": "0x0000000000000000000000000000000000000000000000000000000000000000",
 <       "nonce": "0x0000000000000000",
 <       "sha3Uncles": "0x1dcc4de8dec75d7aab85b567b6ccd41ad312451b948a7413f0a142fd40d49347",
 <       "logsBloom": "0x00000000000000000000000000000000000000000000000000000000000000000000000000000000000000000000000000000000000000000000000000000000000000000000000000000000000000000000000000000000000000000000000000000000000000000000000000000000000000000000000000000000000000000000000000000000000000000000000000000000000000000000000000000000000000000000000000000000000000000000000000000000000000000000000000000000000000000000000000000000000000000000000000000000000000000000000000000000000000000000000000000000000000000000000000000000",
 <       "transactionsRoot": "0x56e81f171bcc55a6ff8345e692c0f86e5b48e01b996cadc001622fb5e363b421",
 <       "stateRoot": "0x80b028931c8965d9166eff7bde634d73da93afffd65cff8faba50f693fe2a019",
 <       "receiptsRoot": "0x56e81f171bcc55a6ff8345e692c0f86e5b48e01b996cadc001622fb5e363b421",
 <       "miner": "0x0000000000000000000000000000000000000000",
 <       "difficulty": "0x0",
 <       "totalDifficulty": "0x0",
 <       "extraData": "0x",
 <       "size": "0x3e8",
 <       "gasLimit": "0x6691b7",
 <       "gasUsed": "0x0",
 <       "timestamp": "0x609b25ef",
 <       "transactions": [],
 <       "uncles": []
 <     }
 <   }
[2021/05/12 02:56:47.002] - eth_getBlockTransactionCountByHash
[2021/05/12 02:56:47.002] -    > {
   >   "jsonrpc": "2.0",
   >   "id": 963,
   >   "method": "eth_getBlockTransactionCountByHash",
   >   "params": [
   >     "0xd086d15525727f142f50663740be0ea39f7e404aee6881a682c5c515aef23f5e"
   >   ],
   >   "internal": true
   > }
[2021/05/12 02:56:47.020] -  <   {
 <     "id": 963,
 <     "jsonrpc": "2.0",
 <     "result": "0x0"
 <   }
[2021/05/12 02:56:48.702] - eth_getBlockByNumber
[2021/05/12 02:56:48.702] -    > {
   >   "jsonrpc": "2.0",
   >   "id": 964,
   >   "method": "eth_getBlockByNumber",
   >   "params": [
   >     "0x0",
   >     true
   >   ],
   >   "internal": true
   > }
[2021/05/12 02:56:48.707] -  <   {
 <     "id": 964,
 <     "jsonrpc": "2.0",
 <     "result": {
 <       "number": "0x0",
 <       "hash": "0xd086d15525727f142f50663740be0ea39f7e404aee6881a682c5c515aef23f5e",
 <       "parentHash": "0x0000000000000000000000000000000000000000000000000000000000000000",
 <       "mixHash": "0x0000000000000000000000000000000000000000000000000000000000000000",
 <       "nonce": "0x0000000000000000",
 <       "sha3Uncles": "0x1dcc4de8dec75d7aab85b567b6ccd41ad312451b948a7413f0a142fd40d49347",
 <       "logsBloom": "0x00000000000000000000000000000000000000000000000000000000000000000000000000000000000000000000000000000000000000000000000000000000000000000000000000000000000000000000000000000000000000000000000000000000000000000000000000000000000000000000000000000000000000000000000000000000000000000000000000000000000000000000000000000000000000000000000000000000000000000000000000000000000000000000000000000000000000000000000000000000000000000000000000000000000000000000000000000000000000000000000000000000000000000000000000000000",
 <       "transactionsRoot": "0x56e81f171bcc55a6ff8345e692c0f86e5b48e01b996cadc001622fb5e363b421",
 <       "stateRoot": "0x80b028931c8965d9166eff7bde634d73da93afffd65cff8faba50f693fe2a019",
 <       "receiptsRoot": "0x56e81f171bcc55a6ff8345e692c0f86e5b48e01b996cadc001622fb5e363b421",
 <       "miner": "0x0000000000000000000000000000000000000000",
 <       "difficulty": "0x0",
 <       "totalDifficulty": "0x0",
 <       "extraData": "0x",
 <       "size": "0x3e8",
 <       "gasLimit": "0x6691b7",
 <       "gasUsed": "0x0",
 <       "timestamp": "0x609b25ef",
 <       "transactions": [],
 <       "uncles": []
 <     }
 <   }
[2021/05/12 02:56:52.231] - eth_getLogs
[2021/05/12 02:56:52.232] -    > {
   >   "jsonrpc": "2.0",
   >   "id": 966,
   >   "method": "eth_getLogs",
   >   "params": [
   >     {
   >       "fromBlock": "0x0",
   >       "toBlock": "0x0",
   >       "topics": []
   >     }
   >   ],
   >   "internal": true
   > }
[2021/05/12 02:56:52.248] -  <   {
 <     "id": 966,
 <     "jsonrpc": "2.0",
 <     "result": []
 <   }
[2021/05/12 02:56:59.974] - eth_blockNumber
[2021/05/12 02:56:59.975] -    > {
   >   "id": 1,
   >   "jsonrpc": "2.0",
   >   "method": "eth_blockNumber",
   >   "params": []
   > }
[2021/05/12 02:56:59.984] -  <   {
 <     "id": 1,
 <     "jsonrpc": "2.0",
 <     "result": "0x0"
 <   }
[2021/05/12 02:57:07.332] - eth_unsubscribe
[2021/05/12 02:57:07.334] -    > {
   >   "jsonrpc": "2.0",
   >   "id": 87,
   >   "method": "eth_unsubscribe",
   >   "params": [
   >     "0x3"
   >   ]
   > }
[2021/05/12 02:57:07.336] -  <   {
 <     "id": 87,
 <     "jsonrpc": "2.0",
 <     "result": true
 <   }
[2021/05/12 02:57:07.337] - eth_unsubscribe
[2021/05/12 02:57:07.339] -    > {
   >   "jsonrpc": "2.0",
   >   "id": 88,
   >   "method": "eth_unsubscribe",
   >   "params": [
   >     "0x4"
   >   ]
   > }
[2021/05/12 02:57:07.342] -    > {
   >   "jsonrpc": "2.0",
   >   "method": "eth_unsubscribe",
   >   "params": [
   >     "0x5"
   >   ],
   >   "id": 1620781027341
   > }
[2021/05/12 02:57:07.343] -    > {
   >   "jsonrpc": "2.0",
   >   "method": "eth_unsubscribe",
   >   "params": [
   >     "0x4"
   >   ],
   >   "id": 1620781027343
   > }
[2021/05/12 02:57:07.344] -    > {
   >   "jsonrpc": "2.0",
   >   "method": "eth_unsubscribe",
   >   "params": [
   >     "0x6"
   >   ],
   >   "id": 1620781027344
   > }
[2021/05/12 02:57:07.347] -    > {
   >   "jsonrpc": "2.0",
   >   "method": "eth_unsubscribe",
   >   "params": [
   >     "0x1"
   >   ],
   >   "id": 1620781027345
   > }
[2021/05/12 02:57:07.348] -    > {
   >   "jsonrpc": "2.0",
   >   "method": "eth_unsubscribe",
   >   "params": [
   >     "0x2"
   >   ],
   >   "id": 1620781027348
   > }
[2021/05/12 02:57:07.350] -  <   {
 <     "id": 88,
 <     "jsonrpc": "2.0",
 <     "result": true
 <   }
[2021/05/12 02:57:07.364] -  <   {
 <     "id": 1620781027341,
 <     "jsonrpc": "2.0",
 <     "result": true
 <   }
[2021/05/12 02:57:07.380] -  <   {
 <     "id": 1620781027343,
 <     "jsonrpc": "2.0",
 <     "error": {
 <       "message": "Subscription ID 0x4 not found.",
 <       "code": -32000,
 <       "data": {
 <         "stack": "Error: Subscription ID 0x4 not found.\n    at SubscriptionSubprovider.eth_unsubscribe (C:\\Program Files\\WindowsApps\\GanacheUI_2.5.4.0_x64__5dg5pnz03psnj\\app\\resources\\static\\node\\node_modules\\ganache-core\\node_modules\\web3-provider-engine\\subproviders\\subscriptions.js:78:8)\n    at SubscriptionSubprovider.handleRequest (C:\\Program Files\\WindowsApps\\GanacheUI_2.5.4.0_x64__5dg5pnz03psnj\\app\\resources\\static\\node\\node_modules\\ganache-core\\node_modules\\web3-provider-engine\\subproviders\\subscriptions.js:134:12)\n    at next (C:\\Program Files\\WindowsApps\\GanacheUI_2.5.4.0_x64__5dg5pnz03psnj\\app\\resources\\static\\node\\node_modules\\ganache-core\\node_modules\\web3-provider-engine\\index.js:136:18)\n    at DelayedBlockFilter.handleRequest (C:\\Program Files\\WindowsApps\\GanacheUI_2.5.4.0_x64__5dg5pnz03psnj\\app\\resources\\static\\node\\node_modules\\ganache-core\\lib\\subproviders\\delayedblockfilter.js:31:3)\n    at next (C:\\Program Files\\WindowsApps\\GanacheUI_2.5.4.0_x64__5dg5pnz03psnj\\app\\resources\\static\\node\\node_modules\\ganache-core\\node_modules\\web3-provider-engine\\index.js:136:18)\n    at RequestFunnel.handleRequest (C:\\Program Files\\WindowsApps\\GanacheUI_2.5.4.0_x64__5dg5pnz03psnj\\app\\resources\\static\\node\\node_modules\\ganache-core\\lib\\subproviders\\requestfunnel.js:32:12)\n    at next (C:\\Program Files\\WindowsApps\\GanacheUI_2.5.4.0_x64__5dg5pnz03psnj\\app\\resources\\static\\node\\node_modules\\ganache-core\\node_modules\\web3-provider-engine\\index.js:136:18)\n    at Web3ProviderEngine._handleAsync (C:\\Program Files\\WindowsApps\\GanacheUI_2.5.4.0_x64__5dg5pnz03psnj\\app\\resources\\static\\node\\node_modules\\ganache-core\\node_modules\\web3-provider-engine\\index.js:123:3)\n    at Timeout._onTimeout (C:\\Program Files\\WindowsApps\\GanacheUI_2.5.4.0_x64__5dg5pnz03psnj\\app\\resources\\static\\node\\node_modules\\ganache-core\\node_modules\\web3-provider-engine\\index.js:107:12)\n    at listOnTimeout (internal/timers.js:531:17)\n    at processTimers (internal/timers.js:475:7)",
 <         "name": "Error"
 <       }
 <     }
 <   }
[2021/05/12 02:57:07.396] -  <   {
 <     "id": 1620781027344,
 <     "jsonrpc": "2.0",
 <     "result": true
 <   }
[2021/05/12 02:57:07.411] -  <   {
 <     "id": 1620781027345,
 <     "jsonrpc": "2.0",
 <     "result": true
 <   }
[2021/05/12 02:57:07.426] -  <   {
 <     "id": 1620781027348,
 <     "jsonrpc": "2.0",
 <     "result": true
 <   }
