[2021/05/12 02:50:41.954] - Starting server with initial configuration: {"gasLimit":6721975,"gasPrice":20000000000,"hardfork":"petersburg","hostname":"127.0.0.1","port":7545,"network_id":5777,"default_balance_ether":100,"total_accounts":10,"unlocked_accounts":[],"locked":false,"vmErrorsOnRPCResponse":true,"verbose":true,"db_path":"C:\\Users\\henk\\AppData\\Roaming\\Ganache\\workspaces\\crowded-tree\\chaindata","logDirectory":"C:\\Users\\henk\\Documents\\GitHub\\starter_kit\\lopgs"}
[2021/05/12 02:50:42.121] - eth_subscribe
[2021/05/12 02:50:42.123] -    > {
   >   "jsonrpc": "2.0",
   >   "id": 57,
   >   "method": "eth_subscribe",
   >   "params": [
   >     "newHeads"
   >   ]
   > }
[2021/05/12 02:50:42.125] - eth_getLogs
[2021/05/12 02:50:42.126] -    > {
   >   "jsonrpc": "2.0",
   >   "id": 58,
   >   "method": "eth_getLogs",
   >   "params": [
   >     {
   >       "topics": []
   >     }
   >   ]
   > }
[2021/05/12 02:50:42.128] - eth_subscribe
[2021/05/12 02:50:42.129] -    > {
   >   "jsonrpc": "2.0",
   >   "id": 59,
   >   "method": "eth_subscribe",
   >   "params": [
   >     "logs",
   >     {
   >       "topics": []
   >     }
   >   ]
   > }
[2021/05/12 02:50:42.130] -  <   {
 <     "id": 57,
 <     "jsonrpc": "2.0",
 <     "result": "0x1"
 <   }
[2021/05/12 02:50:42.148] -  <   {
 <     "id": 58,
 <     "jsonrpc": "2.0",
 <     "result": []
 <   }
[2021/05/12 02:50:42.150] -  <   {
 <     "id": 59,
 <     "jsonrpc": "2.0",
 <     "result": "0x2"
 <   }
[2021/05/12 02:50:42.236] - eth_subscribe
[2021/05/12 02:50:42.238] -    > {
   >   "jsonrpc": "2.0",
   >   "id": 60,
   >   "method": "eth_subscribe",
   >   "params": [
   >     "newHeads"
   >   ]
   > }
[2021/05/12 02:50:42.239] - eth_getLogs
[2021/05/12 02:50:42.241] -    > {
   >   "jsonrpc": "2.0",
   >   "id": 61,
   >   "method": "eth_getLogs",
   >   "params": [
   >     {
   >       "topics": []
   >     }
   >   ]
   > }
[2021/05/12 02:50:42.243] - eth_subscribe
[2021/05/12 02:50:42.244] -    > {
   >   "jsonrpc": "2.0",
   >   "id": 62,
   >   "method": "eth_subscribe",
   >   "params": [
   >     "logs",
   >     {
   >       "topics": []
   >     }
   >   ]
   > }
[2021/05/12 02:50:42.245] -  <   {
 <     "id": 60,
 <     "jsonrpc": "2.0",
 <     "result": "0x3"
 <   }
[2021/05/12 02:50:42.257] -  <   {
 <     "id": 61,
 <     "jsonrpc": "2.0",
 <     "result": []
 <   }
[2021/05/12 02:50:42.260] -  <   {
 <     "id": 62,
 <     "jsonrpc": "2.0",
 <     "result": "0x4"
 <   }
[2021/05/12 02:50:42.288] - eth_blockNumber
[2021/05/12 02:50:42.289] -    > {
   >   "jsonrpc": "2.0",
   >   "id": 655,
   >   "method": "eth_blockNumber",
   >   "params": [],
   >   "internal": true
   > }
[2021/05/12 02:50:42.291] - eth_accounts
[2021/05/12 02:50:42.292] -    > {
   >   "jsonrpc": "2.0",
   >   "id": 656,
   >   "method": "eth_accounts",
   >   "params": [],
   >   "internal": true
   > }
[2021/05/12 02:50:42.293] - eth_blockNumber
[2021/05/12 02:50:42.294] -    > {
   >   "jsonrpc": "2.0",
   >   "id": 660,
   >   "method": "eth_blockNumber",
   >   "params": [],
   >   "internal": true
   > }
[2021/05/12 02:50:42.295] - eth_gasPrice
[2021/05/12 02:50:42.296] -    > {
   >   "jsonrpc": "2.0",
   >   "id": 657,
   >   "method": "eth_gasPrice",
   >   "params": [],
   >   "internal": true
   > }
[2021/05/12 02:50:42.297] - eth_accounts
[2021/05/12 02:50:42.298] -    > {
   >   "jsonrpc": "2.0",
   >   "id": 661,
   >   "method": "eth_accounts",
   >   "params": [],
   >   "internal": true
   > }
[2021/05/12 02:50:42.300] -  <   {
 <     "id": 655,
 <     "jsonrpc": "2.0",
 <     "result": "0x0"
 <   }
[2021/05/12 02:50:42.301] - eth_getBlockByNumber
[2021/05/12 02:50:42.302] -    > {
   >   "jsonrpc": "2.0",
   >   "id": 658,
   >   "method": "eth_getBlockByNumber",
   >   "params": [
   >     "latest",
   >     false
   >   ],
   >   "internal": true
   > }
[2021/05/12 02:50:42.303] - eth_gasPrice
[2021/05/12 02:50:42.305] -    > {
   >   "jsonrpc": "2.0",
   >   "id": 662,
   >   "method": "eth_gasPrice",
   >   "params": [],
   >   "internal": true
   > }
[2021/05/12 02:50:42.306] -  <   {
 <     "id": 656,
 <     "jsonrpc": "2.0",
 <     "result": [
 <       "0xb9200d6617cbd67f9c021f50427d838ba2c40ce4",
 <       "0x04cba1af534441075e48eb94b5646f96cdfe1dfb",
 <       "0xec903a02252003853f4046a985933d9bf4bbfff8",
 <       "0x4c3da660c886c6612d511279c1e73bb813f4b830",
 <       "0xe5df565e63693ff10981abd293f79c12f0e205c6",
 <       "0xf2f0608e90e9837a4a0b0a27f000800b770efa0d",
 <       "0xef7658894ef59964749fffd11c34ac6058f0adb2",
 <       "0xaa464685d24e4c35b2ee65b477064177e58ec0a1",
 <       "0x8e0100798ccf2e0fc062d5a44c7336bfcea954e5",
 <       "0x922b80a2dd005edcc1797cb69eefeaafdbcc0f04"
 <     ]
 <   }
[2021/05/12 02:50:42.307] - eth_subscribe
[2021/05/12 02:50:42.308] -    > {
   >   "jsonrpc": "2.0",
   >   "id": 659,
   >   "method": "eth_subscribe",
   >   "params": [
   >     "newHeads"
   >   ],
   >   "internal": true
   > }
[2021/05/12 02:50:42.310] - eth_getBlockByNumber
[2021/05/12 02:50:42.311] -    > {
   >   "jsonrpc": "2.0",
   >   "id": 663,
   >   "method": "eth_getBlockByNumber",
   >   "params": [
   >     "latest",
   >     false
   >   ],
   >   "internal": true
   > }
[2021/05/12 02:50:42.312] -  <   {
 <     "id": 660,
 <     "jsonrpc": "2.0",
 <     "result": "0x0"
 <   }
[2021/05/12 02:50:42.314] - eth_subscribe
[2021/05/12 02:50:42.315] -    > {
   >   "jsonrpc": "2.0",
   >   "id": 664,
   >   "method": "eth_subscribe",
   >   "params": [
   >     "newHeads"
   >   ],
   >   "internal": true
   > }
[2021/05/12 02:50:42.316] -  <   {
 <     "id": 657,
 <     "jsonrpc": "2.0",
 <     "result": "0x4a817c800"
 <   }
[2021/05/12 02:50:42.318] - eth_accounts
[2021/05/12 02:50:42.319] -    > {
   >   "jsonrpc": "2.0",
   >   "id": 665,
   >   "method": "eth_accounts",
   >   "params": [],
   >   "internal": true
   > }
[2021/05/12 02:50:42.321] -  <   {
 <     "id": 661,
 <     "jsonrpc": "2.0",
 <     "result": [
 <       "0xb9200d6617cbd67f9c021f50427d838ba2c40ce4",
 <       "0x04cba1af534441075e48eb94b5646f96cdfe1dfb",
 <       "0xec903a02252003853f4046a985933d9bf4bbfff8",
 <       "0x4c3da660c886c6612d511279c1e73bb813f4b830",
 <       "0xe5df565e63693ff10981abd293f79c12f0e205c6",
 <       "0xf2f0608e90e9837a4a0b0a27f000800b770efa0d",
 <       "0xef7658894ef59964749fffd11c34ac6058f0adb2",
 <       "0xaa464685d24e4c35b2ee65b477064177e58ec0a1",
 <       "0x8e0100798ccf2e0fc062d5a44c7336bfcea954e5",
 <       "0x922b80a2dd005edcc1797cb69eefeaafdbcc0f04"
 <     ]
 <   }
[2021/05/12 02:50:42.326] -  <   {
 <     "id": 658,
 <     "jsonrpc": "2.0",
 <     "result": {
 <       "number": "0x0",
 <       "hash": "0xd086d15525727f142f50663740be0ea39f7e404aee6881a682c5c515aef23f5e",
 <       "parentHash": "0x0000000000000000000000000000000000000000000000000000000000000000",
 <       "mixHash": "0x0000000000000000000000000000000000000000000000000000000000000000",
 <       "nonce": "0x0000000000000000",
 <       "sha3Uncles": "0x1dcc4de8dec75d7aab85b567b6ccd41ad312451b948a7413f0a142fd40d49347",
 <       "logsBloom": "0x00000000000000000000000000000000000000000000000000000000000000000000000000000000000000000000000000000000000000000000000000000000000000000000000000000000000000000000000000000000000000000000000000000000000000000000000000000000000000000000000000000000000000000000000000000000000000000000000000000000000000000000000000000000000000000000000000000000000000000000000000000000000000000000000000000000000000000000000000000000000000000000000000000000000000000000000000000000000000000000000000000000000000000000000000000000",
 <       "transactionsRoot": "0x56e81f171bcc55a6ff8345e692c0f86e5b48e01b996cadc001622fb5e363b421",
 <       "stateRoot": "0x80b028931c8965d9166eff7bde634d73da93afffd65cff8faba50f693fe2a019",
 <       "receiptsRoot": "0x56e81f171bcc55a6ff8345e692c0f86e5b48e01b996cadc001622fb5e363b421",
 <       "miner": "0x0000000000000000000000000000000000000000",
 <       "difficulty": "0x0",
 <       "totalDifficulty": "0x0",
 <       "extraData": "0x",
 <       "size": "0x3e8",
 <       "gasLimit": "0x6691b7",
 <       "gasUsed": "0x0",
 <       "timestamp": "0x609b25ef",
 <       "transactions": [],
 <       "uncles": []
 <     }
 <   }
[2021/05/12 02:50:42.337] -  <   {
 <     "id": 662,
 <     "jsonrpc": "2.0",
 <     "result": "0x4a817c800"
 <   }
[2021/05/12 02:50:42.344] -  <   {
 <     "id": 659,
 <     "jsonrpc": "2.0",
 <     "result": "0x5"
 <   }
[2021/05/12 02:50:42.347] -  <   {
 <     "id": 663,
 <     "jsonrpc": "2.0",
 <     "result": {
 <       "number": "0x0",
 <       "hash": "0xd086d15525727f142f50663740be0ea39f7e404aee6881a682c5c515aef23f5e",
 <       "parentHash": "0x0000000000000000000000000000000000000000000000000000000000000000",
 <       "mixHash": "0x0000000000000000000000000000000000000000000000000000000000000000",
 <       "nonce": "0x0000000000000000",
 <       "sha3Uncles": "0x1dcc4de8dec75d7aab85b567b6ccd41ad312451b948a7413f0a142fd40d49347",
 <       "logsBloom": "0x00000000000000000000000000000000000000000000000000000000000000000000000000000000000000000000000000000000000000000000000000000000000000000000000000000000000000000000000000000000000000000000000000000000000000000000000000000000000000000000000000000000000000000000000000000000000000000000000000000000000000000000000000000000000000000000000000000000000000000000000000000000000000000000000000000000000000000000000000000000000000000000000000000000000000000000000000000000000000000000000000000000000000000000000000000000",
 <       "transactionsRoot": "0x56e81f171bcc55a6ff8345e692c0f86e5b48e01b996cadc001622fb5e363b421",
 <       "stateRoot": "0x80b028931c8965d9166eff7bde634d73da93afffd65cff8faba50f693fe2a019",
 <       "receiptsRoot": "0x56e81f171bcc55a6ff8345e692c0f86e5b48e01b996cadc001622fb5e363b421",
 <       "miner": "0x0000000000000000000000000000000000000000",
 <       "difficulty": "0x0",
 <       "totalDifficulty": "0x0",
 <       "extraData": "0x",
 <       "size": "0x3e8",
 <       "gasLimit": "0x6691b7",
 <       "gasUsed": "0x0",
 <       "timestamp": "0x609b25ef",
 <       "transactions": [],
 <       "uncles": []
 <     }
 <   }
[2021/05/12 02:50:42.349] -  <   {
 <     "id": 664,
 <     "jsonrpc": "2.0",
 <     "result": "0x6"
 <   }
[2021/05/12 02:50:42.352] -  <   {
 <     "id": 665,
 <     "jsonrpc": "2.0",
 <     "result": [
 <       "0xb9200d6617cbd67f9c021f50427d838ba2c40ce4",
 <       "0x04cba1af534441075e48eb94b5646f96cdfe1dfb",
 <       "0xec903a02252003853f4046a985933d9bf4bbfff8",
 <       "0x4c3da660c886c6612d511279c1e73bb813f4b830",
 <       "0xe5df565e63693ff10981abd293f79c12f0e205c6",
 <       "0xf2f0608e90e9837a4a0b0a27f000800b770efa0d",
 <       "0xef7658894ef59964749fffd11c34ac6058f0adb2",
 <       "0xaa464685d24e4c35b2ee65b477064177e58ec0a1",
 <       "0x8e0100798ccf2e0fc062d5a44c7336bfcea954e5",
 <       "0x922b80a2dd005edcc1797cb69eefeaafdbcc0f04"
 <     ]
 <   }
[2021/05/12 02:50:42.354] - eth_getBalance
[2021/05/12 02:50:42.355] -    > {
   >   "jsonrpc": "2.0",
   >   "id": 666,
   >   "method": "eth_getBalance",
   >   "params": [
   >     "0xb9200d6617cbd67f9c021f50427d838ba2c40ce4",
   >     "latest"
   >   ],
   >   "internal": true
   > }
[2021/05/12 02:50:42.359] - eth_getTransactionCount
[2021/05/12 02:50:42.360] -    > {
   >   "jsonrpc": "2.0",
   >   "id": 667,
   >   "method": "eth_getTransactionCount",
   >   "params": [
   >     "0xb9200d6617cbd67f9c021f50427d838ba2c40ce4",
   >     "latest"
   >   ],
   >   "internal": true
   > }
[2021/05/12 02:50:42.362] - eth_getBalance
[2021/05/12 02:50:42.363] -    > {
   >   "jsonrpc": "2.0",
   >   "id": 668,
   >   "method": "eth_getBalance",
   >   "params": [
   >     "0x04cba1af534441075e48eb94b5646f96cdfe1dfb",
   >     "latest"
   >   ],
   >   "internal": true
   > }
[2021/05/12 02:50:42.368] - eth_getTransactionCount
[2021/05/12 02:50:42.369] -    > {
   >   "jsonrpc": "2.0",
   >   "id": 669,
   >   "method": "eth_getTransactionCount",
   >   "params": [
   >     "0x04cba1af534441075e48eb94b5646f96cdfe1dfb",
   >     "latest"
   >   ],
   >   "internal": true
   > }
[2021/05/12 02:50:42.372] -  <   {
 <     "id": 666,
 <     "jsonrpc": "2.0",
 <     "result": "0x56bc75e2d63100000"
 <   }
[2021/05/12 02:50:42.374] - eth_getBalance
[2021/05/12 02:50:42.376] -    > {
   >   "jsonrpc": "2.0",
   >   "id": 670,
   >   "method": "eth_getBalance",
   >   "params": [
   >     "0xec903a02252003853f4046a985933d9bf4bbfff8",
   >     "latest"
   >   ],
   >   "internal": true
   > }
[2021/05/12 02:50:42.380] -  <   {
 <     "id": 667,
 <     "jsonrpc": "2.0",
 <     "result": "0x0"
 <   }
[2021/05/12 02:50:42.381] - eth_getTransactionCount
[2021/05/12 02:50:42.382] -    > {
   >   "jsonrpc": "2.0",
   >   "id": 671,
   >   "method": "eth_getTransactionCount",
   >   "params": [
   >     "0xec903a02252003853f4046a985933d9bf4bbfff8",
   >     "latest"
   >   ],
   >   "internal": true
   > }
[2021/05/12 02:50:42.386] - eth_getBalance
[2021/05/12 02:50:42.386] -    > {
   >   "jsonrpc": "2.0",
   >   "id": 672,
   >   "method": "eth_getBalance",
   >   "params": [
   >     "0x4c3da660c886c6612d511279c1e73bb813f4b830",
   >     "latest"
   >   ],
   >   "internal": true
   > }
[2021/05/12 02:50:42.388] -  <   {
 <     "id": 668,
 <     "jsonrpc": "2.0",
 <     "result": "0x56bc75e2d63100000"
 <   }
[2021/05/12 02:50:42.391] -  <   {
 <     "id": 669,
 <     "jsonrpc": "2.0",
 <     "result": "0x0"
 <   }
[2021/05/12 02:50:42.393] - eth_getTransactionCount
[2021/05/12 02:50:42.393] -    > {
   >   "jsonrpc": "2.0",
   >   "id": 673,
   >   "method": "eth_getTransactionCount",
   >   "params": [
   >     "0x4c3da660c886c6612d511279c1e73bb813f4b830",
   >     "latest"
   >   ],
   >   "internal": true
   > }
[2021/05/12 02:50:42.398] - eth_getBalance
[2021/05/12 02:50:42.399] -    > {
   >   "jsonrpc": "2.0",
   >   "id": 674,
   >   "method": "eth_getBalance",
   >   "params": [
   >     "0xe5df565e63693ff10981abd293f79c12f0e205c6",
   >     "latest"
   >   ],
   >   "internal": true
   > }
[2021/05/12 02:50:42.402] -  <   {
 <     "id": 670,
 <     "jsonrpc": "2.0",
 <     "result": "0x56bc75e2d63100000"
 <   }
[2021/05/12 02:50:42.403] - eth_getTransactionCount
[2021/05/12 02:50:42.404] -    > {
   >   "jsonrpc": "2.0",
   >   "id": 675,
   >   "method": "eth_getTransactionCount",
   >   "params": [
   >     "0xe5df565e63693ff10981abd293f79c12f0e205c6",
   >     "latest"
   >   ],
   >   "internal": true
   > }
[2021/05/12 02:50:42.407] -  <   {
 <     "id": 671,
 <     "jsonrpc": "2.0",
 <     "result": "0x0"
 <   }
[2021/05/12 02:50:42.411] - eth_getBalance
[2021/05/12 02:50:42.412] -    > {
   >   "jsonrpc": "2.0",
   >   "id": 676,
   >   "method": "eth_getBalance",
   >   "params": [
   >     "0xf2f0608e90e9837a4a0b0a27f000800b770efa0d",
   >     "latest"
   >   ],
   >   "internal": true
   > }
[2021/05/12 02:50:42.414] -  <   {
 <     "id": 672,
 <     "jsonrpc": "2.0",
 <     "result": "0x56bc75e2d63100000"
 <   }
[2021/05/12 02:50:42.415] - eth_getTransactionCount
[2021/05/12 02:50:42.416] -    > {
   >   "jsonrpc": "2.0",
   >   "id": 677,
   >   "method": "eth_getTransactionCount",
   >   "params": [
   >     "0xf2f0608e90e9837a4a0b0a27f000800b770efa0d",
   >     "latest"
   >   ],
   >   "internal": true
   > }
[2021/05/12 02:50:42.419] -  <   {
 <     "id": 673,
 <     "jsonrpc": "2.0",
 <     "result": "0x0"
 <   }
[2021/05/12 02:50:42.422] - eth_getBalance
[2021/05/12 02:50:42.423] -    > {
   >   "jsonrpc": "2.0",
   >   "id": 678,
   >   "method": "eth_getBalance",
   >   "params": [
   >     "0xef7658894ef59964749fffd11c34ac6058f0adb2",
   >     "latest"
   >   ],
   >   "internal": true
   > }
[2021/05/12 02:50:42.426] - eth_getTransactionCount
[2021/05/12 02:50:42.427] -    > {
   >   "jsonrpc": "2.0",
   >   "id": 679,
   >   "method": "eth_getTransactionCount",
   >   "params": [
   >     "0xef7658894ef59964749fffd11c34ac6058f0adb2",
   >     "latest"
   >   ],
   >   "internal": true
   > }
[2021/05/12 02:50:42.429] -  <   {
 <     "id": 674,
 <     "jsonrpc": "2.0",
 <     "result": "0x56bc75e2d63100000"
 <   }
[2021/05/12 02:50:42.430] - eth_getBalance
[2021/05/12 02:50:42.431] -    > {
   >   "jsonrpc": "2.0",
   >   "id": 680,
   >   "method": "eth_getBalance",
   >   "params": [
   >     "0xaa464685d24e4c35b2ee65b477064177e58ec0a1",
   >     "latest"
   >   ],
   >   "internal": true
   > }
[2021/05/12 02:50:42.437] -  <   {
 <     "id": 675,
 <     "jsonrpc": "2.0",
 <     "result": "0x0"
 <   }
[2021/05/12 02:50:42.442] - eth_unsubscribe
[2021/05/12 02:50:42.443] -    > {
   >   "jsonrpc": "2.0",
   >   "id": 63,
   >   "method": "eth_unsubscribe",
   >   "params": [
   >     "0x3"
   >   ]
   > }
[2021/05/12 02:50:42.444] - eth_getTransactionCount
[2021/05/12 02:50:42.445] -    > {
   >   "jsonrpc": "2.0",
   >   "id": 681,
   >   "method": "eth_getTransactionCount",
   >   "params": [
   >     "0xaa464685d24e4c35b2ee65b477064177e58ec0a1",
   >     "latest"
   >   ],
   >   "internal": true
   > }
[2021/05/12 02:50:42.448] - eth_unsubscribe
[2021/05/12 02:50:42.449] -    > {
   >   "jsonrpc": "2.0",
   >   "id": 64,
   >   "method": "eth_unsubscribe",
   >   "params": [
   >     "0x4"
   >   ]
   > }
[2021/05/12 02:50:42.450] - eth_getBalance
[2021/05/12 02:50:42.451] -    > {
   >   "jsonrpc": "2.0",
   >   "id": 682,
   >   "method": "eth_getBalance",
   >   "params": [
   >     "0x8e0100798ccf2e0fc062d5a44c7336bfcea954e5",
   >     "latest"
   >   ],
   >   "internal": true
   > }
[2021/05/12 02:50:42.453] -    > {
   >   "jsonrpc": "2.0",
   >   "method": "eth_unsubscribe",
   >   "params": [
   >     "0x3"
   >   ],
   >   "id": 1620780642453
   > }
[2021/05/12 02:50:42.454] -    > {
   >   "jsonrpc": "2.0",
   >   "method": "eth_unsubscribe",
   >   "params": [
   >     "0x4"
   >   ],
   >   "id": 1620780642454
   > }
[2021/05/12 02:50:42.456] -    > {
   >   "jsonrpc": "2.0",
   >   "method": "eth_unsubscribe",
   >   "params": [
   >     "0x5"
   >   ],
   >   "id": 1620780642455
   > }
[2021/05/12 02:50:42.457] -    > {
   >   "jsonrpc": "2.0",
   >   "method": "eth_unsubscribe",
   >   "params": [
   >     "0x1"
   >   ],
   >   "id": 1620780642457
   > }
[2021/05/12 02:50:42.458] -    > {
   >   "jsonrpc": "2.0",
   >   "method": "eth_unsubscribe",
   >   "params": [
   >     "0x2"
   >   ],
   >   "id": 1620780642458
   > }
[2021/05/12 02:50:42.459] -    > {
   >   "jsonrpc": "2.0",
   >   "method": "eth_unsubscribe",
   >   "params": [
   >     "0x6"
   >   ],
   >   "id": 1620780642459
   > }
[2021/05/12 02:50:42.462] -  <   {
 <     "id": 676,
 <     "jsonrpc": "2.0",
 <     "result": "0x56bc75e2d63100000"
 <   }
[2021/05/12 02:50:42.478] -  <   {
 <     "id": 677,
 <     "jsonrpc": "2.0",
 <     "result": "0x0"
 <   }
[2021/05/12 02:50:42.493] -  <   {
 <     "id": 678,
 <     "jsonrpc": "2.0",
 <     "result": "0x56bc75e2d63100000"
 <   }
[2021/05/12 02:50:42.509] -  <   {
 <     "id": 679,
 <     "jsonrpc": "2.0",
 <     "result": "0x0"
 <   }
[2021/05/12 02:50:42.526] -  <   {
 <     "id": 680,
 <     "jsonrpc": "2.0",
 <     "result": "0x56bc75e2d63100000"
 <   }
[2021/05/12 02:50:42.538] -  <   {
 <     "id": 63,
 <     "jsonrpc": "2.0",
 <     "result": true
 <   }
[2021/05/12 02:50:42.554] -  <   {
 <     "id": 681,
 <     "jsonrpc": "2.0",
 <     "result": "0x0"
 <   }
[2021/05/12 02:50:42.568] -  <   {
 <     "id": 64,
 <     "jsonrpc": "2.0",
 <     "result": true
 <   }
[2021/05/12 02:50:42.586] -  <   {
 <     "id": 682,
 <     "jsonrpc": "2.0",
 <     "result": "0x56bc75e2d63100000"
 <   }
[2021/05/12 02:50:42.600] -  <   {
 <     "id": 1620780642453,
 <     "jsonrpc": "2.0",
 <     "error": {
 <       "message": "Subscription ID 0x3 not found.",
 <       "code": -32000,
 <       "data": {
 <         "stack": "Error: Subscription ID 0x3 not found.\n    at SubscriptionSubprovider.eth_unsubscribe (C:\\Program Files\\WindowsApps\\GanacheUI_2.5.4.0_x64__5dg5pnz03psnj\\app\\resources\\static\\node\\node_modules\\ganache-core\\node_modules\\web3-provider-engine\\subproviders\\subscriptions.js:78:8)\n    at SubscriptionSubprovider.handleRequest (C:\\Program Files\\WindowsApps\\GanacheUI_2.5.4.0_x64__5dg5pnz03psnj\\app\\resources\\static\\node\\node_modules\\ganache-core\\node_modules\\web3-provider-engine\\subproviders\\subscriptions.js:134:12)\n    at next (C:\\Program Files\\WindowsApps\\GanacheUI_2.5.4.0_x64__5dg5pnz03psnj\\app\\resources\\static\\node\\node_modules\\ganache-core\\node_modules\\web3-provider-engine\\index.js:136:18)\n    at DelayedBlockFilter.handleRequest (C:\\Program Files\\WindowsApps\\GanacheUI_2.5.4.0_x64__5dg5pnz03psnj\\app\\resources\\static\\node\\node_modules\\ganache-core\\lib\\subproviders\\delayedblockfilter.js:31:3)\n    at next (C:\\Program Files\\WindowsApps\\GanacheUI_2.5.4.0_x64__5dg5pnz03psnj\\app\\resources\\static\\node\\node_modules\\ganache-core\\node_modules\\web3-provider-engine\\index.js:136:18)\n    at RequestFunnel.handleRequest (C:\\Program Files\\WindowsApps\\GanacheUI_2.5.4.0_x64__5dg5pnz03psnj\\app\\resources\\static\\node\\node_modules\\ganache-core\\lib\\subproviders\\requestfunnel.js:32:12)\n    at next (C:\\Program Files\\WindowsApps\\GanacheUI_2.5.4.0_x64__5dg5pnz03psnj\\app\\resources\\static\\node\\node_modules\\ganache-core\\node_modules\\web3-provider-engine\\index.js:136:18)\n    at Web3ProviderEngine._handleAsync (C:\\Program Files\\WindowsApps\\GanacheUI_2.5.4.0_x64__5dg5pnz03psnj\\app\\resources\\static\\node\\node_modules\\ganache-core\\node_modules\\web3-provider-engine\\index.js:123:3)\n    at Timeout._onTimeout (C:\\Program Files\\WindowsApps\\GanacheUI_2.5.4.0_x64__5dg5pnz03psnj\\app\\resources\\static\\node\\node_modules\\ganache-core\\node_modules\\web3-provider-engine\\index.js:107:12)\n    at listOnTimeout (internal/timers.js:531:17)\n    at processTimers (internal/timers.js:475:7)",
 <         "name": "Error"
 <       }
 <     }
 <   }
[2021/05/12 02:50:42.616] -  <   {
 <     "id": 1620780642454,
 <     "jsonrpc": "2.0",
 <     "error": {
 <       "message": "Subscription ID 0x4 not found.",
 <       "code": -32000,
 <       "data": {
 <         "stack": "Error: Subscription ID 0x4 not found.\n    at SubscriptionSubprovider.eth_unsubscribe (C:\\Program Files\\WindowsApps\\GanacheUI_2.5.4.0_x64__5dg5pnz03psnj\\app\\resources\\static\\node\\node_modules\\ganache-core\\node_modules\\web3-provider-engine\\subproviders\\subscriptions.js:78:8)\n    at SubscriptionSubprovider.handleRequest (C:\\Program Files\\WindowsApps\\GanacheUI_2.5.4.0_x64__5dg5pnz03psnj\\app\\resources\\static\\node\\node_modules\\ganache-core\\node_modules\\web3-provider-engine\\subproviders\\subscriptions.js:134:12)\n    at next (C:\\Program Files\\WindowsApps\\GanacheUI_2.5.4.0_x64__5dg5pnz03psnj\\app\\resources\\static\\node\\node_modules\\ganache-core\\node_modules\\web3-provider-engine\\index.js:136:18)\n    at DelayedBlockFilter.handleRequest (C:\\Program Files\\WindowsApps\\GanacheUI_2.5.4.0_x64__5dg5pnz03psnj\\app\\resources\\static\\node\\node_modules\\ganache-core\\lib\\subproviders\\delayedblockfilter.js:31:3)\n    at next (C:\\Program Files\\WindowsApps\\GanacheUI_2.5.4.0_x64__5dg5pnz03psnj\\app\\resources\\static\\node\\node_modules\\ganache-core\\node_modules\\web3-provider-engine\\index.js:136:18)\n    at RequestFunnel.handleRequest (C:\\Program Files\\WindowsApps\\GanacheUI_2.5.4.0_x64__5dg5pnz03psnj\\app\\resources\\static\\node\\node_modules\\ganache-core\\lib\\subproviders\\requestfunnel.js:32:12)\n    at next (C:\\Program Files\\WindowsApps\\GanacheUI_2.5.4.0_x64__5dg5pnz03psnj\\app\\resources\\static\\node\\node_modules\\ganache-core\\node_modules\\web3-provider-engine\\index.js:136:18)\n    at Web3ProviderEngine._handleAsync (C:\\Program Files\\WindowsApps\\GanacheUI_2.5.4.0_x64__5dg5pnz03psnj\\app\\resources\\static\\node\\node_modules\\ganache-core\\node_modules\\web3-provider-engine\\index.js:123:3)\n    at Timeout._onTimeout (C:\\Program Files\\WindowsApps\\GanacheUI_2.5.4.0_x64__5dg5pnz03psnj\\app\\resources\\static\\node\\node_modules\\ganache-core\\node_modules\\web3-provider-engine\\index.js:107:12)\n    at listOnTimeout (internal/timers.js:531:17)\n    at processTimers (internal/timers.js:475:7)",
 <         "name": "Error"
 <       }
 <     }
 <   }
[2021/05/12 02:50:42.631] -  <   {
 <     "id": 1620780642455,
 <     "jsonrpc": "2.0",
 <     "result": true
 <   }
[2021/05/12 02:50:42.646] -  <   {
 <     "id": 1620780642457,
 <     "jsonrpc": "2.0",
 <     "result": true
 <   }
[2021/05/12 02:50:42.662] -  <   {
 <     "id": 1620780642458,
 <     "jsonrpc": "2.0",
 <     "result": true
 <   }
[2021/05/12 02:50:42.677] -  <   {
 <     "id": 1620780642459,
 <     "jsonrpc": "2.0",
 <     "result": true
 <   }
