[2021/05/12 02:55:59.409] - Starting server with initial configuration: {"gasLimit":6721975,"gasPrice":20000000000,"hardfork":"petersburg","hostname":"127.0.0.1","port":7545,"network_id":5777,"default_balance_ether":100,"total_accounts":10,"unlocked_accounts":[],"locked":false,"vmErrorsOnRPCResponse":true,"verbose":true,"db_path":"C:\\Users\\henk\\AppData\\Roaming\\Ganache\\workspaces\\crowded-tree\\chaindata","logDirectory":"C:\\Users\\henk\\Documents\\GitHub\\starter_kit\\lopgs"}
[2021/05/12 02:55:59.442] -  <   {
 <     "id": 1620780959399,
 <     "jsonrpc": "2.0",
 <     "result": true
 <   }
[2021/05/12 02:55:59.446] -  <   {
 <     "id": 1620780959401,
 <     "jsonrpc": "2.0",
 <     "error": {
 <       "message": "Subscription ID 0x4 not found.",
 <       "code": -32000,
 <       "data": {
 <         "stack": "Error: Subscription ID 0x4 not found.\n    at SubscriptionSubprovider.eth_unsubscribe (C:\\Program Files\\WindowsApps\\GanacheUI_2.5.4.0_x64__5dg5pnz03psnj\\app\\resources\\static\\node\\node_modules\\ganache-core\\node_modules\\web3-provider-engine\\subproviders\\subscriptions.js:78:8)\n    at SubscriptionSubprovider.handleRequest (C:\\Program Files\\WindowsApps\\GanacheUI_2.5.4.0_x64__5dg5pnz03psnj\\app\\resources\\static\\node\\node_modules\\ganache-core\\node_modules\\web3-provider-engine\\subproviders\\subscriptions.js:134:12)\n    at next (C:\\Program Files\\WindowsApps\\GanacheUI_2.5.4.0_x64__5dg5pnz03psnj\\app\\resources\\static\\node\\node_modules\\ganache-core\\node_modules\\web3-provider-engine\\index.js:136:18)\n    at DelayedBlockFilter.handleRequest (C:\\Program Files\\WindowsApps\\GanacheUI_2.5.4.0_x64__5dg5pnz03psnj\\app\\resources\\static\\node\\node_modules\\ganache-core\\lib\\subproviders\\delayedblockfilter.js:31:3)\n    at next (C:\\Program Files\\WindowsApps\\GanacheUI_2.5.4.0_x64__5dg5pnz03psnj\\app\\resources\\static\\node\\node_modules\\ganache-core\\node_modules\\web3-provider-engine\\index.js:136:18)\n    at RequestFunnel.handleRequest (C:\\Program Files\\WindowsApps\\GanacheUI_2.5.4.0_x64__5dg5pnz03psnj\\app\\resources\\static\\node\\node_modules\\ganache-core\\lib\\subproviders\\requestfunnel.js:32:12)\n    at next (C:\\Program Files\\WindowsApps\\GanacheUI_2.5.4.0_x64__5dg5pnz03psnj\\app\\resources\\static\\node\\node_modules\\ganache-core\\node_modules\\web3-provider-engine\\index.js:136:18)\n    at Web3ProviderEngine._handleAsync (C:\\Program Files\\WindowsApps\\GanacheUI_2.5.4.0_x64__5dg5pnz03psnj\\app\\resources\\static\\node\\node_modules\\ganache-core\\node_modules\\web3-provider-engine\\index.js:123:3)\n    at Timeout._onTimeout (C:\\Program Files\\WindowsApps\\GanacheUI_2.5.4.0_x64__5dg5pnz03psnj\\app\\resources\\static\\node\\node_modules\\ganache-core\\node_modules\\web3-provider-engine\\index.js:107:12)\n    at listOnTimeout (internal/timers.js:531:17)\n    at processTimers (internal/timers.js:475:7)",
 <         "name": "Error"
 <       }
 <     }
 <   }
[2021/05/12 02:55:59.452] -  <   {
 <     "id": 1620780959402,
 <     "jsonrpc": "2.0",
 <     "result": true
 <   }
[2021/05/12 02:55:59.454] -  <   {
 <     "id": 1620780959404,
 <     "jsonrpc": "2.0",
 <     "result": true
 <   }
[2021/05/12 02:55:59.456] -  <   {
 <     "id": 1620780959405,
 <     "jsonrpc": "2.0",
 <     "result": true
 <   }
[2021/05/12 02:55:59.541] - eth_subscribe
[2021/05/12 02:55:59.543] -    > {
   >   "jsonrpc": "2.0",
   >   "id": 73,
   >   "method": "eth_subscribe",
   >   "params": [
   >     "newHeads"
   >   ]
   > }
[2021/05/12 02:55:59.544] - eth_getLogs
[2021/05/12 02:55:59.545] -    > {
   >   "jsonrpc": "2.0",
   >   "id": 74,
   >   "method": "eth_getLogs",
   >   "params": [
   >     {
   >       "topics": []
   >     }
   >   ]
   > }
[2021/05/12 02:55:59.547] - eth_subscribe
[2021/05/12 02:55:59.548] -    > {
   >   "jsonrpc": "2.0",
   >   "id": 75,
   >   "method": "eth_subscribe",
   >   "params": [
   >     "logs",
   >     {
   >       "topics": []
   >     }
   >   ]
   > }
[2021/05/12 02:55:59.549] -  <   {
 <     "id": 73,
 <     "jsonrpc": "2.0",
 <     "result": "0x1"
 <   }
[2021/05/12 02:55:59.563] -  <   {
 <     "id": 74,
 <     "jsonrpc": "2.0",
 <     "result": []
 <   }
[2021/05/12 02:55:59.572] -  <   {
 <     "id": 75,
 <     "jsonrpc": "2.0",
 <     "result": "0x2"
 <   }
[2021/05/12 02:55:59.606] - eth_subscribe
[2021/05/12 02:55:59.608] -    > {
   >   "jsonrpc": "2.0",
   >   "id": 76,
   >   "method": "eth_subscribe",
   >   "params": [
   >     "newHeads"
   >   ]
   > }
[2021/05/12 02:55:59.610] - eth_getLogs
[2021/05/12 02:55:59.611] -    > {
   >   "jsonrpc": "2.0",
   >   "id": 77,
   >   "method": "eth_getLogs",
   >   "params": [
   >     {
   >       "topics": []
   >     }
   >   ]
   > }
[2021/05/12 02:55:59.612] - eth_subscribe
[2021/05/12 02:55:59.613] -    > {
   >   "jsonrpc": "2.0",
   >   "id": 78,
   >   "method": "eth_subscribe",
   >   "params": [
   >     "logs",
   >     {
   >       "topics": []
   >     }
   >   ]
   > }
[2021/05/12 02:55:59.615] -  <   {
 <     "id": 76,
 <     "jsonrpc": "2.0",
 <     "result": "0x3"
 <   }
[2021/05/12 02:55:59.617] -  <   {
 <     "id": 77,
 <     "jsonrpc": "2.0",
 <     "result": []
 <   }
[2021/05/12 02:55:59.622] -  <   {
 <     "id": 78,
 <     "jsonrpc": "2.0",
 <     "result": "0x4"
 <   }
[2021/05/12 02:55:59.673] - eth_blockNumber
[2021/05/12 02:55:59.674] -    > {
   >   "jsonrpc": "2.0",
   >   "id": 783,
   >   "method": "eth_blockNumber",
   >   "params": [],
   >   "internal": true
   > }
[2021/05/12 02:55:59.675] - eth_blockNumber
[2021/05/12 02:55:59.676] -    > {
   >   "jsonrpc": "2.0",
   >   "id": 778,
   >   "method": "eth_blockNumber",
   >   "params": [],
   >   "internal": true
   > }
[2021/05/12 02:55:59.677] - eth_accounts
[2021/05/12 02:55:59.679] -    > {
   >   "jsonrpc": "2.0",
   >   "id": 784,
   >   "method": "eth_accounts",
   >   "params": [],
   >   "internal": true
   > }
[2021/05/12 02:55:59.680] - eth_accounts
[2021/05/12 02:55:59.682] -    > {
   >   "jsonrpc": "2.0",
   >   "id": 779,
   >   "method": "eth_accounts",
   >   "params": [],
   >   "internal": true
   > }
[2021/05/12 02:55:59.683] -  <   {
 <     "id": 783,
 <     "jsonrpc": "2.0",
 <     "result": "0x0"
 <   }
[2021/05/12 02:55:59.684] - eth_gasPrice
[2021/05/12 02:55:59.685] -    > {
   >   "jsonrpc": "2.0",
   >   "id": 785,
   >   "method": "eth_gasPrice",
   >   "params": [],
   >   "internal": true
   > }
[2021/05/12 02:55:59.687] - eth_gasPrice
[2021/05/12 02:55:59.688] -    > {
   >   "jsonrpc": "2.0",
   >   "id": 780,
   >   "method": "eth_gasPrice",
   >   "params": [],
   >   "internal": true
   > }
[2021/05/12 02:55:59.689] -  <   {
 <     "id": 778,
 <     "jsonrpc": "2.0",
 <     "result": "0x0"
 <   }
[2021/05/12 02:55:59.691] - eth_getBlockByNumber
[2021/05/12 02:55:59.692] -    > {
   >   "jsonrpc": "2.0",
   >   "id": 786,
   >   "method": "eth_getBlockByNumber",
   >   "params": [
   >     "latest",
   >     false
   >   ],
   >   "internal": true
   > }
[2021/05/12 02:55:59.693] - eth_getBlockByNumber
[2021/05/12 02:55:59.694] -    > {
   >   "jsonrpc": "2.0",
   >   "id": 781,
   >   "method": "eth_getBlockByNumber",
   >   "params": [
   >     "latest",
   >     false
   >   ],
   >   "internal": true
   > }
[2021/05/12 02:55:59.696] -  <   {
 <     "id": 784,
 <     "jsonrpc": "2.0",
 <     "result": [
 <       "0xb9200d6617cbd67f9c021f50427d838ba2c40ce4",
 <       "0x04cba1af534441075e48eb94b5646f96cdfe1dfb",
 <       "0xec903a02252003853f4046a985933d9bf4bbfff8",
 <       "0x4c3da660c886c6612d511279c1e73bb813f4b830",
 <       "0xe5df565e63693ff10981abd293f79c12f0e205c6",
 <       "0xf2f0608e90e9837a4a0b0a27f000800b770efa0d",
 <       "0xef7658894ef59964749fffd11c34ac6058f0adb2",
 <       "0xaa464685d24e4c35b2ee65b477064177e58ec0a1",
 <       "0x8e0100798ccf2e0fc062d5a44c7336bfcea954e5",
 <       "0x922b80a2dd005edcc1797cb69eefeaafdbcc0f04"
 <     ]
 <   }
[2021/05/12 02:55:59.698] - eth_subscribe
[2021/05/12 02:55:59.699] -    > {
   >   "jsonrpc": "2.0",
   >   "id": 787,
   >   "method": "eth_subscribe",
   >   "params": [
   >     "newHeads"
   >   ],
   >   "internal": true
   > }
[2021/05/12 02:55:59.701] - eth_subscribe
[2021/05/12 02:55:59.702] -    > {
   >   "jsonrpc": "2.0",
   >   "id": 782,
   >   "method": "eth_subscribe",
   >   "params": [
   >     "newHeads"
   >   ],
   >   "internal": true
   > }
[2021/05/12 02:55:59.702] -  <   {
 <     "id": 779,
 <     "jsonrpc": "2.0",
 <     "result": [
 <       "0xb9200d6617cbd67f9c021f50427d838ba2c40ce4",
 <       "0x04cba1af534441075e48eb94b5646f96cdfe1dfb",
 <       "0xec903a02252003853f4046a985933d9bf4bbfff8",
 <       "0x4c3da660c886c6612d511279c1e73bb813f4b830",
 <       "0xe5df565e63693ff10981abd293f79c12f0e205c6",
 <       "0xf2f0608e90e9837a4a0b0a27f000800b770efa0d",
 <       "0xef7658894ef59964749fffd11c34ac6058f0adb2",
 <       "0xaa464685d24e4c35b2ee65b477064177e58ec0a1",
 <       "0x8e0100798ccf2e0fc062d5a44c7336bfcea954e5",
 <       "0x922b80a2dd005edcc1797cb69eefeaafdbcc0f04"
 <     ]
 <   }
[2021/05/12 02:55:59.704] - eth_accounts
[2021/05/12 02:55:59.704] -    > {
   >   "jsonrpc": "2.0",
   >   "id": 788,
   >   "method": "eth_accounts",
   >   "params": [],
   >   "internal": true
   > }
[2021/05/12 02:55:59.709] -  <   {
 <     "id": 785,
 <     "jsonrpc": "2.0",
 <     "result": "0x4a817c800"
 <   }
[2021/05/12 02:55:59.710] - eth_accounts
[2021/05/12 02:55:59.712] -    > {
   >   "jsonrpc": "2.0",
   >   "id": 789,
   >   "method": "eth_accounts",
   >   "params": [],
   >   "internal": true
   > }
[2021/05/12 02:55:59.727] -  <   {
 <     "id": 780,
 <     "jsonrpc": "2.0",
 <     "result": "0x4a817c800"
 <   }
[2021/05/12 02:55:59.730] -  <   {
 <     "id": 786,
 <     "jsonrpc": "2.0",
 <     "result": {
 <       "number": "0x0",
 <       "hash": "0xd086d15525727f142f50663740be0ea39f7e404aee6881a682c5c515aef23f5e",
 <       "parentHash": "0x0000000000000000000000000000000000000000000000000000000000000000",
 <       "mixHash": "0x0000000000000000000000000000000000000000000000000000000000000000",
 <       "nonce": "0x0000000000000000",
 <       "sha3Uncles": "0x1dcc4de8dec75d7aab85b567b6ccd41ad312451b948a7413f0a142fd40d49347",
 <       "logsBloom": "0x00000000000000000000000000000000000000000000000000000000000000000000000000000000000000000000000000000000000000000000000000000000000000000000000000000000000000000000000000000000000000000000000000000000000000000000000000000000000000000000000000000000000000000000000000000000000000000000000000000000000000000000000000000000000000000000000000000000000000000000000000000000000000000000000000000000000000000000000000000000000000000000000000000000000000000000000000000000000000000000000000000000000000000000000000000000",
 <       "transactionsRoot": "0x56e81f171bcc55a6ff8345e692c0f86e5b48e01b996cadc001622fb5e363b421",
 <       "stateRoot": "0x80b028931c8965d9166eff7bde634d73da93afffd65cff8faba50f693fe2a019",
 <       "receiptsRoot": "0x56e81f171bcc55a6ff8345e692c0f86e5b48e01b996cadc001622fb5e363b421",
 <       "miner": "0x0000000000000000000000000000000000000000",
 <       "difficulty": "0x0",
 <       "totalDifficulty": "0x0",
 <       "extraData": "0x",
 <       "size": "0x3e8",
 <       "gasLimit": "0x6691b7",
 <       "gasUsed": "0x0",
 <       "timestamp": "0x609b25ef",
 <       "transactions": [],
 <       "uncles": []
 <     }
 <   }
[2021/05/12 02:55:59.742] -  <   {
 <     "id": 781,
 <     "jsonrpc": "2.0",
 <     "result": {
 <       "number": "0x0",
 <       "hash": "0xd086d15525727f142f50663740be0ea39f7e404aee6881a682c5c515aef23f5e",
 <       "parentHash": "0x0000000000000000000000000000000000000000000000000000000000000000",
 <       "mixHash": "0x0000000000000000000000000000000000000000000000000000000000000000",
 <       "nonce": "0x0000000000000000",
 <       "sha3Uncles": "0x1dcc4de8dec75d7aab85b567b6ccd41ad312451b948a7413f0a142fd40d49347",
 <       "logsBloom": "0x00000000000000000000000000000000000000000000000000000000000000000000000000000000000000000000000000000000000000000000000000000000000000000000000000000000000000000000000000000000000000000000000000000000000000000000000000000000000000000000000000000000000000000000000000000000000000000000000000000000000000000000000000000000000000000000000000000000000000000000000000000000000000000000000000000000000000000000000000000000000000000000000000000000000000000000000000000000000000000000000000000000000000000000000000000000",
 <       "transactionsRoot": "0x56e81f171bcc55a6ff8345e692c0f86e5b48e01b996cadc001622fb5e363b421",
 <       "stateRoot": "0x80b028931c8965d9166eff7bde634d73da93afffd65cff8faba50f693fe2a019",
 <       "receiptsRoot": "0x56e81f171bcc55a6ff8345e692c0f86e5b48e01b996cadc001622fb5e363b421",
 <       "miner": "0x0000000000000000000000000000000000000000",
 <       "difficulty": "0x0",
 <       "totalDifficulty": "0x0",
 <       "extraData": "0x",
 <       "size": "0x3e8",
 <       "gasLimit": "0x6691b7",
 <       "gasUsed": "0x0",
 <       "timestamp": "0x609b25ef",
 <       "transactions": [],
 <       "uncles": []
 <     }
 <   }
[2021/05/12 02:55:59.743] - eth_getBalance
[2021/05/12 02:55:59.745] -    > {
   >   "jsonrpc": "2.0",
   >   "id": 790,
   >   "method": "eth_getBalance",
   >   "params": [
   >     "0xb9200d6617cbd67f9c021f50427d838ba2c40ce4",
   >     "latest"
   >   ],
   >   "internal": true
   > }
[2021/05/12 02:55:59.752] -  <   {
 <     "id": 787,
 <     "jsonrpc": "2.0",
 <     "result": "0x5"
 <   }
[2021/05/12 02:55:59.754] - eth_getTransactionCount
[2021/05/12 02:55:59.755] -    > {
   >   "jsonrpc": "2.0",
   >   "id": 791,
   >   "method": "eth_getTransactionCount",
   >   "params": [
   >     "0xb9200d6617cbd67f9c021f50427d838ba2c40ce4",
   >     "latest"
   >   ],
   >   "internal": true
   > }
[2021/05/12 02:55:59.757] - eth_getBalance
[2021/05/12 02:55:59.758] -    > {
   >   "jsonrpc": "2.0",
   >   "id": 792,
   >   "method": "eth_getBalance",
   >   "params": [
   >     "0x04cba1af534441075e48eb94b5646f96cdfe1dfb",
   >     "latest"
   >   ],
   >   "internal": true
   > }
[2021/05/12 02:55:59.760] -  <   {
 <     "id": 782,
 <     "jsonrpc": "2.0",
 <     "result": "0x6"
 <   }
[2021/05/12 02:55:59.761] - eth_getTransactionCount
[2021/05/12 02:55:59.762] -    > {
   >   "jsonrpc": "2.0",
   >   "id": 793,
   >   "method": "eth_getTransactionCount",
   >   "params": [
   >     "0x04cba1af534441075e48eb94b5646f96cdfe1dfb",
   >     "latest"
   >   ],
   >   "internal": true
   > }
[2021/05/12 02:55:59.763] -  <   {
 <     "id": 788,
 <     "jsonrpc": "2.0",
 <     "result": [
 <       "0xb9200d6617cbd67f9c021f50427d838ba2c40ce4",
 <       "0x04cba1af534441075e48eb94b5646f96cdfe1dfb",
 <       "0xec903a02252003853f4046a985933d9bf4bbfff8",
 <       "0x4c3da660c886c6612d511279c1e73bb813f4b830",
 <       "0xe5df565e63693ff10981abd293f79c12f0e205c6",
 <       "0xf2f0608e90e9837a4a0b0a27f000800b770efa0d",
 <       "0xef7658894ef59964749fffd11c34ac6058f0adb2",
 <       "0xaa464685d24e4c35b2ee65b477064177e58ec0a1",
 <       "0x8e0100798ccf2e0fc062d5a44c7336bfcea954e5",
 <       "0x922b80a2dd005edcc1797cb69eefeaafdbcc0f04"
 <     ]
 <   }
[2021/05/12 02:55:59.767] -  <   {
 <     "id": 789,
 <     "jsonrpc": "2.0",
 <     "result": [
 <       "0xb9200d6617cbd67f9c021f50427d838ba2c40ce4",
 <       "0x04cba1af534441075e48eb94b5646f96cdfe1dfb",
 <       "0xec903a02252003853f4046a985933d9bf4bbfff8",
 <       "0x4c3da660c886c6612d511279c1e73bb813f4b830",
 <       "0xe5df565e63693ff10981abd293f79c12f0e205c6",
 <       "0xf2f0608e90e9837a4a0b0a27f000800b770efa0d",
 <       "0xef7658894ef59964749fffd11c34ac6058f0adb2",
 <       "0xaa464685d24e4c35b2ee65b477064177e58ec0a1",
 <       "0x8e0100798ccf2e0fc062d5a44c7336bfcea954e5",
 <       "0x922b80a2dd005edcc1797cb69eefeaafdbcc0f04"
 <     ]
 <   }
[2021/05/12 02:55:59.769] - eth_getBalance
[2021/05/12 02:55:59.772] -    > {
   >   "jsonrpc": "2.0",
   >   "id": 794,
   >   "method": "eth_getBalance",
   >   "params": [
   >     "0xec903a02252003853f4046a985933d9bf4bbfff8",
   >     "latest"
   >   ],
   >   "internal": true
   > }
[2021/05/12 02:55:59.775] - eth_getTransactionCount
[2021/05/12 02:55:59.776] -    > {
   >   "jsonrpc": "2.0",
   >   "id": 795,
   >   "method": "eth_getTransactionCount",
   >   "params": [
   >     "0xec903a02252003853f4046a985933d9bf4bbfff8",
   >     "latest"
   >   ],
   >   "internal": true
   > }
[2021/05/12 02:55:59.782] - eth_getBalance
[2021/05/12 02:55:59.783] -    > {
   >   "jsonrpc": "2.0",
   >   "id": 796,
   >   "method": "eth_getBalance",
   >   "params": [
   >     "0x4c3da660c886c6612d511279c1e73bb813f4b830",
   >     "latest"
   >   ],
   >   "internal": true
   > }
[2021/05/12 02:55:59.787] -  <   {
 <     "id": 790,
 <     "jsonrpc": "2.0",
 <     "result": "0x56bc75e2d63100000"
 <   }
[2021/05/12 02:55:59.791] -  <   {
 <     "id": 791,
 <     "jsonrpc": "2.0",
 <     "result": "0x0"
 <   }
[2021/05/12 02:55:59.793] - eth_getTransactionCount
[2021/05/12 02:55:59.794] -    > {
   >   "jsonrpc": "2.0",
   >   "id": 797,
   >   "method": "eth_getTransactionCount",
   >   "params": [
   >     "0x4c3da660c886c6612d511279c1e73bb813f4b830",
   >     "latest"
   >   ],
   >   "internal": true
   > }
[2021/05/12 02:55:59.797] - eth_getBalance
[2021/05/12 02:55:59.798] -    > {
   >   "jsonrpc": "2.0",
   >   "id": 798,
   >   "method": "eth_getBalance",
   >   "params": [
   >     "0xe5df565e63693ff10981abd293f79c12f0e205c6",
   >     "latest"
   >   ],
   >   "internal": true
   > }
[2021/05/12 02:55:59.804] -  <   {
 <     "id": 792,
 <     "jsonrpc": "2.0",
 <     "result": "0x56bc75e2d63100000"
 <   }
[2021/05/12 02:55:59.807] - eth_getTransactionCount
[2021/05/12 02:55:59.808] -    > {
   >   "jsonrpc": "2.0",
   >   "id": 799,
   >   "method": "eth_getTransactionCount",
   >   "params": [
   >     "0xe5df565e63693ff10981abd293f79c12f0e205c6",
   >     "latest"
   >   ],
   >   "internal": true
   > }
[2021/05/12 02:55:59.809] - eth_getBalance
[2021/05/12 02:55:59.811] -    > {
   >   "jsonrpc": "2.0",
   >   "id": 800,
   >   "method": "eth_getBalance",
   >   "params": [
   >     "0xf2f0608e90e9837a4a0b0a27f000800b770efa0d",
   >     "latest"
   >   ],
   >   "internal": true
   > }
[2021/05/12 02:55:59.815] -  <   {
 <     "id": 793,
 <     "jsonrpc": "2.0",
 <     "result": "0x0"
 <   }
[2021/05/12 02:55:59.817] - eth_blockNumber
[2021/05/12 02:55:59.818] -    > {
   >   "id": 1,
   >   "jsonrpc": "2.0",
   >   "method": "eth_blockNumber",
   >   "params": []
   > }
[2021/05/12 02:55:59.820] - eth_getTransactionCount
[2021/05/12 02:55:59.821] -    > {
   >   "jsonrpc": "2.0",
   >   "id": 801,
   >   "method": "eth_getTransactionCount",
   >   "params": [
   >     "0xf2f0608e90e9837a4a0b0a27f000800b770efa0d",
   >     "latest"
   >   ],
   >   "internal": true
   > }
[2021/05/12 02:55:59.822] - eth_getBalance
[2021/05/12 02:55:59.823] -    > {
   >   "jsonrpc": "2.0",
   >   "id": 802,
   >   "method": "eth_getBalance",
   >   "params": [
   >     "0xef7658894ef59964749fffd11c34ac6058f0adb2",
   >     "latest"
   >   ],
   >   "internal": true
   > }
[2021/05/12 02:55:59.826] - eth_getTransactionCount
[2021/05/12 02:55:59.827] -    > {
   >   "jsonrpc": "2.0",
   >   "id": 803,
   >   "method": "eth_getTransactionCount",
   >   "params": [
   >     "0xef7658894ef59964749fffd11c34ac6058f0adb2",
   >     "latest"
   >   ],
   >   "internal": true
   > }
[2021/05/12 02:55:59.828] - eth_getBalance
[2021/05/12 02:55:59.829] -    > {
   >   "jsonrpc": "2.0",
   >   "id": 804,
   >   "method": "eth_getBalance",
   >   "params": [
   >     "0xaa464685d24e4c35b2ee65b477064177e58ec0a1",
   >     "latest"
   >   ],
   >   "internal": true
   > }
[2021/05/12 02:55:59.832] -  <   {
 <     "id": 794,
 <     "jsonrpc": "2.0",
 <     "result": "0x56bc75e2d63100000"
 <   }
[2021/05/12 02:55:59.833] - eth_getTransactionCount
[2021/05/12 02:55:59.835] -    > {
   >   "jsonrpc": "2.0",
   >   "id": 805,
   >   "method": "eth_getTransactionCount",
   >   "params": [
   >     "0xaa464685d24e4c35b2ee65b477064177e58ec0a1",
   >     "latest"
   >   ],
   >   "internal": true
   > }
[2021/05/12 02:55:59.837] -  <   {
 <     "id": 795,
 <     "jsonrpc": "2.0",
 <     "result": "0x0"
 <   }
[2021/05/12 02:55:59.838] - eth_getBalance
[2021/05/12 02:55:59.839] -    > {
   >   "jsonrpc": "2.0",
   >   "id": 806,
   >   "method": "eth_getBalance",
   >   "params": [
   >     "0x8e0100798ccf2e0fc062d5a44c7336bfcea954e5",
   >     "latest"
   >   ],
   >   "internal": true
   > }
[2021/05/12 02:55:59.842] - eth_getTransactionCount
[2021/05/12 02:55:59.844] -    > {
   >   "jsonrpc": "2.0",
   >   "id": 807,
   >   "method": "eth_getTransactionCount",
   >   "params": [
   >     "0x8e0100798ccf2e0fc062d5a44c7336bfcea954e5",
   >     "latest"
   >   ],
   >   "internal": true
   > }
[2021/05/12 02:55:59.846] -  <   {
 <     "id": 796,
 <     "jsonrpc": "2.0",
 <     "result": "0x56bc75e2d63100000"
 <   }
[2021/05/12 02:55:59.850] -  <   {
 <     "id": 797,
 <     "jsonrpc": "2.0",
 <     "result": "0x0"
 <   }
[2021/05/12 02:55:59.852] - eth_getBalance
[2021/05/12 02:55:59.853] -    > {
   >   "jsonrpc": "2.0",
   >   "id": 808,
   >   "method": "eth_getBalance",
   >   "params": [
   >     "0x922b80a2dd005edcc1797cb69eefeaafdbcc0f04",
   >     "latest"
   >   ],
   >   "internal": true
   > }
[2021/05/12 02:55:59.854] - eth_getTransactionCount
[2021/05/12 02:55:59.855] -    > {
   >   "jsonrpc": "2.0",
   >   "id": 809,
   >   "method": "eth_getTransactionCount",
   >   "params": [
   >     "0x922b80a2dd005edcc1797cb69eefeaafdbcc0f04",
   >     "latest"
   >   ],
   >   "internal": true
   > }
[2021/05/12 02:55:59.859] -  <   {
 <     "id": 798,
 <     "jsonrpc": "2.0",
 <     "result": "0x56bc75e2d63100000"
 <   }
[2021/05/12 02:55:59.867] -  <   {
 <     "id": 799,
 <     "jsonrpc": "2.0",
 <     "result": "0x0"
 <   }
[2021/05/12 02:55:59.884] -  <   {
 <     "id": 800,
 <     "jsonrpc": "2.0",
 <     "result": "0x56bc75e2d63100000"
 <   }
[2021/05/12 02:55:59.897] -  <   {
 <     "id": 1,
 <     "jsonrpc": "2.0",
 <     "result": "0x0"
 <   }
[2021/05/12 02:55:59.904] -  <   {
 <     "id": 801,
 <     "jsonrpc": "2.0",
 <     "result": "0x0"
 <   }
[2021/05/12 02:55:59.906] - eth_getBalance
[2021/05/12 02:55:59.907] -    > {
   >   "jsonrpc": "2.0",
   >   "id": 810,
   >   "method": "eth_getBalance",
   >   "params": [
   >     "0xb9200d6617cbd67f9c021f50427d838ba2c40ce4",
   >     "latest"
   >   ],
   >   "internal": true
   > }
[2021/05/12 02:55:59.908] - eth_getTransactionCount
[2021/05/12 02:55:59.909] -    > {
   >   "jsonrpc": "2.0",
   >   "id": 811,
   >   "method": "eth_getTransactionCount",
   >   "params": [
   >     "0xb9200d6617cbd67f9c021f50427d838ba2c40ce4",
   >     "latest"
   >   ],
   >   "internal": true
   > }
[2021/05/12 02:55:59.912] - eth_getBalance
[2021/05/12 02:55:59.913] -    > {
   >   "jsonrpc": "2.0",
   >   "id": 812,
   >   "method": "eth_getBalance",
   >   "params": [
   >     "0x04cba1af534441075e48eb94b5646f96cdfe1dfb",
   >     "latest"
   >   ],
   >   "internal": true
   > }
[2021/05/12 02:55:59.915] -  <   {
 <     "id": 802,
 <     "jsonrpc": "2.0",
 <     "result": "0x56bc75e2d63100000"
 <   }
[2021/05/12 02:55:59.920] -  <   {
 <     "id": 803,
 <     "jsonrpc": "2.0",
 <     "result": "0x0"
 <   }
[2021/05/12 02:55:59.922] - eth_getTransactionCount
[2021/05/12 02:55:59.922] -    > {
   >   "jsonrpc": "2.0",
   >   "id": 813,
   >   "method": "eth_getTransactionCount",
   >   "params": [
   >     "0x04cba1af534441075e48eb94b5646f96cdfe1dfb",
   >     "latest"
   >   ],
   >   "internal": true
   > }
[2021/05/12 02:55:59.925] - eth_getBalance
[2021/05/12 02:55:59.926] -    > {
   >   "jsonrpc": "2.0",
   >   "id": 814,
   >   "method": "eth_getBalance",
   >   "params": [
   >     "0xec903a02252003853f4046a985933d9bf4bbfff8",
   >     "latest"
   >   ],
   >   "internal": true
   > }
[2021/05/12 02:55:59.928] -  <   {
 <     "id": 804,
 <     "jsonrpc": "2.0",
 <     "result": "0x56bc75e2d63100000"
 <   }
[2021/05/12 02:55:59.930] - eth_getTransactionCount
[2021/05/12 02:55:59.931] -    > {
   >   "jsonrpc": "2.0",
   >   "id": 815,
   >   "method": "eth_getTransactionCount",
   >   "params": [
   >     "0xec903a02252003853f4046a985933d9bf4bbfff8",
   >     "latest"
   >   ],
   >   "internal": true
   > }
[2021/05/12 02:55:59.934] -  <   {
 <     "id": 805,
 <     "jsonrpc": "2.0",
 <     "result": "0x0"
 <   }
[2021/05/12 02:55:59.936] - eth_getBalance
[2021/05/12 02:55:59.937] -    > {
   >   "jsonrpc": "2.0",
   >   "id": 816,
   >   "method": "eth_getBalance",
   >   "params": [
   >     "0x4c3da660c886c6612d511279c1e73bb813f4b830",
   >     "latest"
   >   ],
   >   "internal": true
   > }
[2021/05/12 02:55:59.940] - eth_getTransactionCount
[2021/05/12 02:55:59.941] -    > {
   >   "jsonrpc": "2.0",
   >   "id": 817,
   >   "method": "eth_getTransactionCount",
   >   "params": [
   >     "0x4c3da660c886c6612d511279c1e73bb813f4b830",
   >     "latest"
   >   ],
   >   "internal": true
   > }
[2021/05/12 02:55:59.942] -  <   {
 <     "id": 806,
 <     "jsonrpc": "2.0",
 <     "result": "0x56bc75e2d63100000"
 <   }
[2021/05/12 02:55:59.944] - eth_getBalance
[2021/05/12 02:55:59.945] -    > {
   >   "jsonrpc": "2.0",
   >   "id": 818,
   >   "method": "eth_getBalance",
   >   "params": [
   >     "0xe5df565e63693ff10981abd293f79c12f0e205c6",
   >     "latest"
   >   ],
   >   "internal": true
   > }
[2021/05/12 02:55:59.947] -  <   {
 <     "id": 807,
 <     "jsonrpc": "2.0",
 <     "result": "0x0"
 <   }
[2021/05/12 02:55:59.948] - eth_getTransactionCount
[2021/05/12 02:55:59.949] -    > {
   >   "jsonrpc": "2.0",
   >   "id": 819,
   >   "method": "eth_getTransactionCount",
   >   "params": [
   >     "0xe5df565e63693ff10981abd293f79c12f0e205c6",
   >     "latest"
   >   ],
   >   "internal": true
   > }
[2021/05/12 02:55:59.953] -  <   {
 <     "id": 808,
 <     "jsonrpc": "2.0",
 <     "result": "0x56bc75e2d63100000"
 <   }
[2021/05/12 02:55:59.958] -  <   {
 <     "id": 809,
 <     "jsonrpc": "2.0",
 <     "result": "0x0"
 <   }
[2021/05/12 02:55:59.960] - eth_getBalance
[2021/05/12 02:55:59.961] -    > {
   >   "jsonrpc": "2.0",
   >   "id": 820,
   >   "method": "eth_getBalance",
   >   "params": [
   >     "0xf2f0608e90e9837a4a0b0a27f000800b770efa0d",
   >     "latest"
   >   ],
   >   "internal": true
   > }
[2021/05/12 02:55:59.962] - eth_getTransactionCount
[2021/05/12 02:55:59.963] -    > {
   >   "jsonrpc": "2.0",
   >   "id": 821,
   >   "method": "eth_getTransactionCount",
   >   "params": [
   >     "0xf2f0608e90e9837a4a0b0a27f000800b770efa0d",
   >     "latest"
   >   ],
   >   "internal": true
   > }
[2021/05/12 02:55:59.966] -  <   {
 <     "id": 810,
 <     "jsonrpc": "2.0",
 <     "result": "0x56bc75e2d63100000"
 <   }
[2021/05/12 02:55:59.968] - eth_getBalance
[2021/05/12 02:55:59.969] -    > {
   >   "jsonrpc": "2.0",
   >   "id": 822,
   >   "method": "eth_getBalance",
   >   "params": [
   >     "0xef7658894ef59964749fffd11c34ac6058f0adb2",
   >     "latest"
   >   ],
   >   "internal": true
   > }
[2021/05/12 02:55:59.972] -  <   {
 <     "id": 811,
 <     "jsonrpc": "2.0",
 <     "result": "0x0"
 <   }
[2021/05/12 02:55:59.976] - eth_getTransactionCount
[2021/05/12 02:55:59.977] -    > {
   >   "jsonrpc": "2.0",
   >   "id": 823,
   >   "method": "eth_getTransactionCount",
   >   "params": [
   >     "0xef7658894ef59964749fffd11c34ac6058f0adb2",
   >     "latest"
   >   ],
   >   "internal": true
   > }
[2021/05/12 02:55:59.978] - eth_getBalance
[2021/05/12 02:55:59.978] -    > {
   >   "jsonrpc": "2.0",
   >   "id": 824,
   >   "method": "eth_getBalance",
   >   "params": [
   >     "0xaa464685d24e4c35b2ee65b477064177e58ec0a1",
   >     "latest"
   >   ],
   >   "internal": true
   > }
[2021/05/12 02:55:59.980] -  <   {
 <     "id": 812,
 <     "jsonrpc": "2.0",
 <     "result": "0x56bc75e2d63100000"
 <   }
[2021/05/12 02:55:59.981] - eth_getTransactionCount
[2021/05/12 02:55:59.982] -    > {
   >   "jsonrpc": "2.0",
   >   "id": 825,
   >   "method": "eth_getTransactionCount",
   >   "params": [
   >     "0xaa464685d24e4c35b2ee65b477064177e58ec0a1",
   >     "latest"
   >   ],
   >   "internal": true
   > }
[2021/05/12 02:55:59.985] -  <   {
 <     "id": 813,
 <     "jsonrpc": "2.0",
 <     "result": "0x0"
 <   }
[2021/05/12 02:55:59.986] - eth_getBalance
[2021/05/12 02:55:59.986] -    > {
   >   "jsonrpc": "2.0",
   >   "id": 826,
   >   "method": "eth_getBalance",
   >   "params": [
   >     "0x8e0100798ccf2e0fc062d5a44c7336bfcea954e5",
   >     "latest"
   >   ],
   >   "internal": true
   > }
[2021/05/12 02:55:59.991] -  <   {
 <     "id": 814,
 <     "jsonrpc": "2.0",
 <     "result": "0x56bc75e2d63100000"
 <   }
[2021/05/12 02:55:59.996] -  <   {
 <     "id": 815,
 <     "jsonrpc": "2.0",
 <     "result": "0x0"
 <   }
[2021/05/12 02:55:59.998] - eth_getTransactionCount
[2021/05/12 02:55:59.999] -    > {
   >   "jsonrpc": "2.0",
   >   "id": 827,
   >   "method": "eth_getTransactionCount",
   >   "params": [
   >     "0x8e0100798ccf2e0fc062d5a44c7336bfcea954e5",
   >     "latest"
   >   ],
   >   "internal": true
   > }
[2021/05/12 02:56:00.003] -  <   {
 <     "id": 816,
 <     "jsonrpc": "2.0",
 <     "result": "0x56bc75e2d63100000"
 <   }
[2021/05/12 02:56:00.004] - eth_getBalance
[2021/05/12 02:56:00.005] -    > {
   >   "jsonrpc": "2.0",
   >   "id": 828,
   >   "method": "eth_getBalance",
   >   "params": [
   >     "0x922b80a2dd005edcc1797cb69eefeaafdbcc0f04",
   >     "latest"
   >   ],
   >   "internal": true
   > }
[2021/05/12 02:56:00.006] - eth_getTransactionCount
[2021/05/12 02:56:00.007] -    > {
   >   "jsonrpc": "2.0",
   >   "id": 829,
   >   "method": "eth_getTransactionCount",
   >   "params": [
   >     "0x922b80a2dd005edcc1797cb69eefeaafdbcc0f04",
   >     "latest"
   >   ],
   >   "internal": true
   > }
[2021/05/12 02:56:00.011] -  <   {
 <     "id": 817,
 <     "jsonrpc": "2.0",
 <     "result": "0x0"
 <   }
[2021/05/12 02:56:00.022] -  <   {
 <     "id": 818,
 <     "jsonrpc": "2.0",
 <     "result": "0x56bc75e2d63100000"
 <   }
[2021/05/12 02:56:00.038] -  <   {
 <     "id": 819,
 <     "jsonrpc": "2.0",
 <     "result": "0x0"
 <   }
[2021/05/12 02:56:00.053] -  <   {
 <     "id": 820,
 <     "jsonrpc": "2.0",
 <     "result": "0x56bc75e2d63100000"
 <   }
[2021/05/12 02:56:00.069] -  <   {
 <     "id": 821,
 <     "jsonrpc": "2.0",
 <     "result": "0x0"
 <   }
[2021/05/12 02:56:00.084] -  <   {
 <     "id": 822,
 <     "jsonrpc": "2.0",
 <     "result": "0x56bc75e2d63100000"
 <   }
[2021/05/12 02:56:00.100] -  <   {
 <     "id": 823,
 <     "jsonrpc": "2.0",
 <     "result": "0x0"
 <   }
[2021/05/12 02:56:00.102] - eth_getTransactionCount
[2021/05/12 02:56:00.103] -    > {
   >   "jsonrpc": "2.0",
   >   "id": 831,
   >   "method": "eth_getTransactionCount",
   >   "params": [
   >     "0xb9200d6617cbd67f9c021f50427d838ba2c40ce4",
   >     "latest"
   >   ],
   >   "internal": true
   > }
[2021/05/12 02:56:00.106] -  <   {
 <     "id": 824,
 <     "jsonrpc": "2.0",
 <     "result": "0x56bc75e2d63100000"
 <   }
[2021/05/12 02:56:00.108] - eth_getBalance
[2021/05/12 02:56:00.110] -    > {
   >   "jsonrpc": "2.0",
   >   "id": 832,
   >   "method": "eth_getBalance",
   >   "params": [
   >     "0x04cba1af534441075e48eb94b5646f96cdfe1dfb",
   >     "latest"
   >   ],
   >   "internal": true
   > }
[2021/05/12 02:56:00.114] -  <   {
 <     "id": 825,
 <     "jsonrpc": "2.0",
 <     "result": "0x0"
 <   }
[2021/05/12 02:56:00.115] - eth_getTransactionCount
[2021/05/12 02:56:00.116] -    > {
   >   "jsonrpc": "2.0",
   >   "id": 833,
   >   "method": "eth_getTransactionCount",
   >   "params": [
   >     "0x04cba1af534441075e48eb94b5646f96cdfe1dfb",
   >     "latest"
   >   ],
   >   "internal": true
   > }
[2021/05/12 02:56:00.118] -  <   {
 <     "id": 826,
 <     "jsonrpc": "2.0",
 <     "result": "0x56bc75e2d63100000"
 <   }
[2021/05/12 02:56:00.121] - eth_getBalance
[2021/05/12 02:56:00.122] -    > {
   >   "jsonrpc": "2.0",
   >   "id": 834,
   >   "method": "eth_getBalance",
   >   "params": [
   >     "0xec903a02252003853f4046a985933d9bf4bbfff8",
   >     "latest"
   >   ],
   >   "internal": true
   > }
[2021/05/12 02:56:00.125] -  <   {
 <     "id": 827,
 <     "jsonrpc": "2.0",
 <     "result": "0x0"
 <   }
[2021/05/12 02:56:00.126] - eth_getTransactionCount
[2021/05/12 02:56:00.128] -    > {
   >   "jsonrpc": "2.0",
   >   "id": 835,
   >   "method": "eth_getTransactionCount",
   >   "params": [
   >     "0xec903a02252003853f4046a985933d9bf4bbfff8",
   >     "latest"
   >   ],
   >   "internal": true
   > }
[2021/05/12 02:56:00.130] -  <   {
 <     "id": 828,
 <     "jsonrpc": "2.0",
 <     "result": "0x56bc75e2d63100000"
 <   }
[2021/05/12 02:56:00.132] - eth_getBalance
[2021/05/12 02:56:00.133] -    > {
   >   "jsonrpc": "2.0",
   >   "id": 836,
   >   "method": "eth_getBalance",
   >   "params": [
   >     "0x4c3da660c886c6612d511279c1e73bb813f4b830",
   >     "latest"
   >   ],
   >   "internal": true
   > }
[2021/05/12 02:56:00.137] -  <   {
 <     "id": 829,
 <     "jsonrpc": "2.0",
 <     "result": "0x0"
 <   }
[2021/05/12 02:56:00.144] -  <   {
 <     "id": 831,
 <     "jsonrpc": "2.0",
 <     "result": "0x0"
 <   }
[2021/05/12 02:56:00.145] - eth_getTransactionCount
[2021/05/12 02:56:00.146] -    > {
   >   "jsonrpc": "2.0",
   >   "id": 837,
   >   "method": "eth_getTransactionCount",
   >   "params": [
   >     "0x4c3da660c886c6612d511279c1e73bb813f4b830",
   >     "latest"
   >   ],
   >   "internal": true
   > }
[2021/05/12 02:56:00.147] - eth_getBalance
[2021/05/12 02:56:00.148] -    > {
   >   "jsonrpc": "2.0",
   >   "id": 838,
   >   "method": "eth_getBalance",
   >   "params": [
   >     "0xe5df565e63693ff10981abd293f79c12f0e205c6",
   >     "latest"
   >   ],
   >   "internal": true
   > }
[2021/05/12 02:56:00.150] -  <   {
 <     "id": 832,
 <     "jsonrpc": "2.0",
 <     "result": "0x56bc75e2d63100000"
 <   }
[2021/05/12 02:56:00.151] - eth_getTransactionCount
[2021/05/12 02:56:00.152] -    > {
   >   "jsonrpc": "2.0",
   >   "id": 839,
   >   "method": "eth_getTransactionCount",
   >   "params": [
   >     "0xe5df565e63693ff10981abd293f79c12f0e205c6",
   >     "latest"
   >   ],
   >   "internal": true
   > }
[2021/05/12 02:56:00.154] -  <   {
 <     "id": 833,
 <     "jsonrpc": "2.0",
 <     "result": "0x0"
 <   }
[2021/05/12 02:56:00.155] - eth_getBalance
[2021/05/12 02:56:00.156] -    > {
   >   "jsonrpc": "2.0",
   >   "id": 840,
   >   "method": "eth_getBalance",
   >   "params": [
   >     "0xf2f0608e90e9837a4a0b0a27f000800b770efa0d",
   >     "latest"
   >   ],
   >   "internal": true
   > }
[2021/05/12 02:56:00.158] -  <   {
 <     "id": 834,
 <     "jsonrpc": "2.0",
 <     "result": "0x56bc75e2d63100000"
 <   }
[2021/05/12 02:56:00.160] - eth_getTransactionCount
[2021/05/12 02:56:00.161] -    > {
   >   "jsonrpc": "2.0",
   >   "id": 841,
   >   "method": "eth_getTransactionCount",
   >   "params": [
   >     "0xf2f0608e90e9837a4a0b0a27f000800b770efa0d",
   >     "latest"
   >   ],
   >   "internal": true
   > }
[2021/05/12 02:56:00.163] -  <   {
 <     "id": 835,
 <     "jsonrpc": "2.0",
 <     "result": "0x0"
 <   }
[2021/05/12 02:56:00.164] - eth_getBalance
[2021/05/12 02:56:00.165] -    > {
   >   "jsonrpc": "2.0",
   >   "id": 842,
   >   "method": "eth_getBalance",
   >   "params": [
   >     "0xef7658894ef59964749fffd11c34ac6058f0adb2",
   >     "latest"
   >   ],
   >   "internal": true
   > }
[2021/05/12 02:56:00.169] -  <   {
 <     "id": 836,
 <     "jsonrpc": "2.0",
 <     "result": "0x56bc75e2d63100000"
 <   }
[2021/05/12 02:56:00.170] - eth_getTransactionCount
[2021/05/12 02:56:00.171] -    > {
   >   "jsonrpc": "2.0",
   >   "id": 843,
   >   "method": "eth_getTransactionCount",
   >   "params": [
   >     "0xef7658894ef59964749fffd11c34ac6058f0adb2",
   >     "latest"
   >   ],
   >   "internal": true
   > }
[2021/05/12 02:56:00.173] -  <   {
 <     "id": 837,
 <     "jsonrpc": "2.0",
 <     "result": "0x0"
 <   }
[2021/05/12 02:56:00.174] - eth_getBalance
[2021/05/12 02:56:00.175] -    > {
   >   "jsonrpc": "2.0",
   >   "id": 844,
   >   "method": "eth_getBalance",
   >   "params": [
   >     "0xaa464685d24e4c35b2ee65b477064177e58ec0a1",
   >     "latest"
   >   ],
   >   "internal": true
   > }
[2021/05/12 02:56:00.178] -  <   {
 <     "id": 838,
 <     "jsonrpc": "2.0",
 <     "result": "0x56bc75e2d63100000"
 <   }
[2021/05/12 02:56:00.179] - eth_getTransactionCount
[2021/05/12 02:56:00.180] -    > {
   >   "jsonrpc": "2.0",
   >   "id": 845,
   >   "method": "eth_getTransactionCount",
   >   "params": [
   >     "0xaa464685d24e4c35b2ee65b477064177e58ec0a1",
   >     "latest"
   >   ],
   >   "internal": true
   > }
[2021/05/12 02:56:00.182] -  <   {
 <     "id": 839,
 <     "jsonrpc": "2.0",
 <     "result": "0x0"
 <   }
[2021/05/12 02:56:00.188] -  <   {
 <     "id": 840,
 <     "jsonrpc": "2.0",
 <     "result": "0x56bc75e2d63100000"
 <   }
[2021/05/12 02:56:00.190] - eth_getBalance
[2021/05/12 02:56:00.191] -    > {
   >   "jsonrpc": "2.0",
   >   "id": 846,
   >   "method": "eth_getBalance",
   >   "params": [
   >     "0x8e0100798ccf2e0fc062d5a44c7336bfcea954e5",
   >     "latest"
   >   ],
   >   "internal": true
   > }
[2021/05/12 02:56:00.192] - eth_getTransactionCount
[2021/05/12 02:56:00.194] -    > {
   >   "jsonrpc": "2.0",
   >   "id": 847,
   >   "method": "eth_getTransactionCount",
   >   "params": [
   >     "0x8e0100798ccf2e0fc062d5a44c7336bfcea954e5",
   >     "latest"
   >   ],
   >   "internal": true
   > }
[2021/05/12 02:56:00.196] -  <   {
 <     "id": 841,
 <     "jsonrpc": "2.0",
 <     "result": "0x0"
 <   }
[2021/05/12 02:56:00.198] - eth_getBalance
[2021/05/12 02:56:00.199] -    > {
   >   "jsonrpc": "2.0",
   >   "id": 848,
   >   "method": "eth_getBalance",
   >   "params": [
   >     "0x922b80a2dd005edcc1797cb69eefeaafdbcc0f04",
   >     "latest"
   >   ],
   >   "internal": true
   > }
[2021/05/12 02:56:00.202] -  <   {
 <     "id": 842,
 <     "jsonrpc": "2.0",
 <     "result": "0x56bc75e2d63100000"
 <   }
[2021/05/12 02:56:00.203] - eth_getTransactionCount
[2021/05/12 02:56:00.204] -    > {
   >   "jsonrpc": "2.0",
   >   "id": 849,
   >   "method": "eth_getTransactionCount",
   >   "params": [
   >     "0x922b80a2dd005edcc1797cb69eefeaafdbcc0f04",
   >     "latest"
   >   ],
   >   "internal": true
   > }
[2021/05/12 02:56:00.207] -  <   {
 <     "id": 843,
 <     "jsonrpc": "2.0",
 <     "result": "0x0"
 <   }
[2021/05/12 02:56:00.208] - eth_getTransactionCount
[2021/05/12 02:56:00.209] -    > {
   >   "jsonrpc": "2.0",
   >   "id": 851,
   >   "method": "eth_getTransactionCount",
   >   "params": [
   >     "0xb9200d6617cbd67f9c021f50427d838ba2c40ce4",
   >     "latest"
   >   ],
   >   "internal": true
   > }
[2021/05/12 02:56:00.212] -  <   {
 <     "id": 844,
 <     "jsonrpc": "2.0",
 <     "result": "0x56bc75e2d63100000"
 <   }
[2021/05/12 02:56:00.213] - eth_getBalance
[2021/05/12 02:56:00.214] -    > {
   >   "jsonrpc": "2.0",
   >   "id": 852,
   >   "method": "eth_getBalance",
   >   "params": [
   >     "0x04cba1af534441075e48eb94b5646f96cdfe1dfb",
   >     "latest"
   >   ],
   >   "internal": true
   > }
[2021/05/12 02:56:00.216] -  <   {
 <     "id": 845,
 <     "jsonrpc": "2.0",
 <     "result": "0x0"
 <   }
[2021/05/12 02:56:00.217] - eth_getTransactionCount
[2021/05/12 02:56:00.218] -    > {
   >   "jsonrpc": "2.0",
   >   "id": 853,
   >   "method": "eth_getTransactionCount",
   >   "params": [
   >     "0x04cba1af534441075e48eb94b5646f96cdfe1dfb",
   >     "latest"
   >   ],
   >   "internal": true
   > }
[2021/05/12 02:56:00.221] -  <   {
 <     "id": 846,
 <     "jsonrpc": "2.0",
 <     "result": "0x56bc75e2d63100000"
 <   }
[2021/05/12 02:56:00.223] - eth_getBalance
[2021/05/12 02:56:00.224] -    > {
   >   "jsonrpc": "2.0",
   >   "id": 854,
   >   "method": "eth_getBalance",
   >   "params": [
   >     "0xec903a02252003853f4046a985933d9bf4bbfff8",
   >     "latest"
   >   ],
   >   "internal": true
   > }
[2021/05/12 02:56:00.226] -  <   {
 <     "id": 847,
 <     "jsonrpc": "2.0",
 <     "result": "0x0"
 <   }
[2021/05/12 02:56:00.227] - eth_getTransactionCount
[2021/05/12 02:56:00.228] -    > {
   >   "jsonrpc": "2.0",
   >   "id": 855,
   >   "method": "eth_getTransactionCount",
   >   "params": [
   >     "0xec903a02252003853f4046a985933d9bf4bbfff8",
   >     "latest"
   >   ],
   >   "internal": true
   > }
[2021/05/12 02:56:00.229] - eth_getBalance
[2021/05/12 02:56:00.230] -    > {
   >   "jsonrpc": "2.0",
   >   "id": 856,
   >   "method": "eth_getBalance",
   >   "params": [
   >     "0x4c3da660c886c6612d511279c1e73bb813f4b830",
   >     "latest"
   >   ],
   >   "internal": true
   > }
[2021/05/12 02:56:00.232] -  <   {
 <     "id": 848,
 <     "jsonrpc": "2.0",
 <     "result": "0x56bc75e2d63100000"
 <   }
[2021/05/12 02:56:00.233] - eth_getTransactionCount
[2021/05/12 02:56:00.234] -    > {
   >   "jsonrpc": "2.0",
   >   "id": 857,
   >   "method": "eth_getTransactionCount",
   >   "params": [
   >     "0x4c3da660c886c6612d511279c1e73bb813f4b830",
   >     "latest"
   >   ],
   >   "internal": true
   > }
[2021/05/12 02:56:00.236] -  <   {
 <     "id": 849,
 <     "jsonrpc": "2.0",
 <     "result": "0x0"
 <   }
[2021/05/12 02:56:00.238] - eth_getBalance
[2021/05/12 02:56:00.239] -    > {
   >   "jsonrpc": "2.0",
   >   "id": 858,
   >   "method": "eth_getBalance",
   >   "params": [
   >     "0xe5df565e63693ff10981abd293f79c12f0e205c6",
   >     "latest"
   >   ],
   >   "internal": true
   > }
[2021/05/12 02:56:00.241] -  <   {
 <     "id": 851,
 <     "jsonrpc": "2.0",
 <     "result": "0x0"
 <   }
[2021/05/12 02:56:00.242] - eth_getTransactionCount
[2021/05/12 02:56:00.243] -    > {
   >   "jsonrpc": "2.0",
   >   "id": 859,
   >   "method": "eth_getTransactionCount",
   >   "params": [
   >     "0xe5df565e63693ff10981abd293f79c12f0e205c6",
   >     "latest"
   >   ],
   >   "internal": true
   > }
[2021/05/12 02:56:00.245] -  <   {
 <     "id": 852,
 <     "jsonrpc": "2.0",
 <     "result": "0x56bc75e2d63100000"
 <   }
[2021/05/12 02:56:00.248] -  <   {
 <     "id": 853,
 <     "jsonrpc": "2.0",
 <     "result": "0x0"
 <   }
[2021/05/12 02:56:00.250] - eth_getBalance
[2021/05/12 02:56:00.250] -    > {
   >   "jsonrpc": "2.0",
   >   "id": 860,
   >   "method": "eth_getBalance",
   >   "params": [
   >     "0xf2f0608e90e9837a4a0b0a27f000800b770efa0d",
   >     "latest"
   >   ],
   >   "internal": true
   > }
[2021/05/12 02:56:00.255] -  <   {
 <     "id": 854,
 <     "jsonrpc": "2.0",
 <     "result": "0x56bc75e2d63100000"
 <   }
[2021/05/12 02:56:00.257] - eth_getTransactionCount
[2021/05/12 02:56:00.258] -    > {
   >   "jsonrpc": "2.0",
   >   "id": 861,
   >   "method": "eth_getTransactionCount",
   >   "params": [
   >     "0xf2f0608e90e9837a4a0b0a27f000800b770efa0d",
   >     "latest"
   >   ],
   >   "internal": true
   > }
[2021/05/12 02:56:00.261] -  <   {
 <     "id": 855,
 <     "jsonrpc": "2.0",
 <     "result": "0x0"
 <   }
[2021/05/12 02:56:00.262] - eth_getBalance
[2021/05/12 02:56:00.263] -    > {
   >   "jsonrpc": "2.0",
   >   "id": 862,
   >   "method": "eth_getBalance",
   >   "params": [
   >     "0xef7658894ef59964749fffd11c34ac6058f0adb2",
   >     "latest"
   >   ],
   >   "internal": true
   > }
[2021/05/12 02:56:00.264] - eth_getTransactionCount
[2021/05/12 02:56:00.265] -    > {
   >   "jsonrpc": "2.0",
   >   "id": 863,
   >   "method": "eth_getTransactionCount",
   >   "params": [
   >     "0xef7658894ef59964749fffd11c34ac6058f0adb2",
   >     "latest"
   >   ],
   >   "internal": true
   > }
[2021/05/12 02:56:00.268] -  <   {
 <     "id": 856,
 <     "jsonrpc": "2.0",
 <     "result": "0x56bc75e2d63100000"
 <   }
[2021/05/12 02:56:00.269] - eth_getBalance
[2021/05/12 02:56:00.270] -    > {
   >   "jsonrpc": "2.0",
   >   "id": 864,
   >   "method": "eth_getBalance",
   >   "params": [
   >     "0xaa464685d24e4c35b2ee65b477064177e58ec0a1",
   >     "latest"
   >   ],
   >   "internal": true
   > }
[2021/05/12 02:56:00.273] -  <   {
 <     "id": 857,
 <     "jsonrpc": "2.0",
 <     "result": "0x0"
 <   }
[2021/05/12 02:56:00.274] - eth_getTransactionCount
[2021/05/12 02:56:00.275] -    > {
   >   "jsonrpc": "2.0",
   >   "id": 865,
   >   "method": "eth_getTransactionCount",
   >   "params": [
   >     "0xaa464685d24e4c35b2ee65b477064177e58ec0a1",
   >     "latest"
   >   ],
   >   "internal": true
   > }
[2021/05/12 02:56:00.279] -  <   {
 <     "id": 858,
 <     "jsonrpc": "2.0",
 <     "result": "0x56bc75e2d63100000"
 <   }
[2021/05/12 02:56:00.281] - eth_getBalance
[2021/05/12 02:56:00.282] -    > {
   >   "jsonrpc": "2.0",
   >   "id": 866,
   >   "method": "eth_getBalance",
   >   "params": [
   >     "0x8e0100798ccf2e0fc062d5a44c7336bfcea954e5",
   >     "latest"
   >   ],
   >   "internal": true
   > }
[2021/05/12 02:56:00.285] -  <   {
 <     "id": 859,
 <     "jsonrpc": "2.0",
 <     "result": "0x0"
 <   }
[2021/05/12 02:56:00.286] - eth_getTransactionCount
[2021/05/12 02:56:00.287] -    > {
   >   "jsonrpc": "2.0",
   >   "id": 867,
   >   "method": "eth_getTransactionCount",
   >   "params": [
   >     "0x8e0100798ccf2e0fc062d5a44c7336bfcea954e5",
   >     "latest"
   >   ],
   >   "internal": true
   > }
[2021/05/12 02:56:00.289] -  <   {
 <     "id": 860,
 <     "jsonrpc": "2.0",
 <     "result": "0x56bc75e2d63100000"
 <   }
[2021/05/12 02:56:00.291] - eth_getBalance
[2021/05/12 02:56:00.292] -    > {
   >   "jsonrpc": "2.0",
   >   "id": 868,
   >   "method": "eth_getBalance",
   >   "params": [
   >     "0x922b80a2dd005edcc1797cb69eefeaafdbcc0f04",
   >     "latest"
   >   ],
   >   "internal": true
   > }
[2021/05/12 02:56:00.294] -  <   {
 <     "id": 861,
 <     "jsonrpc": "2.0",
 <     "result": "0x0"
 <   }
[2021/05/12 02:56:00.297] - eth_getTransactionCount
[2021/05/12 02:56:00.298] -    > {
   >   "jsonrpc": "2.0",
   >   "id": 869,
   >   "method": "eth_getTransactionCount",
   >   "params": [
   >     "0x922b80a2dd005edcc1797cb69eefeaafdbcc0f04",
   >     "latest"
   >   ],
   >   "internal": true
   > }
[2021/05/12 02:56:00.303] -  <   {
 <     "id": 862,
 <     "jsonrpc": "2.0",
 <     "result": "0x56bc75e2d63100000"
 <   }
[2021/05/12 02:56:00.318] -  <   {
 <     "id": 863,
 <     "jsonrpc": "2.0",
 <     "result": "0x0"
 <   }
[2021/05/12 02:56:00.331] -  <   {
 <     "id": 864,
 <     "jsonrpc": "2.0",
 <     "result": "0x56bc75e2d63100000"
 <   }
[2021/05/12 02:56:00.348] -  <   {
 <     "id": 865,
 <     "jsonrpc": "2.0",
 <     "result": "0x0"
 <   }
[2021/05/12 02:56:00.363] -  <   {
 <     "id": 866,
 <     "jsonrpc": "2.0",
 <     "result": "0x56bc75e2d63100000"
 <   }
[2021/05/12 02:56:00.378] -  <   {
 <     "id": 867,
 <     "jsonrpc": "2.0",
 <     "result": "0x0"
 <   }
[2021/05/12 02:56:00.394] -  <   {
 <     "id": 868,
 <     "jsonrpc": "2.0",
 <     "result": "0x56bc75e2d63100000"
 <   }
[2021/05/12 02:56:00.410] -  <   {
 <     "id": 869,
 <     "jsonrpc": "2.0",
 <     "result": "0x0"
 <   }
[2021/05/12 02:56:19.916] - eth_blockNumber
[2021/05/12 02:56:19.918] -    > {
   >   "id": 1,
   >   "jsonrpc": "2.0",
   >   "method": "eth_blockNumber",
   >   "params": []
   > }
[2021/05/12 02:56:19.920] -  <   {
 <     "id": 1,
 <     "jsonrpc": "2.0",
 <     "result": "0x0"
 <   }
[2021/05/12 02:56:20.999] - eth_unsubscribe
[2021/05/12 02:56:21.001] -    > {
   >   "jsonrpc": "2.0",
   >   "id": 79,
   >   "method": "eth_unsubscribe",
   >   "params": [
   >     "0x3"
   >   ]
   > }
[2021/05/12 02:56:21.002] - eth_unsubscribe
[2021/05/12 02:56:21.003] -    > {
   >   "jsonrpc": "2.0",
   >   "id": 80,
   >   "method": "eth_unsubscribe",
   >   "params": [
   >     "0x4"
   >   ]
   > }
[2021/05/12 02:56:21.006] -  <   {
 <     "id": 79,
 <     "jsonrpc": "2.0",
 <     "result": true
 <   }
[2021/05/12 02:56:21.010] -    > {
   >   "jsonrpc": "2.0",
   >   "method": "eth_unsubscribe",
   >   "params": [
   >     "0x5"
   >   ],
   >   "id": 1620780981009
   > }
[2021/05/12 02:56:21.011] -    > {
   >   "jsonrpc": "2.0",
   >   "method": "eth_unsubscribe",
   >   "params": [
   >     "0x4"
   >   ],
   >   "id": 1620780981011
   > }
[2021/05/12 02:56:21.012] -    > {
   >   "jsonrpc": "2.0",
   >   "method": "eth_unsubscribe",
   >   "params": [
   >     "0x6"
   >   ],
   >   "id": 1620780981012
   > }
[2021/05/12 02:56:21.014] -    > {
   >   "jsonrpc": "2.0",
   >   "method": "eth_unsubscribe",
   >   "params": [
   >     "0x1"
   >   ],
   >   "id": 1620780981013
   > }
[2021/05/12 02:56:21.017] -    > {
   >   "jsonrpc": "2.0",
   >   "method": "eth_unsubscribe",
   >   "params": [
   >     "0x2"
   >   ],
   >   "id": 1620780981015
   > }
[2021/05/12 02:56:21.020] -  <   {
 <     "id": 80,
 <     "jsonrpc": "2.0",
 <     "result": true
 <   }
[2021/05/12 02:56:21.034] -  <   {
 <     "id": 1620780981009,
 <     "jsonrpc": "2.0",
 <     "result": true
 <   }
[2021/05/12 02:56:21.052] -  <   {
 <     "id": 1620780981011,
 <     "jsonrpc": "2.0",
 <     "error": {
 <       "message": "Subscription ID 0x4 not found.",
 <       "code": -32000,
 <       "data": {
 <         "stack": "Error: Subscription ID 0x4 not found.\n    at SubscriptionSubprovider.eth_unsubscribe (C:\\Program Files\\WindowsApps\\GanacheUI_2.5.4.0_x64__5dg5pnz03psnj\\app\\resources\\static\\node\\node_modules\\ganache-core\\node_modules\\web3-provider-engine\\subproviders\\subscriptions.js:78:8)\n    at SubscriptionSubprovider.handleRequest (C:\\Program Files\\WindowsApps\\GanacheUI_2.5.4.0_x64__5dg5pnz03psnj\\app\\resources\\static\\node\\node_modules\\ganache-core\\node_modules\\web3-provider-engine\\subproviders\\subscriptions.js:134:12)\n    at next (C:\\Program Files\\WindowsApps\\GanacheUI_2.5.4.0_x64__5dg5pnz03psnj\\app\\resources\\static\\node\\node_modules\\ganache-core\\node_modules\\web3-provider-engine\\index.js:136:18)\n    at DelayedBlockFilter.handleRequest (C:\\Program Files\\WindowsApps\\GanacheUI_2.5.4.0_x64__5dg5pnz03psnj\\app\\resources\\static\\node\\node_modules\\ganache-core\\lib\\subproviders\\delayedblockfilter.js:31:3)\n    at next (C:\\Program Files\\WindowsApps\\GanacheUI_2.5.4.0_x64__5dg5pnz03psnj\\app\\resources\\static\\node\\node_modules\\ganache-core\\node_modules\\web3-provider-engine\\index.js:136:18)\n    at RequestFunnel.handleRequest (C:\\Program Files\\WindowsApps\\GanacheUI_2.5.4.0_x64__5dg5pnz03psnj\\app\\resources\\static\\node\\node_modules\\ganache-core\\lib\\subproviders\\requestfunnel.js:32:12)\n    at next (C:\\Program Files\\WindowsApps\\GanacheUI_2.5.4.0_x64__5dg5pnz03psnj\\app\\resources\\static\\node\\node_modules\\ganache-core\\node_modules\\web3-provider-engine\\index.js:136:18)\n    at Web3ProviderEngine._handleAsync (C:\\Program Files\\WindowsApps\\GanacheUI_2.5.4.0_x64__5dg5pnz03psnj\\app\\resources\\static\\node\\node_modules\\ganache-core\\node_modules\\web3-provider-engine\\index.js:123:3)\n    at Timeout._onTimeout (C:\\Program Files\\WindowsApps\\GanacheUI_2.5.4.0_x64__5dg5pnz03psnj\\app\\resources\\static\\node\\node_modules\\ganache-core\\node_modules\\web3-provider-engine\\index.js:107:12)\n    at listOnTimeout (internal/timers.js:531:17)\n    at processTimers (internal/timers.js:475:7)",
 <         "name": "Error"
 <       }
 <     }
 <   }
[2021/05/12 02:56:21.063] -  <   {
 <     "id": 1620780981012,
 <     "jsonrpc": "2.0",
 <     "result": true
 <   }
[2021/05/12 02:56:21.078] -  <   {
 <     "id": 1620780981013,
 <     "jsonrpc": "2.0",
 <     "result": true
 <   }
[2021/05/12 02:56:21.094] -  <   {
 <     "id": 1620780981015,
 <     "jsonrpc": "2.0",
 <     "result": true
 <   }
