[2021/05/12 02:48:47.875] - Starting server with initial configuration: {"gasLimit":6721975,"gasPrice":20000000000,"hardfork":"petersburg","hostname":"127.0.0.1","port":7545,"network_id":5777,"default_balance_ether":100,"total_accounts":10,"unlocked_accounts":[],"locked":false,"vmErrorsOnRPCResponse":true,"verbose":true,"db_path":"C:\\Users\\henk\\AppData\\Roaming\\Ganache\\workspaces\\crowded-tree\\chaindata","logDirectory":"C:\\Users\\henk\\Documents\\GitHub\\starter_kit\\lopgs"}
[2021/05/12 02:48:48.280] - eth_subscribe
[2021/05/12 02:48:48.281] -    > {
   >   "jsonrpc": "2.0",
   >   "id": 49,
   >   "method": "eth_subscribe",
   >   "params": [
   >     "newHeads"
   >   ]
   > }
[2021/05/12 02:48:48.283] - eth_getLogs
[2021/05/12 02:48:48.284] -    > {
   >   "jsonrpc": "2.0",
   >   "id": 50,
   >   "method": "eth_getLogs",
   >   "params": [
   >     {
   >       "topics": []
   >     }
   >   ]
   > }
[2021/05/12 02:48:48.286] - eth_subscribe
[2021/05/12 02:48:48.287] -    > {
   >   "jsonrpc": "2.0",
   >   "id": 51,
   >   "method": "eth_subscribe",
   >   "params": [
   >     "logs",
   >     {
   >       "topics": []
   >     }
   >   ]
   > }
[2021/05/12 02:48:48.288] -  <   {
 <     "id": 49,
 <     "jsonrpc": "2.0",
 <     "result": "0x1"
 <   }
[2021/05/12 02:48:48.297] -  <   {
 <     "id": 50,
 <     "jsonrpc": "2.0",
 <     "result": []
 <   }
[2021/05/12 02:48:48.301] -  <   {
 <     "id": 51,
 <     "jsonrpc": "2.0",
 <     "result": "0x2"
 <   }
[2021/05/12 02:48:48.327] - eth_subscribe
[2021/05/12 02:48:48.329] -    > {
   >   "jsonrpc": "2.0",
   >   "id": 52,
   >   "method": "eth_subscribe",
   >   "params": [
   >     "newHeads"
   >   ]
   > }
[2021/05/12 02:48:48.331] - eth_getLogs
[2021/05/12 02:48:48.332] -    > {
   >   "jsonrpc": "2.0",
   >   "id": 53,
   >   "method": "eth_getLogs",
   >   "params": [
   >     {
   >       "topics": []
   >     }
   >   ]
   > }
[2021/05/12 02:48:48.333] - eth_subscribe
[2021/05/12 02:48:48.334] -    > {
   >   "jsonrpc": "2.0",
   >   "id": 54,
   >   "method": "eth_subscribe",
   >   "params": [
   >     "logs",
   >     {
   >       "topics": []
   >     }
   >   ]
   > }
[2021/05/12 02:48:48.336] -  <   {
 <     "id": 52,
 <     "jsonrpc": "2.0",
 <     "result": "0x3"
 <   }
[2021/05/12 02:48:48.339] -  <   {
 <     "id": 53,
 <     "jsonrpc": "2.0",
 <     "result": []
 <   }
[2021/05/12 02:48:48.357] -  <   {
 <     "id": 54,
 <     "jsonrpc": "2.0",
 <     "result": "0x4"
 <   }
[2021/05/12 02:48:48.382] - eth_blockNumber
[2021/05/12 02:48:48.383] -    > {
   >   "jsonrpc": "2.0",
   >   "id": 565,
   >   "method": "eth_blockNumber",
   >   "params": [],
   >   "internal": true
   > }
[2021/05/12 02:48:48.385] - eth_accounts
[2021/05/12 02:48:48.386] -    > {
   >   "jsonrpc": "2.0",
   >   "id": 566,
   >   "method": "eth_accounts",
   >   "params": [],
   >   "internal": true
   > }
[2021/05/12 02:48:48.387] - eth_blockNumber
[2021/05/12 02:48:48.388] -    > {
   >   "jsonrpc": "2.0",
   >   "id": 560,
   >   "method": "eth_blockNumber",
   >   "params": [],
   >   "internal": true
   > }
[2021/05/12 02:48:48.389] - eth_gasPrice
[2021/05/12 02:48:48.390] -    > {
   >   "jsonrpc": "2.0",
   >   "id": 567,
   >   "method": "eth_gasPrice",
   >   "params": [],
   >   "internal": true
   > }
[2021/05/12 02:48:48.391] - eth_accounts
[2021/05/12 02:48:48.391] -    > {
   >   "jsonrpc": "2.0",
   >   "id": 561,
   >   "method": "eth_accounts",
   >   "params": [],
   >   "internal": true
   > }
[2021/05/12 02:48:48.392] -  <   {
 <     "id": 565,
 <     "jsonrpc": "2.0",
 <     "result": "0x0"
 <   }
[2021/05/12 02:48:48.393] - eth_getBlockByNumber
[2021/05/12 02:48:48.394] -    > {
   >   "jsonrpc": "2.0",
   >   "id": 568,
   >   "method": "eth_getBlockByNumber",
   >   "params": [
   >     "latest",
   >     false
   >   ],
   >   "internal": true
   > }
[2021/05/12 02:48:48.396] - eth_gasPrice
[2021/05/12 02:48:48.396] -    > {
   >   "jsonrpc": "2.0",
   >   "id": 562,
   >   "method": "eth_gasPrice",
   >   "params": [],
   >   "internal": true
   > }
[2021/05/12 02:48:48.397] -  <   {
 <     "id": 566,
 <     "jsonrpc": "2.0",
 <     "result": [
 <       "0xb9200d6617cbd67f9c021f50427d838ba2c40ce4",
 <       "0x04cba1af534441075e48eb94b5646f96cdfe1dfb",
 <       "0xec903a02252003853f4046a985933d9bf4bbfff8",
 <       "0x4c3da660c886c6612d511279c1e73bb813f4b830",
 <       "0xe5df565e63693ff10981abd293f79c12f0e205c6",
 <       "0xf2f0608e90e9837a4a0b0a27f000800b770efa0d",
 <       "0xef7658894ef59964749fffd11c34ac6058f0adb2",
 <       "0xaa464685d24e4c35b2ee65b477064177e58ec0a1",
 <       "0x8e0100798ccf2e0fc062d5a44c7336bfcea954e5",
 <       "0x922b80a2dd005edcc1797cb69eefeaafdbcc0f04"
 <     ]
 <   }
[2021/05/12 02:48:48.399] - eth_subscribe
[2021/05/12 02:48:48.400] -    > {
   >   "jsonrpc": "2.0",
   >   "id": 569,
   >   "method": "eth_subscribe",
   >   "params": [
   >     "newHeads"
   >   ],
   >   "internal": true
   > }
[2021/05/12 02:48:48.401] - eth_getBlockByNumber
[2021/05/12 02:48:48.402] -    > {
   >   "jsonrpc": "2.0",
   >   "id": 563,
   >   "method": "eth_getBlockByNumber",
   >   "params": [
   >     "latest",
   >     false
   >   ],
   >   "internal": true
   > }
[2021/05/12 02:48:48.403] -  <   {
 <     "id": 560,
 <     "jsonrpc": "2.0",
 <     "result": "0x0"
 <   }
[2021/05/12 02:48:48.405] - eth_subscribe
[2021/05/12 02:48:48.406] -    > {
   >   "jsonrpc": "2.0",
   >   "id": 564,
   >   "method": "eth_subscribe",
   >   "params": [
   >     "newHeads"
   >   ],
   >   "internal": true
   > }
[2021/05/12 02:48:48.407] -  <   {
 <     "id": 567,
 <     "jsonrpc": "2.0",
 <     "result": "0x4a817c800"
 <   }
[2021/05/12 02:48:48.412] -  <   {
 <     "id": 561,
 <     "jsonrpc": "2.0",
 <     "result": [
 <       "0xb9200d6617cbd67f9c021f50427d838ba2c40ce4",
 <       "0x04cba1af534441075e48eb94b5646f96cdfe1dfb",
 <       "0xec903a02252003853f4046a985933d9bf4bbfff8",
 <       "0x4c3da660c886c6612d511279c1e73bb813f4b830",
 <       "0xe5df565e63693ff10981abd293f79c12f0e205c6",
 <       "0xf2f0608e90e9837a4a0b0a27f000800b770efa0d",
 <       "0xef7658894ef59964749fffd11c34ac6058f0adb2",
 <       "0xaa464685d24e4c35b2ee65b477064177e58ec0a1",
 <       "0x8e0100798ccf2e0fc062d5a44c7336bfcea954e5",
 <       "0x922b80a2dd005edcc1797cb69eefeaafdbcc0f04"
 <     ]
 <   }
[2021/05/12 02:48:48.413] - eth_accounts
[2021/05/12 02:48:48.414] -    > {
   >   "jsonrpc": "2.0",
   >   "id": 570,
   >   "method": "eth_accounts",
   >   "params": [],
   >   "internal": true
   > }
[2021/05/12 02:48:48.420] -  <   {
 <     "id": 568,
 <     "jsonrpc": "2.0",
 <     "result": {
 <       "number": "0x0",
 <       "hash": "0xd086d15525727f142f50663740be0ea39f7e404aee6881a682c5c515aef23f5e",
 <       "parentHash": "0x0000000000000000000000000000000000000000000000000000000000000000",
 <       "mixHash": "0x0000000000000000000000000000000000000000000000000000000000000000",
 <       "nonce": "0x0000000000000000",
 <       "sha3Uncles": "0x1dcc4de8dec75d7aab85b567b6ccd41ad312451b948a7413f0a142fd40d49347",
 <       "logsBloom": "0x00000000000000000000000000000000000000000000000000000000000000000000000000000000000000000000000000000000000000000000000000000000000000000000000000000000000000000000000000000000000000000000000000000000000000000000000000000000000000000000000000000000000000000000000000000000000000000000000000000000000000000000000000000000000000000000000000000000000000000000000000000000000000000000000000000000000000000000000000000000000000000000000000000000000000000000000000000000000000000000000000000000000000000000000000000000",
 <       "transactionsRoot": "0x56e81f171bcc55a6ff8345e692c0f86e5b48e01b996cadc001622fb5e363b421",
 <       "stateRoot": "0x80b028931c8965d9166eff7bde634d73da93afffd65cff8faba50f693fe2a019",
 <       "receiptsRoot": "0x56e81f171bcc55a6ff8345e692c0f86e5b48e01b996cadc001622fb5e363b421",
 <       "miner": "0x0000000000000000000000000000000000000000",
 <       "difficulty": "0x0",
 <       "totalDifficulty": "0x0",
 <       "extraData": "0x",
 <       "size": "0x3e8",
 <       "gasLimit": "0x6691b7",
 <       "gasUsed": "0x0",
 <       "timestamp": "0x609b25ef",
 <       "transactions": [],
 <       "uncles": []
 <     }
 <   }
[2021/05/12 02:48:48.434] -  <   {
 <     "id": 562,
 <     "jsonrpc": "2.0",
 <     "result": "0x4a817c800"
 <   }
[2021/05/12 02:48:48.449] -  <   {
 <     "id": 569,
 <     "jsonrpc": "2.0",
 <     "result": "0x5"
 <   }
[2021/05/12 02:48:48.465] -  <   {
 <     "id": 563,
 <     "jsonrpc": "2.0",
 <     "result": {
 <       "number": "0x0",
 <       "hash": "0xd086d15525727f142f50663740be0ea39f7e404aee6881a682c5c515aef23f5e",
 <       "parentHash": "0x0000000000000000000000000000000000000000000000000000000000000000",
 <       "mixHash": "0x0000000000000000000000000000000000000000000000000000000000000000",
 <       "nonce": "0x0000000000000000",
 <       "sha3Uncles": "0x1dcc4de8dec75d7aab85b567b6ccd41ad312451b948a7413f0a142fd40d49347",
 <       "logsBloom": "0x00000000000000000000000000000000000000000000000000000000000000000000000000000000000000000000000000000000000000000000000000000000000000000000000000000000000000000000000000000000000000000000000000000000000000000000000000000000000000000000000000000000000000000000000000000000000000000000000000000000000000000000000000000000000000000000000000000000000000000000000000000000000000000000000000000000000000000000000000000000000000000000000000000000000000000000000000000000000000000000000000000000000000000000000000000000",
 <       "transactionsRoot": "0x56e81f171bcc55a6ff8345e692c0f86e5b48e01b996cadc001622fb5e363b421",
 <       "stateRoot": "0x80b028931c8965d9166eff7bde634d73da93afffd65cff8faba50f693fe2a019",
 <       "receiptsRoot": "0x56e81f171bcc55a6ff8345e692c0f86e5b48e01b996cadc001622fb5e363b421",
 <       "miner": "0x0000000000000000000000000000000000000000",
 <       "difficulty": "0x0",
 <       "totalDifficulty": "0x0",
 <       "extraData": "0x",
 <       "size": "0x3e8",
 <       "gasLimit": "0x6691b7",
 <       "gasUsed": "0x0",
 <       "timestamp": "0x609b25ef",
 <       "transactions": [],
 <       "uncles": []
 <     }
 <   }
[2021/05/12 02:48:48.468] -  <   {
 <     "id": 564,
 <     "jsonrpc": "2.0",
 <     "result": "0x6"
 <   }
[2021/05/12 02:48:48.470] - eth_getBalance
[2021/05/12 02:48:48.470] -    > {
   >   "jsonrpc": "2.0",
   >   "id": 571,
   >   "method": "eth_getBalance",
   >   "params": [
   >     "0xb9200d6617cbd67f9c021f50427d838ba2c40ce4",
   >     "latest"
   >   ],
   >   "internal": true
   > }
[2021/05/12 02:48:48.475] -  <   {
 <     "id": 570,
 <     "jsonrpc": "2.0",
 <     "result": [
 <       "0xb9200d6617cbd67f9c021f50427d838ba2c40ce4",
 <       "0x04cba1af534441075e48eb94b5646f96cdfe1dfb",
 <       "0xec903a02252003853f4046a985933d9bf4bbfff8",
 <       "0x4c3da660c886c6612d511279c1e73bb813f4b830",
 <       "0xe5df565e63693ff10981abd293f79c12f0e205c6",
 <       "0xf2f0608e90e9837a4a0b0a27f000800b770efa0d",
 <       "0xef7658894ef59964749fffd11c34ac6058f0adb2",
 <       "0xaa464685d24e4c35b2ee65b477064177e58ec0a1",
 <       "0x8e0100798ccf2e0fc062d5a44c7336bfcea954e5",
 <       "0x922b80a2dd005edcc1797cb69eefeaafdbcc0f04"
 <     ]
 <   }
[2021/05/12 02:48:48.476] - eth_getTransactionCount
[2021/05/12 02:48:48.477] -    > {
   >   "jsonrpc": "2.0",
   >   "id": 572,
   >   "method": "eth_getTransactionCount",
   >   "params": [
   >     "0xb9200d6617cbd67f9c021f50427d838ba2c40ce4",
   >     "latest"
   >   ],
   >   "internal": true
   > }
[2021/05/12 02:48:48.481] -  <   {
 <     "id": 571,
 <     "jsonrpc": "2.0",
 <     "result": "0x56bc75e2d63100000"
 <   }
[2021/05/12 02:48:48.489] -  <   {
 <     "id": 572,
 <     "jsonrpc": "2.0",
 <     "result": "0x0"
 <   }
[2021/05/12 02:48:48.490] - eth_getBalance
[2021/05/12 02:48:48.491] -    > {
   >   "jsonrpc": "2.0",
   >   "id": 573,
   >   "method": "eth_getBalance",
   >   "params": [
   >     "0x04cba1af534441075e48eb94b5646f96cdfe1dfb",
   >     "latest"
   >   ],
   >   "internal": true
   > }
[2021/05/12 02:48:48.496] -  <   {
 <     "id": 573,
 <     "jsonrpc": "2.0",
 <     "result": "0x56bc75e2d63100000"
 <   }
[2021/05/12 02:48:48.497] - eth_getTransactionCount
[2021/05/12 02:48:48.500] -    > {
   >   "jsonrpc": "2.0",
   >   "id": 574,
   >   "method": "eth_getTransactionCount",
   >   "params": [
   >     "0x04cba1af534441075e48eb94b5646f96cdfe1dfb",
   >     "latest"
   >   ],
   >   "internal": true
   > }
[2021/05/12 02:48:48.517] -  <   {
 <     "id": 574,
 <     "jsonrpc": "2.0",
 <     "result": "0x0"
 <   }
[2021/05/12 02:48:48.518] - eth_getBalance
[2021/05/12 02:48:48.521] -    > {
   >   "jsonrpc": "2.0",
   >   "id": 575,
   >   "method": "eth_getBalance",
   >   "params": [
   >     "0xec903a02252003853f4046a985933d9bf4bbfff8",
   >     "latest"
   >   ],
   >   "internal": true
   > }
[2021/05/12 02:48:48.522] - eth_getTransactionCount
[2021/05/12 02:48:48.523] -    > {
   >   "jsonrpc": "2.0",
   >   "id": 576,
   >   "method": "eth_getTransactionCount",
   >   "params": [
   >     "0xec903a02252003853f4046a985933d9bf4bbfff8",
   >     "latest"
   >   ],
   >   "internal": true
   > }
[2021/05/12 02:48:48.524] - eth_getBalance
[2021/05/12 02:48:48.525] -    > {
   >   "jsonrpc": "2.0",
   >   "id": 577,
   >   "method": "eth_getBalance",
   >   "params": [
   >     "0x4c3da660c886c6612d511279c1e73bb813f4b830",
   >     "latest"
   >   ],
   >   "internal": true
   > }
[2021/05/12 02:48:48.526] - eth_getTransactionCount
[2021/05/12 02:48:48.527] -    > {
   >   "jsonrpc": "2.0",
   >   "id": 578,
   >   "method": "eth_getTransactionCount",
   >   "params": [
   >     "0x4c3da660c886c6612d511279c1e73bb813f4b830",
   >     "latest"
   >   ],
   >   "internal": true
   > }
[2021/05/12 02:48:48.530] -  <   {
 <     "id": 575,
 <     "jsonrpc": "2.0",
 <     "result": "0x56bc75e2d63100000"
 <   }
[2021/05/12 02:48:48.531] - eth_getBalance
[2021/05/12 02:48:48.532] -    > {
   >   "jsonrpc": "2.0",
   >   "id": 579,
   >   "method": "eth_getBalance",
   >   "params": [
   >     "0xe5df565e63693ff10981abd293f79c12f0e205c6",
   >     "latest"
   >   ],
   >   "internal": true
   > }
[2021/05/12 02:48:48.534] -  <   {
 <     "id": 576,
 <     "jsonrpc": "2.0",
 <     "result": "0x0"
 <   }
[2021/05/12 02:48:48.535] - eth_getTransactionCount
[2021/05/12 02:48:48.536] -    > {
   >   "jsonrpc": "2.0",
   >   "id": 580,
   >   "method": "eth_getTransactionCount",
   >   "params": [
   >     "0xe5df565e63693ff10981abd293f79c12f0e205c6",
   >     "latest"
   >   ],
   >   "internal": true
   > }
[2021/05/12 02:48:48.538] -  <   {
 <     "id": 577,
 <     "jsonrpc": "2.0",
 <     "result": "0x56bc75e2d63100000"
 <   }
[2021/05/12 02:48:48.539] - eth_getBalance
[2021/05/12 02:48:48.540] -    > {
   >   "jsonrpc": "2.0",
   >   "id": 581,
   >   "method": "eth_getBalance",
   >   "params": [
   >     "0xf2f0608e90e9837a4a0b0a27f000800b770efa0d",
   >     "latest"
   >   ],
   >   "internal": true
   > }
[2021/05/12 02:48:48.542] -  <   {
 <     "id": 578,
 <     "jsonrpc": "2.0",
 <     "result": "0x0"
 <   }
[2021/05/12 02:48:48.547] -  <   {
 <     "id": 579,
 <     "jsonrpc": "2.0",
 <     "result": "0x56bc75e2d63100000"
 <   }
[2021/05/12 02:48:48.549] - eth_getTransactionCount
[2021/05/12 02:48:48.549] -    > {
   >   "jsonrpc": "2.0",
   >   "id": 582,
   >   "method": "eth_getTransactionCount",
   >   "params": [
   >     "0xf2f0608e90e9837a4a0b0a27f000800b770efa0d",
   >     "latest"
   >   ],
   >   "internal": true
   > }
[2021/05/12 02:48:48.554] -  <   {
 <     "id": 580,
 <     "jsonrpc": "2.0",
 <     "result": "0x0"
 <   }
[2021/05/12 02:48:48.555] - eth_getBalance
[2021/05/12 02:48:48.556] -    > {
   >   "jsonrpc": "2.0",
   >   "id": 583,
   >   "method": "eth_getBalance",
   >   "params": [
   >     "0xef7658894ef59964749fffd11c34ac6058f0adb2",
   >     "latest"
   >   ],
   >   "internal": true
   > }
[2021/05/12 02:48:48.568] -  <   {
 <     "id": 581,
 <     "jsonrpc": "2.0",
 <     "result": "0x56bc75e2d63100000"
 <   }
[2021/05/12 02:48:48.569] - eth_getTransactionCount
[2021/05/12 02:48:48.570] -    > {
   >   "jsonrpc": "2.0",
   >   "id": 584,
   >   "method": "eth_getTransactionCount",
   >   "params": [
   >     "0xef7658894ef59964749fffd11c34ac6058f0adb2",
   >     "latest"
   >   ],
   >   "internal": true
   > }
[2021/05/12 02:48:48.574] -  <   {
 <     "id": 582,
 <     "jsonrpc": "2.0",
 <     "result": "0x0"
 <   }
[2021/05/12 02:48:48.576] - eth_getBalance
[2021/05/12 02:48:48.577] -    > {
   >   "jsonrpc": "2.0",
   >   "id": 585,
   >   "method": "eth_getBalance",
   >   "params": [
   >     "0xaa464685d24e4c35b2ee65b477064177e58ec0a1",
   >     "latest"
   >   ],
   >   "internal": true
   > }
[2021/05/12 02:48:48.581] -  <   {
 <     "id": 583,
 <     "jsonrpc": "2.0",
 <     "result": "0x56bc75e2d63100000"
 <   }
[2021/05/12 02:48:48.585] -  <   {
 <     "id": 584,
 <     "jsonrpc": "2.0",
 <     "result": "0x0"
 <   }
[2021/05/12 02:48:48.587] - eth_getTransactionCount
[2021/05/12 02:48:48.588] -    > {
   >   "jsonrpc": "2.0",
   >   "id": 586,
   >   "method": "eth_getTransactionCount",
   >   "params": [
   >     "0xaa464685d24e4c35b2ee65b477064177e58ec0a1",
   >     "latest"
   >   ],
   >   "internal": true
   > }
[2021/05/12 02:48:48.589] - eth_getBalance
[2021/05/12 02:48:48.591] -    > {
   >   "jsonrpc": "2.0",
   >   "id": 587,
   >   "method": "eth_getBalance",
   >   "params": [
   >     "0x8e0100798ccf2e0fc062d5a44c7336bfcea954e5",
   >     "latest"
   >   ],
   >   "internal": true
   > }
[2021/05/12 02:48:48.596] -  <   {
 <     "id": 585,
 <     "jsonrpc": "2.0",
 <     "result": "0x56bc75e2d63100000"
 <   }
[2021/05/12 02:48:48.608] -  <   {
 <     "id": 586,
 <     "jsonrpc": "2.0",
 <     "result": "0x0"
 <   }
[2021/05/12 02:48:48.610] - eth_getTransactionCount
[2021/05/12 02:48:48.611] -    > {
   >   "jsonrpc": "2.0",
   >   "id": 588,
   >   "method": "eth_getTransactionCount",
   >   "params": [
   >     "0x8e0100798ccf2e0fc062d5a44c7336bfcea954e5",
   >     "latest"
   >   ],
   >   "internal": true
   > }
[2021/05/12 02:48:48.612] - eth_getBalance
[2021/05/12 02:48:48.613] -    > {
   >   "jsonrpc": "2.0",
   >   "id": 589,
   >   "method": "eth_getBalance",
   >   "params": [
   >     "0x922b80a2dd005edcc1797cb69eefeaafdbcc0f04",
   >     "latest"
   >   ],
   >   "internal": true
   > }
[2021/05/12 02:48:48.616] -  <   {
 <     "id": 587,
 <     "jsonrpc": "2.0",
 <     "result": "0x56bc75e2d63100000"
 <   }
[2021/05/12 02:48:48.617] - eth_getTransactionCount
[2021/05/12 02:48:48.618] -    > {
   >   "jsonrpc": "2.0",
   >   "id": 590,
   >   "method": "eth_getTransactionCount",
   >   "params": [
   >     "0x922b80a2dd005edcc1797cb69eefeaafdbcc0f04",
   >     "latest"
   >   ],
   >   "internal": true
   > }
[2021/05/12 02:48:48.623] -  <   {
 <     "id": 588,
 <     "jsonrpc": "2.0",
 <     "result": "0x0"
 <   }
[2021/05/12 02:48:48.625] - eth_getBalance
[2021/05/12 02:48:48.625] -    > {
   >   "jsonrpc": "2.0",
   >   "id": 592,
   >   "method": "eth_getBalance",
   >   "params": [
   >     "0xb9200d6617cbd67f9c021f50427d838ba2c40ce4",
   >     "latest"
   >   ],
   >   "internal": true
   > }
[2021/05/12 02:48:48.629] -  <   {
 <     "id": 589,
 <     "jsonrpc": "2.0",
 <     "result": "0x56bc75e2d63100000"
 <   }
[2021/05/12 02:48:48.630] - eth_getTransactionCount
[2021/05/12 02:48:48.631] -    > {
   >   "jsonrpc": "2.0",
   >   "id": 593,
   >   "method": "eth_getTransactionCount",
   >   "params": [
   >     "0xb9200d6617cbd67f9c021f50427d838ba2c40ce4",
   >     "latest"
   >   ],
   >   "internal": true
   > }
[2021/05/12 02:48:48.635] -  <   {
 <     "id": 590,
 <     "jsonrpc": "2.0",
 <     "result": "0x0"
 <   }
[2021/05/12 02:48:48.636] - eth_getBalance
[2021/05/12 02:48:48.637] -    > {
   >   "jsonrpc": "2.0",
   >   "id": 594,
   >   "method": "eth_getBalance",
   >   "params": [
   >     "0x04cba1af534441075e48eb94b5646f96cdfe1dfb",
   >     "latest"
   >   ],
   >   "internal": true
   > }
[2021/05/12 02:48:48.642] -  <   {
 <     "id": 592,
 <     "jsonrpc": "2.0",
 <     "result": "0x56bc75e2d63100000"
 <   }
[2021/05/12 02:48:48.645] - eth_getTransactionCount
[2021/05/12 02:48:48.646] -    > {
   >   "jsonrpc": "2.0",
   >   "id": 595,
   >   "method": "eth_getTransactionCount",
   >   "params": [
   >     "0x04cba1af534441075e48eb94b5646f96cdfe1dfb",
   >     "latest"
   >   ],
   >   "internal": true
   > }
[2021/05/12 02:48:48.647] - eth_getBalance
[2021/05/12 02:48:48.648] -    > {
   >   "jsonrpc": "2.0",
   >   "id": 596,
   >   "method": "eth_getBalance",
   >   "params": [
   >     "0xec903a02252003853f4046a985933d9bf4bbfff8",
   >     "latest"
   >   ],
   >   "internal": true
   > }
[2021/05/12 02:48:48.651] -  <   {
 <     "id": 593,
 <     "jsonrpc": "2.0",
 <     "result": "0x0"
 <   }
[2021/05/12 02:48:48.653] -  <   {
 <     "id": 594,
 <     "jsonrpc": "2.0",
 <     "result": "0x56bc75e2d63100000"
 <   }
[2021/05/12 02:48:48.654] - eth_getTransactionCount
[2021/05/12 02:48:48.655] -    > {
   >   "jsonrpc": "2.0",
   >   "id": 597,
   >   "method": "eth_getTransactionCount",
   >   "params": [
   >     "0xec903a02252003853f4046a985933d9bf4bbfff8",
   >     "latest"
   >   ],
   >   "internal": true
   > }
[2021/05/12 02:48:48.660] -  <   {
 <     "id": 595,
 <     "jsonrpc": "2.0",
 <     "result": "0x0"
 <   }
[2021/05/12 02:48:48.662] - eth_getBalance
[2021/05/12 02:48:48.663] -    > {
   >   "jsonrpc": "2.0",
   >   "id": 598,
   >   "method": "eth_getBalance",
   >   "params": [
   >     "0x4c3da660c886c6612d511279c1e73bb813f4b830",
   >     "latest"
   >   ],
   >   "internal": true
   > }
[2021/05/12 02:48:48.664] - eth_getTransactionCount
[2021/05/12 02:48:48.665] -    > {
   >   "jsonrpc": "2.0",
   >   "id": 599,
   >   "method": "eth_getTransactionCount",
   >   "params": [
   >     "0x4c3da660c886c6612d511279c1e73bb813f4b830",
   >     "latest"
   >   ],
   >   "internal": true
   > }
[2021/05/12 02:48:48.667] -  <   {
 <     "id": 596,
 <     "jsonrpc": "2.0",
 <     "result": "0x56bc75e2d63100000"
 <   }
[2021/05/12 02:48:48.671] -  <   {
 <     "id": 597,
 <     "jsonrpc": "2.0",
 <     "result": "0x0"
 <   }
[2021/05/12 02:48:48.672] - eth_getBalance
[2021/05/12 02:48:48.673] -    > {
   >   "jsonrpc": "2.0",
   >   "id": 600,
   >   "method": "eth_getBalance",
   >   "params": [
   >     "0xe5df565e63693ff10981abd293f79c12f0e205c6",
   >     "latest"
   >   ],
   >   "internal": true
   > }
[2021/05/12 02:48:48.675] - eth_getTransactionCount
[2021/05/12 02:48:48.675] -    > {
   >   "jsonrpc": "2.0",
   >   "id": 601,
   >   "method": "eth_getTransactionCount",
   >   "params": [
   >     "0xe5df565e63693ff10981abd293f79c12f0e205c6",
   >     "latest"
   >   ],
   >   "internal": true
   > }
[2021/05/12 02:48:48.678] -  <   {
 <     "id": 598,
 <     "jsonrpc": "2.0",
 <     "result": "0x56bc75e2d63100000"
 <   }
[2021/05/12 02:48:48.680] - eth_getBalance
[2021/05/12 02:48:48.681] -    > {
   >   "jsonrpc": "2.0",
   >   "id": 602,
   >   "method": "eth_getBalance",
   >   "params": [
   >     "0xf2f0608e90e9837a4a0b0a27f000800b770efa0d",
   >     "latest"
   >   ],
   >   "internal": true
   > }
[2021/05/12 02:48:48.684] -  <   {
 <     "id": 599,
 <     "jsonrpc": "2.0",
 <     "result": "0x0"
 <   }
[2021/05/12 02:48:48.688] -  <   {
 <     "id": 600,
 <     "jsonrpc": "2.0",
 <     "result": "0x56bc75e2d63100000"
 <   }
[2021/05/12 02:48:48.691] - eth_getTransactionCount
[2021/05/12 02:48:48.692] -    > {
   >   "jsonrpc": "2.0",
   >   "id": 603,
   >   "method": "eth_getTransactionCount",
   >   "params": [
   >     "0xf2f0608e90e9837a4a0b0a27f000800b770efa0d",
   >     "latest"
   >   ],
   >   "internal": true
   > }
[2021/05/12 02:48:48.694] - eth_getBalance
[2021/05/12 02:48:48.695] -    > {
   >   "jsonrpc": "2.0",
   >   "id": 604,
   >   "method": "eth_getBalance",
   >   "params": [
   >     "0xef7658894ef59964749fffd11c34ac6058f0adb2",
   >     "latest"
   >   ],
   >   "internal": true
   > }
[2021/05/12 02:48:48.698] -  <   {
 <     "id": 601,
 <     "jsonrpc": "2.0",
 <     "result": "0x0"
 <   }
[2021/05/12 02:48:48.700] - eth_getTransactionCount
[2021/05/12 02:48:48.700] -    > {
   >   "jsonrpc": "2.0",
   >   "id": 605,
   >   "method": "eth_getTransactionCount",
   >   "params": [
   >     "0xef7658894ef59964749fffd11c34ac6058f0adb2",
   >     "latest"
   >   ],
   >   "internal": true
   > }
[2021/05/12 02:48:48.703] -  <   {
 <     "id": 602,
 <     "jsonrpc": "2.0",
 <     "result": "0x56bc75e2d63100000"
 <   }
[2021/05/12 02:48:48.704] - eth_getBalance
[2021/05/12 02:48:48.704] -    > {
   >   "jsonrpc": "2.0",
   >   "id": 606,
   >   "method": "eth_getBalance",
   >   "params": [
   >     "0xaa464685d24e4c35b2ee65b477064177e58ec0a1",
   >     "latest"
   >   ],
   >   "internal": true
   > }
[2021/05/12 02:48:48.706] -  <   {
 <     "id": 603,
 <     "jsonrpc": "2.0",
 <     "result": "0x0"
 <   }
[2021/05/12 02:48:48.708] - eth_getTransactionCount
[2021/05/12 02:48:48.708] -    > {
   >   "jsonrpc": "2.0",
   >   "id": 607,
   >   "method": "eth_getTransactionCount",
   >   "params": [
   >     "0xaa464685d24e4c35b2ee65b477064177e58ec0a1",
   >     "latest"
   >   ],
   >   "internal": true
   > }
[2021/05/12 02:48:48.711] -  <   {
 <     "id": 604,
 <     "jsonrpc": "2.0",
 <     "result": "0x56bc75e2d63100000"
 <   }
[2021/05/12 02:48:48.712] - eth_getBalance
[2021/05/12 02:48:48.713] -    > {
   >   "jsonrpc": "2.0",
   >   "id": 608,
   >   "method": "eth_getBalance",
   >   "params": [
   >     "0x8e0100798ccf2e0fc062d5a44c7336bfcea954e5",
   >     "latest"
   >   ],
   >   "internal": true
   > }
[2021/05/12 02:48:48.717] -  <   {
 <     "id": 605,
 <     "jsonrpc": "2.0",
 <     "result": "0x0"
 <   }
[2021/05/12 02:48:48.729] -  <   {
 <     "id": 606,
 <     "jsonrpc": "2.0",
 <     "result": "0x56bc75e2d63100000"
 <   }
[2021/05/12 02:48:48.730] - eth_getTransactionCount
[2021/05/12 02:48:48.731] -    > {
   >   "jsonrpc": "2.0",
   >   "id": 609,
   >   "method": "eth_getTransactionCount",
   >   "params": [
   >     "0x8e0100798ccf2e0fc062d5a44c7336bfcea954e5",
   >     "latest"
   >   ],
   >   "internal": true
   > }
[2021/05/12 02:48:48.732] - eth_getBalance
[2021/05/12 02:48:48.733] -    > {
   >   "jsonrpc": "2.0",
   >   "id": 610,
   >   "method": "eth_getBalance",
   >   "params": [
   >     "0x922b80a2dd005edcc1797cb69eefeaafdbcc0f04",
   >     "latest"
   >   ],
   >   "internal": true
   > }
[2021/05/12 02:48:48.736] -  <   {
 <     "id": 607,
 <     "jsonrpc": "2.0",
 <     "result": "0x0"
 <   }
[2021/05/12 02:48:48.737] - eth_getTransactionCount
[2021/05/12 02:48:48.738] -    > {
   >   "jsonrpc": "2.0",
   >   "id": 611,
   >   "method": "eth_getTransactionCount",
   >   "params": [
   >     "0x922b80a2dd005edcc1797cb69eefeaafdbcc0f04",
   >     "latest"
   >   ],
   >   "internal": true
   > }
[2021/05/12 02:48:48.740] - eth_getBalance
[2021/05/12 02:48:48.741] -    > {
   >   "jsonrpc": "2.0",
   >   "id": 612,
   >   "method": "eth_getBalance",
   >   "params": [
   >     "0xb9200d6617cbd67f9c021f50427d838ba2c40ce4",
   >     "latest"
   >   ],
   >   "internal": true
   > }
[2021/05/12 02:48:48.744] -  <   {
 <     "id": 608,
 <     "jsonrpc": "2.0",
 <     "result": "0x56bc75e2d63100000"
 <   }
[2021/05/12 02:48:48.746] - eth_getTransactionCount
[2021/05/12 02:48:48.747] -    > {
   >   "jsonrpc": "2.0",
   >   "id": 613,
   >   "method": "eth_getTransactionCount",
   >   "params": [
   >     "0xb9200d6617cbd67f9c021f50427d838ba2c40ce4",
   >     "latest"
   >   ],
   >   "internal": true
   > }
[2021/05/12 02:48:48.751] -  <   {
 <     "id": 609,
 <     "jsonrpc": "2.0",
 <     "result": "0x0"
 <   }
[2021/05/12 02:48:48.753] - eth_getBalance
[2021/05/12 02:48:48.753] -    > {
   >   "jsonrpc": "2.0",
   >   "id": 614,
   >   "method": "eth_getBalance",
   >   "params": [
   >     "0x04cba1af534441075e48eb94b5646f96cdfe1dfb",
   >     "latest"
   >   ],
   >   "internal": true
   > }
[2021/05/12 02:48:48.754] - eth_getTransactionCount
[2021/05/12 02:48:48.755] -    > {
   >   "jsonrpc": "2.0",
   >   "id": 615,
   >   "method": "eth_getTransactionCount",
   >   "params": [
   >     "0x04cba1af534441075e48eb94b5646f96cdfe1dfb",
   >     "latest"
   >   ],
   >   "internal": true
   > }
[2021/05/12 02:48:48.757] -  <   {
 <     "id": 610,
 <     "jsonrpc": "2.0",
 <     "result": "0x56bc75e2d63100000"
 <   }
[2021/05/12 02:48:48.760] -  <   {
 <     "id": 611,
 <     "jsonrpc": "2.0",
 <     "result": "0x0"
 <   }
[2021/05/12 02:48:48.762] - eth_getBalance
[2021/05/12 02:48:48.763] -    > {
   >   "jsonrpc": "2.0",
   >   "id": 616,
   >   "method": "eth_getBalance",
   >   "params": [
   >     "0xec903a02252003853f4046a985933d9bf4bbfff8",
   >     "latest"
   >   ],
   >   "internal": true
   > }
[2021/05/12 02:48:48.766] -  <   {
 <     "id": 612,
 <     "jsonrpc": "2.0",
 <     "result": "0x56bc75e2d63100000"
 <   }
[2021/05/12 02:48:48.767] - eth_getTransactionCount
[2021/05/12 02:48:48.768] -    > {
   >   "jsonrpc": "2.0",
   >   "id": 617,
   >   "method": "eth_getTransactionCount",
   >   "params": [
   >     "0xec903a02252003853f4046a985933d9bf4bbfff8",
   >     "latest"
   >   ],
   >   "internal": true
   > }
[2021/05/12 02:48:48.771] -  <   {
 <     "id": 613,
 <     "jsonrpc": "2.0",
 <     "result": "0x0"
 <   }
[2021/05/12 02:48:48.772] - eth_getBalance
[2021/05/12 02:48:48.773] -    > {
   >   "jsonrpc": "2.0",
   >   "id": 618,
   >   "method": "eth_getBalance",
   >   "params": [
   >     "0x4c3da660c886c6612d511279c1e73bb813f4b830",
   >     "latest"
   >   ],
   >   "internal": true
   > }
[2021/05/12 02:48:48.777] -  <   {
 <     "id": 614,
 <     "jsonrpc": "2.0",
 <     "result": "0x56bc75e2d63100000"
 <   }
[2021/05/12 02:48:48.778] - eth_getTransactionCount
[2021/05/12 02:48:48.779] -    > {
   >   "jsonrpc": "2.0",
   >   "id": 619,
   >   "method": "eth_getTransactionCount",
   >   "params": [
   >     "0x4c3da660c886c6612d511279c1e73bb813f4b830",
   >     "latest"
   >   ],
   >   "internal": true
   > }
[2021/05/12 02:48:48.784] -  <   {
 <     "id": 615,
 <     "jsonrpc": "2.0",
 <     "result": "0x0"
 <   }
[2021/05/12 02:48:48.785] - eth_getBalance
[2021/05/12 02:48:48.785] -    > {
   >   "jsonrpc": "2.0",
   >   "id": 620,
   >   "method": "eth_getBalance",
   >   "params": [
   >     "0xe5df565e63693ff10981abd293f79c12f0e205c6",
   >     "latest"
   >   ],
   >   "internal": true
   > }
[2021/05/12 02:48:48.789] -  <   {
 <     "id": 616,
 <     "jsonrpc": "2.0",
 <     "result": "0x56bc75e2d63100000"
 <   }
[2021/05/12 02:48:48.791] - eth_getTransactionCount
[2021/05/12 02:48:48.792] -    > {
   >   "jsonrpc": "2.0",
   >   "id": 621,
   >   "method": "eth_getTransactionCount",
   >   "params": [
   >     "0xe5df565e63693ff10981abd293f79c12f0e205c6",
   >     "latest"
   >   ],
   >   "internal": true
   > }
[2021/05/12 02:48:48.800] -  <   {
 <     "id": 617,
 <     "jsonrpc": "2.0",
 <     "result": "0x0"
 <   }
[2021/05/12 02:48:48.801] - eth_getBalance
[2021/05/12 02:48:48.803] -    > {
   >   "jsonrpc": "2.0",
   >   "id": 622,
   >   "method": "eth_getBalance",
   >   "params": [
   >     "0xf2f0608e90e9837a4a0b0a27f000800b770efa0d",
   >     "latest"
   >   ],
   >   "internal": true
   > }
[2021/05/12 02:48:48.804] - eth_getTransactionCount
[2021/05/12 02:48:48.805] -    > {
   >   "jsonrpc": "2.0",
   >   "id": 623,
   >   "method": "eth_getTransactionCount",
   >   "params": [
   >     "0xf2f0608e90e9837a4a0b0a27f000800b770efa0d",
   >     "latest"
   >   ],
   >   "internal": true
   > }
[2021/05/12 02:48:48.807] -  <   {
 <     "id": 618,
 <     "jsonrpc": "2.0",
 <     "result": "0x56bc75e2d63100000"
 <   }
[2021/05/12 02:48:48.809] - eth_getBalance
[2021/05/12 02:48:48.810] -    > {
   >   "jsonrpc": "2.0",
   >   "id": 624,
   >   "method": "eth_getBalance",
   >   "params": [
   >     "0xef7658894ef59964749fffd11c34ac6058f0adb2",
   >     "latest"
   >   ],
   >   "internal": true
   > }
[2021/05/12 02:48:48.812] -  <   {
 <     "id": 619,
 <     "jsonrpc": "2.0",
 <     "result": "0x0"
 <   }
[2021/05/12 02:48:48.814] - eth_getTransactionCount
[2021/05/12 02:48:48.815] -    > {
   >   "jsonrpc": "2.0",
   >   "id": 625,
   >   "method": "eth_getTransactionCount",
   >   "params": [
   >     "0xef7658894ef59964749fffd11c34ac6058f0adb2",
   >     "latest"
   >   ],
   >   "internal": true
   > }
[2021/05/12 02:48:48.818] -  <   {
 <     "id": 620,
 <     "jsonrpc": "2.0",
 <     "result": "0x56bc75e2d63100000"
 <   }
[2021/05/12 02:48:48.819] - eth_getBalance
[2021/05/12 02:48:48.820] -    > {
   >   "jsonrpc": "2.0",
   >   "id": 626,
   >   "method": "eth_getBalance",
   >   "params": [
   >     "0xaa464685d24e4c35b2ee65b477064177e58ec0a1",
   >     "latest"
   >   ],
   >   "internal": true
   > }
[2021/05/12 02:48:48.824] -  <   {
 <     "id": 621,
 <     "jsonrpc": "2.0",
 <     "result": "0x0"
 <   }
[2021/05/12 02:48:48.825] - eth_getTransactionCount
[2021/05/12 02:48:48.826] -    > {
   >   "jsonrpc": "2.0",
   >   "id": 627,
   >   "method": "eth_getTransactionCount",
   >   "params": [
   >     "0xaa464685d24e4c35b2ee65b477064177e58ec0a1",
   >     "latest"
   >   ],
   >   "internal": true
   > }
[2021/05/12 02:48:48.831] -  <   {
 <     "id": 622,
 <     "jsonrpc": "2.0",
 <     "result": "0x56bc75e2d63100000"
 <   }
[2021/05/12 02:48:48.835] - eth_getBalance
[2021/05/12 02:48:48.836] -    > {
   >   "jsonrpc": "2.0",
   >   "id": 628,
   >   "method": "eth_getBalance",
   >   "params": [
   >     "0x8e0100798ccf2e0fc062d5a44c7336bfcea954e5",
   >     "latest"
   >   ],
   >   "internal": true
   > }
[2021/05/12 02:48:48.837] - eth_getTransactionCount
[2021/05/12 02:48:48.838] -    > {
   >   "jsonrpc": "2.0",
   >   "id": 629,
   >   "method": "eth_getTransactionCount",
   >   "params": [
   >     "0x8e0100798ccf2e0fc062d5a44c7336bfcea954e5",
   >     "latest"
   >   ],
   >   "internal": true
   > }
[2021/05/12 02:48:48.841] -  <   {
 <     "id": 623,
 <     "jsonrpc": "2.0",
 <     "result": "0x0"
 <   }
[2021/05/12 02:48:48.842] - eth_getBalance
[2021/05/12 02:48:48.843] -    > {
   >   "jsonrpc": "2.0",
   >   "id": 630,
   >   "method": "eth_getBalance",
   >   "params": [
   >     "0x922b80a2dd005edcc1797cb69eefeaafdbcc0f04",
   >     "latest"
   >   ],
   >   "internal": true
   > }
[2021/05/12 02:48:48.846] -  <   {
 <     "id": 624,
 <     "jsonrpc": "2.0",
 <     "result": "0x56bc75e2d63100000"
 <   }
[2021/05/12 02:48:48.848] - eth_getTransactionCount
[2021/05/12 02:48:48.849] -    > {
   >   "jsonrpc": "2.0",
   >   "id": 631,
   >   "method": "eth_getTransactionCount",
   >   "params": [
   >     "0x922b80a2dd005edcc1797cb69eefeaafdbcc0f04",
   >     "latest"
   >   ],
   >   "internal": true
   > }
[2021/05/12 02:48:48.854] -  <   {
 <     "id": 625,
 <     "jsonrpc": "2.0",
 <     "result": "0x0"
 <   }
[2021/05/12 02:48:48.866] -  <   {
 <     "id": 626,
 <     "jsonrpc": "2.0",
 <     "result": "0x56bc75e2d63100000"
 <   }
[2021/05/12 02:48:48.881] -  <   {
 <     "id": 627,
 <     "jsonrpc": "2.0",
 <     "result": "0x0"
 <   }
[2021/05/12 02:48:48.897] -  <   {
 <     "id": 628,
 <     "jsonrpc": "2.0",
 <     "result": "0x56bc75e2d63100000"
 <   }
[2021/05/12 02:48:48.899] -  <   {
 <     "id": 629,
 <     "jsonrpc": "2.0",
 <     "result": "0x0"
 <   }
[2021/05/12 02:48:48.912] -  <   {
 <     "id": 630,
 <     "jsonrpc": "2.0",
 <     "result": "0x56bc75e2d63100000"
 <   }
[2021/05/12 02:48:48.927] -  <   {
 <     "id": 631,
 <     "jsonrpc": "2.0",
 <     "result": "0x0"
 <   }
[2021/05/12 02:48:48.939] - eth_getBalance
[2021/05/12 02:48:48.940] -    > {
   >   "jsonrpc": "2.0",
   >   "id": 634,
   >   "method": "eth_getBalance",
   >   "params": [
   >     "0x04cba1af534441075e48eb94b5646f96cdfe1dfb",
   >     "latest"
   >   ],
   >   "internal": true
   > }
[2021/05/12 02:48:48.946] -  <   {
 <     "id": 634,
 <     "jsonrpc": "2.0",
 <     "result": "0x56bc75e2d63100000"
 <   }
[2021/05/12 02:48:48.947] - eth_getTransactionCount
[2021/05/12 02:48:48.948] -    > {
   >   "jsonrpc": "2.0",
   >   "id": 635,
   >   "method": "eth_getTransactionCount",
   >   "params": [
   >     "0x04cba1af534441075e48eb94b5646f96cdfe1dfb",
   >     "latest"
   >   ],
   >   "internal": true
   > }
[2021/05/12 02:48:48.953] -  <   {
 <     "id": 635,
 <     "jsonrpc": "2.0",
 <     "result": "0x0"
 <   }
[2021/05/12 02:48:48.960] - eth_getBalance
[2021/05/12 02:48:48.962] -    > {
   >   "jsonrpc": "2.0",
   >   "id": 636,
   >   "method": "eth_getBalance",
   >   "params": [
   >     "0xec903a02252003853f4046a985933d9bf4bbfff8",
   >     "latest"
   >   ],
   >   "internal": true
   > }
[2021/05/12 02:48:48.963] - eth_getTransactionCount
[2021/05/12 02:48:48.964] -    > {
   >   "jsonrpc": "2.0",
   >   "id": 637,
   >   "method": "eth_getTransactionCount",
   >   "params": [
   >     "0xec903a02252003853f4046a985933d9bf4bbfff8",
   >     "latest"
   >   ],
   >   "internal": true
   > }
[2021/05/12 02:48:48.965] - eth_getBalance
[2021/05/12 02:48:48.966] -    > {
   >   "jsonrpc": "2.0",
   >   "id": 638,
   >   "method": "eth_getBalance",
   >   "params": [
   >     "0x4c3da660c886c6612d511279c1e73bb813f4b830",
   >     "latest"
   >   ],
   >   "internal": true
   > }
[2021/05/12 02:48:48.969] -  <   {
 <     "id": 636,
 <     "jsonrpc": "2.0",
 <     "result": "0x56bc75e2d63100000"
 <   }
[2021/05/12 02:48:48.972] - eth_getTransactionCount
[2021/05/12 02:48:48.973] -    > {
   >   "jsonrpc": "2.0",
   >   "id": 639,
   >   "method": "eth_getTransactionCount",
   >   "params": [
   >     "0x4c3da660c886c6612d511279c1e73bb813f4b830",
   >     "latest"
   >   ],
   >   "internal": true
   > }
[2021/05/12 02:48:48.976] -  <   {
 <     "id": 637,
 <     "jsonrpc": "2.0",
 <     "result": "0x0"
 <   }
[2021/05/12 02:48:48.977] - eth_getBalance
[2021/05/12 02:48:48.978] -    > {
   >   "jsonrpc": "2.0",
   >   "id": 640,
   >   "method": "eth_getBalance",
   >   "params": [
   >     "0xe5df565e63693ff10981abd293f79c12f0e205c6",
   >     "latest"
   >   ],
   >   "internal": true
   > }
[2021/05/12 02:48:48.981] -  <   {
 <     "id": 638,
 <     "jsonrpc": "2.0",
 <     "result": "0x56bc75e2d63100000"
 <   }
[2021/05/12 02:48:48.982] - eth_getTransactionCount
[2021/05/12 02:48:48.983] -    > {
   >   "jsonrpc": "2.0",
   >   "id": 641,
   >   "method": "eth_getTransactionCount",
   >   "params": [
   >     "0xe5df565e63693ff10981abd293f79c12f0e205c6",
   >     "latest"
   >   ],
   >   "internal": true
   > }
[2021/05/12 02:48:48.986] -  <   {
 <     "id": 639,
 <     "jsonrpc": "2.0",
 <     "result": "0x0"
 <   }
[2021/05/12 02:48:48.987] - eth_getBalance
[2021/05/12 02:48:48.988] -    > {
   >   "jsonrpc": "2.0",
   >   "id": 642,
   >   "method": "eth_getBalance",
   >   "params": [
   >     "0xf2f0608e90e9837a4a0b0a27f000800b770efa0d",
   >     "latest"
   >   ],
   >   "internal": true
   > }
[2021/05/12 02:48:48.991] -  <   {
 <     "id": 640,
 <     "jsonrpc": "2.0",
 <     "result": "0x56bc75e2d63100000"
 <   }
[2021/05/12 02:48:48.992] - eth_getTransactionCount
[2021/05/12 02:48:48.994] -    > {
   >   "jsonrpc": "2.0",
   >   "id": 643,
   >   "method": "eth_getTransactionCount",
   >   "params": [
   >     "0xf2f0608e90e9837a4a0b0a27f000800b770efa0d",
   >     "latest"
   >   ],
   >   "internal": true
   > }
[2021/05/12 02:48:48.996] -  <   {
 <     "id": 641,
 <     "jsonrpc": "2.0",
 <     "result": "0x0"
 <   }
[2021/05/12 02:48:48.998] - eth_getBalance
[2021/05/12 02:48:48.999] -    > {
   >   "jsonrpc": "2.0",
   >   "id": 644,
   >   "method": "eth_getBalance",
   >   "params": [
   >     "0xef7658894ef59964749fffd11c34ac6058f0adb2",
   >     "latest"
   >   ],
   >   "internal": true
   > }
[2021/05/12 02:48:49.002] -  <   {
 <     "id": 642,
 <     "jsonrpc": "2.0",
 <     "result": "0x56bc75e2d63100000"
 <   }
[2021/05/12 02:48:49.004] -  <   {
 <     "id": 643,
 <     "jsonrpc": "2.0",
 <     "result": "0x0"
 <   }
[2021/05/12 02:48:49.006] - eth_getTransactionCount
[2021/05/12 02:48:49.007] -    > {
   >   "jsonrpc": "2.0",
   >   "id": 645,
   >   "method": "eth_getTransactionCount",
   >   "params": [
   >     "0xef7658894ef59964749fffd11c34ac6058f0adb2",
   >     "latest"
   >   ],
   >   "internal": true
   > }
[2021/05/12 02:48:49.008] - eth_getBalance
[2021/05/12 02:48:49.009] -    > {
   >   "jsonrpc": "2.0",
   >   "id": 646,
   >   "method": "eth_getBalance",
   >   "params": [
   >     "0xaa464685d24e4c35b2ee65b477064177e58ec0a1",
   >     "latest"
   >   ],
   >   "internal": true
   > }
[2021/05/12 02:48:49.012] -  <   {
 <     "id": 644,
 <     "jsonrpc": "2.0",
 <     "result": "0x56bc75e2d63100000"
 <   }
[2021/05/12 02:48:49.014] - eth_getTransactionCount
[2021/05/12 02:48:49.015] -    > {
   >   "jsonrpc": "2.0",
   >   "id": 647,
   >   "method": "eth_getTransactionCount",
   >   "params": [
   >     "0xaa464685d24e4c35b2ee65b477064177e58ec0a1",
   >     "latest"
   >   ],
   >   "internal": true
   > }
[2021/05/12 02:48:49.019] -  <   {
 <     "id": 645,
 <     "jsonrpc": "2.0",
 <     "result": "0x0"
 <   }
[2021/05/12 02:48:49.021] - eth_getBalance
[2021/05/12 02:48:49.022] -    > {
   >   "jsonrpc": "2.0",
   >   "id": 648,
   >   "method": "eth_getBalance",
   >   "params": [
   >     "0x8e0100798ccf2e0fc062d5a44c7336bfcea954e5",
   >     "latest"
   >   ],
   >   "internal": true
   > }
[2021/05/12 02:48:49.024] -  <   {
 <     "id": 646,
 <     "jsonrpc": "2.0",
 <     "result": "0x56bc75e2d63100000"
 <   }
[2021/05/12 02:48:49.026] - eth_getTransactionCount
[2021/05/12 02:48:49.027] -    > {
   >   "jsonrpc": "2.0",
   >   "id": 649,
   >   "method": "eth_getTransactionCount",
   >   "params": [
   >     "0x8e0100798ccf2e0fc062d5a44c7336bfcea954e5",
   >     "latest"
   >   ],
   >   "internal": true
   > }
[2021/05/12 02:48:49.029] -  <   {
 <     "id": 647,
 <     "jsonrpc": "2.0",
 <     "result": "0x0"
 <   }
[2021/05/12 02:48:49.030] - eth_getBalance
[2021/05/12 02:48:49.031] -    > {
   >   "jsonrpc": "2.0",
   >   "id": 650,
   >   "method": "eth_getBalance",
   >   "params": [
   >     "0x922b80a2dd005edcc1797cb69eefeaafdbcc0f04",
   >     "latest"
   >   ],
   >   "internal": true
   > }
[2021/05/12 02:48:49.033] -  <   {
 <     "id": 648,
 <     "jsonrpc": "2.0",
 <     "result": "0x56bc75e2d63100000"
 <   }
[2021/05/12 02:48:49.037] -  <   {
 <     "id": 649,
 <     "jsonrpc": "2.0",
 <     "result": "0x0"
 <   }
[2021/05/12 02:48:49.038] - eth_getTransactionCount
[2021/05/12 02:48:49.039] -    > {
   >   "jsonrpc": "2.0",
   >   "id": 651,
   >   "method": "eth_getTransactionCount",
   >   "params": [
   >     "0x922b80a2dd005edcc1797cb69eefeaafdbcc0f04",
   >     "latest"
   >   ],
   >   "internal": true
   > }
[2021/05/12 02:48:49.053] -  <   {
 <     "id": 650,
 <     "jsonrpc": "2.0",
 <     "result": "0x56bc75e2d63100000"
 <   }
[2021/05/12 02:48:49.068] -  <   {
 <     "id": 651,
 <     "jsonrpc": "2.0",
 <     "result": "0x0"
 <   }
[2021/05/12 02:48:56.902] - eth_blockNumber
[2021/05/12 02:48:56.904] -    > {
   >   "id": 1,
   >   "jsonrpc": "2.0",
   >   "method": "eth_blockNumber",
   >   "params": []
   > }
[2021/05/12 02:48:56.913] -  <   {
 <     "id": 1,
 <     "jsonrpc": "2.0",
 <     "result": "0x0"
 <   }
[2021/05/12 02:49:11.275] - eth_getBlockByNumber
[2021/05/12 02:49:11.276] -    > {
   >   "jsonrpc": "2.0",
   >   "id": 652,
   >   "method": "eth_getBlockByNumber",
   >   "params": [
   >     "0x0",
   >     false
   >   ],
   >   "internal": true
   > }
[2021/05/12 02:49:11.289] -  <   {
 <     "id": 652,
 <     "jsonrpc": "2.0",
 <     "result": {
 <       "number": "0x0",
 <       "hash": "0xd086d15525727f142f50663740be0ea39f7e404aee6881a682c5c515aef23f5e",
 <       "parentHash": "0x0000000000000000000000000000000000000000000000000000000000000000",
 <       "mixHash": "0x0000000000000000000000000000000000000000000000000000000000000000",
 <       "nonce": "0x0000000000000000",
 <       "sha3Uncles": "0x1dcc4de8dec75d7aab85b567b6ccd41ad312451b948a7413f0a142fd40d49347",
 <       "logsBloom": "0x00000000000000000000000000000000000000000000000000000000000000000000000000000000000000000000000000000000000000000000000000000000000000000000000000000000000000000000000000000000000000000000000000000000000000000000000000000000000000000000000000000000000000000000000000000000000000000000000000000000000000000000000000000000000000000000000000000000000000000000000000000000000000000000000000000000000000000000000000000000000000000000000000000000000000000000000000000000000000000000000000000000000000000000000000000000",
 <       "transactionsRoot": "0x56e81f171bcc55a6ff8345e692c0f86e5b48e01b996cadc001622fb5e363b421",
 <       "stateRoot": "0x80b028931c8965d9166eff7bde634d73da93afffd65cff8faba50f693fe2a019",
 <       "receiptsRoot": "0x56e81f171bcc55a6ff8345e692c0f86e5b48e01b996cadc001622fb5e363b421",
 <       "miner": "0x0000000000000000000000000000000000000000",
 <       "difficulty": "0x0",
 <       "totalDifficulty": "0x0",
 <       "extraData": "0x",
 <       "size": "0x3e8",
 <       "gasLimit": "0x6691b7",
 <       "gasUsed": "0x0",
 <       "timestamp": "0x609b25ef",
 <       "transactions": [],
 <       "uncles": []
 <     }
 <   }
[2021/05/12 02:49:11.305] - eth_getBlockTransactionCountByHash
[2021/05/12 02:49:11.306] -    > {
   >   "jsonrpc": "2.0",
   >   "id": 653,
   >   "method": "eth_getBlockTransactionCountByHash",
   >   "params": [
   >     "0xd086d15525727f142f50663740be0ea39f7e404aee6881a682c5c515aef23f5e"
   >   ],
   >   "internal": true
   > }
[2021/05/12 02:49:11.320] -  <   {
 <     "id": 653,
 <     "jsonrpc": "2.0",
 <     "result": "0x0"
 <   }
[2021/05/12 02:49:16.932] - eth_blockNumber
[2021/05/12 02:49:16.933] -    > {
   >   "id": 1,
   >   "jsonrpc": "2.0",
   >   "method": "eth_blockNumber",
   >   "params": []
   > }
[2021/05/12 02:49:16.940] -  <   {
 <     "id": 1,
 <     "jsonrpc": "2.0",
 <     "result": "0x0"
 <   }
[2021/05/12 02:49:18.221] - eth_getBlockByNumber
[2021/05/12 02:49:18.222] -    > {
   >   "jsonrpc": "2.0",
   >   "id": 654,
   >   "method": "eth_getBlockByNumber",
   >   "params": [
   >     "0x0",
   >     true
   >   ],
   >   "internal": true
   > }
[2021/05/12 02:49:18.232] -  <   {
 <     "id": 654,
 <     "jsonrpc": "2.0",
 <     "result": {
 <       "number": "0x0",
 <       "hash": "0xd086d15525727f142f50663740be0ea39f7e404aee6881a682c5c515aef23f5e",
 <       "parentHash": "0x0000000000000000000000000000000000000000000000000000000000000000",
 <       "mixHash": "0x0000000000000000000000000000000000000000000000000000000000000000",
 <       "nonce": "0x0000000000000000",
 <       "sha3Uncles": "0x1dcc4de8dec75d7aab85b567b6ccd41ad312451b948a7413f0a142fd40d49347",
 <       "logsBloom": "0x00000000000000000000000000000000000000000000000000000000000000000000000000000000000000000000000000000000000000000000000000000000000000000000000000000000000000000000000000000000000000000000000000000000000000000000000000000000000000000000000000000000000000000000000000000000000000000000000000000000000000000000000000000000000000000000000000000000000000000000000000000000000000000000000000000000000000000000000000000000000000000000000000000000000000000000000000000000000000000000000000000000000000000000000000000000",
 <       "transactionsRoot": "0x56e81f171bcc55a6ff8345e692c0f86e5b48e01b996cadc001622fb5e363b421",
 <       "stateRoot": "0x80b028931c8965d9166eff7bde634d73da93afffd65cff8faba50f693fe2a019",
 <       "receiptsRoot": "0x56e81f171bcc55a6ff8345e692c0f86e5b48e01b996cadc001622fb5e363b421",
 <       "miner": "0x0000000000000000000000000000000000000000",
 <       "difficulty": "0x0",
 <       "totalDifficulty": "0x0",
 <       "extraData": "0x",
 <       "size": "0x3e8",
 <       "gasLimit": "0x6691b7",
 <       "gasUsed": "0x0",
 <       "timestamp": "0x609b25ef",
 <       "transactions": [],
 <       "uncles": []
 <     }
 <   }
[2021/05/12 02:49:36.966] - eth_blockNumber
[2021/05/12 02:49:36.967] -    > {
   >   "id": 1,
   >   "jsonrpc": "2.0",
   >   "method": "eth_blockNumber",
   >   "params": []
   > }
[2021/05/12 02:49:36.977] -  <   {
 <     "id": 1,
 <     "jsonrpc": "2.0",
 <     "result": "0x0"
 <   }
[2021/05/12 02:49:56.990] - eth_blockNumber
[2021/05/12 02:49:56.991] -    > {
   >   "id": 1,
   >   "jsonrpc": "2.0",
   >   "method": "eth_blockNumber",
   >   "params": []
   > }
[2021/05/12 02:49:57.000] -  <   {
 <     "id": 1,
 <     "jsonrpc": "2.0",
 <     "result": "0x0"
 <   }
[2021/05/12 02:50:17.013] - eth_blockNumber
[2021/05/12 02:50:17.015] -    > {
   >   "id": 1,
   >   "jsonrpc": "2.0",
   >   "method": "eth_blockNumber",
   >   "params": []
   > }
[2021/05/12 02:50:17.023] -  <   {
 <     "id": 1,
 <     "jsonrpc": "2.0",
 <     "result": "0x0"
 <   }
[2021/05/12 02:50:37.033] - eth_blockNumber
[2021/05/12 02:50:37.034] -    > {
   >   "id": 1,
   >   "jsonrpc": "2.0",
   >   "method": "eth_blockNumber",
   >   "params": []
   > }
[2021/05/12 02:50:37.043] -  <   {
 <     "id": 1,
 <     "jsonrpc": "2.0",
 <     "result": "0x0"
 <   }
[2021/05/12 02:50:41.494] - eth_unsubscribe
[2021/05/12 02:50:41.496] -    > {
   >   "jsonrpc": "2.0",
   >   "id": 55,
   >   "method": "eth_unsubscribe",
   >   "params": [
   >     "0x3"
   >   ]
   > }
[2021/05/12 02:50:41.497] - eth_unsubscribe
[2021/05/12 02:50:41.498] -    > {
   >   "jsonrpc": "2.0",
   >   "id": 56,
   >   "method": "eth_unsubscribe",
   >   "params": [
   >     "0x4"
   >   ]
   > }
[2021/05/12 02:50:41.501] -  <   {
 <     "id": 55,
 <     "jsonrpc": "2.0",
 <     "result": true
 <   }
[2021/05/12 02:50:41.504] -    > {
   >   "jsonrpc": "2.0",
   >   "method": "eth_unsubscribe",
   >   "params": [
   >     "0x5"
   >   ],
   >   "id": 1620780641503
   > }
[2021/05/12 02:50:41.505] -    > {
   >   "jsonrpc": "2.0",
   >   "method": "eth_unsubscribe",
   >   "params": [
   >     "0x4"
   >   ],
   >   "id": 1620780641505
   > }
[2021/05/12 02:50:41.510] -    > {
   >   "jsonrpc": "2.0",
   >   "method": "eth_unsubscribe",
   >   "params": [
   >     "0x6"
   >   ],
   >   "id": 1620780641506
   > }
[2021/05/12 02:50:41.511] -    > {
   >   "jsonrpc": "2.0",
   >   "method": "eth_unsubscribe",
   >   "params": [
   >     "0x1"
   >   ],
   >   "id": 1620780641511
   > }
[2021/05/12 02:50:41.513] -    > {
   >   "jsonrpc": "2.0",
   >   "method": "eth_unsubscribe",
   >   "params": [
   >     "0x2"
   >   ],
   >   "id": 1620780641513
   > }
[2021/05/12 02:50:41.514] -  <   {
 <     "id": 56,
 <     "jsonrpc": "2.0",
 <     "result": true
 <   }
[2021/05/12 02:50:41.533] -  <   {
 <     "id": 1620780641503,
 <     "jsonrpc": "2.0",
 <     "result": true
 <   }
[2021/05/12 02:50:41.546] -  <   {
 <     "id": 1620780641505,
 <     "jsonrpc": "2.0",
 <     "error": {
 <       "message": "Subscription ID 0x4 not found.",
 <       "code": -32000,
 <       "data": {
 <         "stack": "Error: Subscription ID 0x4 not found.\n    at SubscriptionSubprovider.eth_unsubscribe (C:\\Program Files\\WindowsApps\\GanacheUI_2.5.4.0_x64__5dg5pnz03psnj\\app\\resources\\static\\node\\node_modules\\ganache-core\\node_modules\\web3-provider-engine\\subproviders\\subscriptions.js:78:8)\n    at SubscriptionSubprovider.handleRequest (C:\\Program Files\\WindowsApps\\GanacheUI_2.5.4.0_x64__5dg5pnz03psnj\\app\\resources\\static\\node\\node_modules\\ganache-core\\node_modules\\web3-provider-engine\\subproviders\\subscriptions.js:134:12)\n    at next (C:\\Program Files\\WindowsApps\\GanacheUI_2.5.4.0_x64__5dg5pnz03psnj\\app\\resources\\static\\node\\node_modules\\ganache-core\\node_modules\\web3-provider-engine\\index.js:136:18)\n    at DelayedBlockFilter.handleRequest (C:\\Program Files\\WindowsApps\\GanacheUI_2.5.4.0_x64__5dg5pnz03psnj\\app\\resources\\static\\node\\node_modules\\ganache-core\\lib\\subproviders\\delayedblockfilter.js:31:3)\n    at next (C:\\Program Files\\WindowsApps\\GanacheUI_2.5.4.0_x64__5dg5pnz03psnj\\app\\resources\\static\\node\\node_modules\\ganache-core\\node_modules\\web3-provider-engine\\index.js:136:18)\n    at RequestFunnel.handleRequest (C:\\Program Files\\WindowsApps\\GanacheUI_2.5.4.0_x64__5dg5pnz03psnj\\app\\resources\\static\\node\\node_modules\\ganache-core\\lib\\subproviders\\requestfunnel.js:32:12)\n    at next (C:\\Program Files\\WindowsApps\\GanacheUI_2.5.4.0_x64__5dg5pnz03psnj\\app\\resources\\static\\node\\node_modules\\ganache-core\\node_modules\\web3-provider-engine\\index.js:136:18)\n    at Web3ProviderEngine._handleAsync (C:\\Program Files\\WindowsApps\\GanacheUI_2.5.4.0_x64__5dg5pnz03psnj\\app\\resources\\static\\node\\node_modules\\ganache-core\\node_modules\\web3-provider-engine\\index.js:123:3)\n    at Timeout._onTimeout (C:\\Program Files\\WindowsApps\\GanacheUI_2.5.4.0_x64__5dg5pnz03psnj\\app\\resources\\static\\node\\node_modules\\ganache-core\\node_modules\\web3-provider-engine\\index.js:107:12)\n    at listOnTimeout (internal/timers.js:531:17)\n    at processTimers (internal/timers.js:475:7)",
 <         "name": "Error"
 <       }
 <     }
 <   }
[2021/05/12 02:50:41.561] -  <   {
 <     "id": 1620780641506,
 <     "jsonrpc": "2.0",
 <     "result": true
 <   }
[2021/05/12 02:50:41.577] -  <   {
 <     "id": 1620780641511,
 <     "jsonrpc": "2.0",
 <     "result": true
 <   }
[2021/05/12 02:50:41.593] -  <   {
 <     "id": 1620780641513,
 <     "jsonrpc": "2.0",
 <     "result": true
 <   }
